0100:  00        NOP                 A:01 B:00 C:13 D:00 E:d8 F:90 H:01 L:4d LY:91 SP:fffe  Cy:23440332
0101:  C3 37 06  JP   #0637h         A:01 B:00 C:13 D:00 E:d8 F:90 H:01 L:4d LY:91 SP:fffe  Cy:23440336
0637:  C3 30 04  JP   #0430h         A:01 B:00 C:13 D:00 E:d8 F:90 H:01 L:4d LY:91 SP:fffe  Cy:23440352
0430:  F3        DI                  A:01 B:00 C:13 D:00 E:d8 F:90 H:01 L:4d LY:01 SP:fffe  Cy:23440368
0431:  31 FF DF  LD   SP,#DFFFh      A:01 B:00 C:13 D:00 E:d8 F:90 H:01 L:4d LY:01 SP:fffe  Cy:23440372
0434:  EA 00 D6  LD   (#D600h),A     A:01 B:00 C:13 D:00 E:d8 F:90 H:01 L:4d LY:01 SP:dfff  Cy:23440384
0437:  3E 00     LD   A,#00h         A:01 B:00 C:13 D:00 E:d8 F:90 H:01 L:4d LY:02 SP:dfff  Cy:23440400
0439:  E0 07     LDH  (#07h),A       A:00 B:00 C:13 D:00 E:d8 F:90 H:01 L:4d LY:02 SP:dfff  Cy:23440408
043B:  3E 00     LD   A,#00h         A:00 B:00 C:13 D:00 E:d8 F:90 H:01 L:4d LY:02 SP:dfff  Cy:23440420
043D:  E0 0F     LDH  (#0Fh),A       A:00 B:00 C:13 D:00 E:d8 F:90 H:01 L:4d LY:03 SP:dfff  Cy:23440428
043F:  3E 00     LD   A,#00h         A:00 B:00 C:13 D:00 E:d8 F:90 H:01 L:4d LY:03 SP:dfff  Cy:23440440
0441:  E0 FF     LDH  (#FFh),A       A:00 B:00 C:13 D:00 E:d8 F:90 H:01 L:4d LY:03 SP:dfff  Cy:23440448
0443:  3E 00     LD   A,#00h         A:00 B:00 C:13 D:00 E:d8 F:90 H:01 L:4d LY:04 SP:dfff  Cy:23440460
0445:  E0 26     LDH  (#26h),A       A:00 B:00 C:13 D:00 E:d8 F:90 H:01 L:4d LY:04 SP:dfff  Cy:23440468
0447:  3E 80     LD   A,#80h         A:00 B:00 C:13 D:00 E:d8 F:90 H:01 L:4d LY:04 SP:dfff  Cy:23440480
0449:  E0 26     LDH  (#26h),A       A:80 B:00 C:13 D:00 E:d8 F:90 H:01 L:4d LY:05 SP:dfff  Cy:23440488
044B:  3E FF     LD   A,#FFh         A:80 B:00 C:13 D:00 E:d8 F:90 H:01 L:4d LY:05 SP:dfff  Cy:23440500
044D:  E0 25     LDH  (#25h),A       A:ff B:00 C:13 D:00 E:d8 F:90 H:01 L:4d LY:05 SP:dfff  Cy:23440508
044F:  3E 77     LD   A,#77h         A:ff B:00 C:13 D:00 E:d8 F:90 H:01 L:4d LY:06 SP:dfff  Cy:23440520
0451:  E0 24     LDH  (#24h),A       A:77 B:00 C:13 D:00 E:d8 F:90 H:01 L:4d LY:06 SP:dfff  Cy:23440528
0453:  21 8F 0B  LD   HL,#0B8Fh      A:77 B:00 C:13 D:00 E:d8 F:90 H:01 L:4d LY:06 SP:dfff  Cy:23440540
0456:  CD A3 02  CALL #02A3h         A:77 B:00 C:13 D:00 E:d8 F:90 H:0b L:8f LY:07 SP:dfff  Cy:23440552
02A3:  7D        LD   A,L            A:77 B:00 C:13 D:00 E:d8 F:90 H:0b L:8f LY:07 SP:dffd  Cy:23440576
02A4:  EA 02 D6  LD   (#D602h),A     A:8f B:00 C:13 D:00 E:d8 F:90 H:0b L:8f LY:07 SP:dffd  Cy:23440580
02A7:  7C        LD   A,H            A:8f B:00 C:13 D:00 E:d8 F:90 H:0b L:8f LY:08 SP:dffd  Cy:23440596
02A8:  EA 03 D6  LD   (#D603h),A     A:0b B:00 C:13 D:00 E:d8 F:90 H:0b L:8f LY:08 SP:dffd  Cy:23440600
02AB:  18 04     JR   #04h           A:0b B:00 C:13 D:00 E:d8 F:90 H:0b L:8f LY:08 SP:dffd  Cy:23440616
02B1:  3E C3     LD   A,#C3h         A:0b B:00 C:13 D:00 E:d8 F:90 H:0b L:8f LY:09 SP:dffd  Cy:23440628
02B3:  EA 01 D6  LD   (#D601h),A     A:c3 B:00 C:13 D:00 E:d8 F:90 H:0b L:8f LY:09 SP:dffd  Cy:23440636
02B6:  C9        RET                 A:c3 B:00 C:13 D:00 E:d8 F:90 H:0b L:8f LY:09 SP:dffd  Cy:23440652
0459:  CD 8E 03  CALL #038Eh         A:c3 B:00 C:13 D:00 E:d8 F:90 H:0b L:8f LY:0a SP:dfff  Cy:23440668
038E:  E5        PUSH HL             A:c3 B:00 C:13 D:00 E:d8 F:90 H:0b L:8f LY:0a SP:dffd  Cy:23440692
038F:  CD 7B 03  CALL #037Bh         A:c3 B:00 C:13 D:00 E:d8 F:90 H:0b L:8f LY:0a SP:dffb  Cy:23440708
037B:  E1        POP  HL             A:c3 B:00 C:13 D:00 E:d8 F:90 H:0b L:8f LY:0b SP:dff9  Cy:23440732
037C:  E5        PUSH HL             A:c3 B:00 C:13 D:00 E:d8 F:90 H:03 L:92 LY:0b SP:dffb  Cy:23440744
037D:  F5        PUSH AF             A:c3 B:00 C:13 D:00 E:d8 F:90 H:03 L:92 LY:0b SP:dff9  Cy:23440760
037E:  23        INC  HL             A:c3 B:00 C:13 D:00 E:d8 F:90 H:03 L:92 LY:0c SP:dff7  Cy:23440776
037F:  23        INC  HL             A:c3 B:00 C:13 D:00 E:d8 F:90 H:03 L:93 LY:0c SP:dff7  Cy:23440784
0380:  2A        LD   A,(HL+)        A:c3 B:00 C:13 D:00 E:d8 F:90 H:03 L:94 LY:0c SP:dff7  Cy:23440792
0381:  EA 04 D6  LD   (#D604h),A     A:ff B:00 C:13 D:00 E:d8 F:90 H:03 L:95 LY:0d SP:dff7  Cy:23440800
0384:  7D        LD   A,L            A:ff B:00 C:13 D:00 E:d8 F:90 H:03 L:95 LY:0d SP:dff7  Cy:23440816
0385:  EA 05 D6  LD   (#D605h),A     A:95 B:00 C:13 D:00 E:d8 F:90 H:03 L:95 LY:0d SP:dff7  Cy:23440820
0388:  7C        LD   A,H            A:95 B:00 C:13 D:00 E:d8 F:90 H:03 L:95 LY:0e SP:dff7  Cy:23440836
0389:  EA 06 D6  LD   (#D606h),A     A:03 B:00 C:13 D:00 E:d8 F:90 H:03 L:95 LY:0e SP:dff7  Cy:23440840
038C:  F1        POP  AF             A:03 B:00 C:13 D:00 E:d8 F:90 H:03 L:95 LY:0e SP:dff7  Cy:23440856
038D:  C9        RET                 A:c3 B:00 C:13 D:00 E:d8 F:90 H:03 L:95 LY:0f SP:dff9  Cy:23440868
0392:  18 02     JR   #02h           A:c3 B:00 C:13 D:00 E:d8 F:90 H:03 L:95 LY:0f SP:dffb  Cy:23440884
0396:  E1        POP  HL             A:c3 B:00 C:13 D:00 E:d8 F:90 H:03 L:95 LY:0f SP:dffb  Cy:23440896
0397:  CD 5D 02  CALL #025Dh         A:c3 B:00 C:13 D:00 E:d8 F:90 H:0b L:8f LY:10 SP:dffd  Cy:23440908
025D:  18 00     JR   #00h           A:c3 B:00 C:13 D:00 E:d8 F:90 H:0b L:8f LY:10 SP:dffb  Cy:23440932
025F:  3E FF     LD   A,#FFh         A:c3 B:00 C:13 D:00 E:d8 F:90 H:0b L:8f LY:10 SP:dffb  Cy:23440944
0261:  E0 C0     LDH  (#C0h),A       A:ff B:00 C:13 D:00 E:d8 F:90 H:0b L:8f LY:11 SP:dffb  Cy:23440952
0263:  E0 C1     LDH  (#C1h),A       A:ff B:00 C:13 D:00 E:d8 F:90 H:0b L:8f LY:11 SP:dffb  Cy:23440964
0265:  E0 C2     LDH  (#C2h),A       A:ff B:00 C:13 D:00 E:d8 F:90 H:0b L:8f LY:11 SP:dffb  Cy:23440976
0267:  E0 C3     LDH  (#C3h),A       A:ff B:00 C:13 D:00 E:d8 F:90 H:0b L:8f LY:12 SP:dffb  Cy:23440988
0269:  C9        RET                 A:ff B:00 C:13 D:00 E:d8 F:90 H:0b L:8f LY:12 SP:dffb  Cy:23441000
039A:  C9        RET                 A:ff B:00 C:13 D:00 E:d8 F:90 H:0b L:8f LY:12 SP:dffd  Cy:23441016
045C:  CD 79 0B  CALL #0B79h         A:ff B:00 C:13 D:00 E:d8 F:90 H:0b L:8f LY:13 SP:dfff  Cy:23441032
0B79:  CD 4B 07  CALL #074Bh         A:ff B:00 C:13 D:00 E:d8 F:90 H:0b L:8f LY:13 SP:dffd  Cy:23441056
074B:  CD EE 07  CALL #07EEh         A:ff B:00 C:13 D:00 E:d8 F:90 H:0b L:8f LY:13 SP:dffb  Cy:23441080
07EE:  F5        PUSH AF             A:ff B:00 C:13 D:00 E:d8 F:90 H:0b L:8f LY:14 SP:dff9  Cy:23441104
07EF:  CD 3A 07  CALL #073Ah         A:ff B:00 C:13 D:00 E:d8 F:90 H:0b L:8f LY:14 SP:dff7  Cy:23441120
073A:  C5        PUSH BC             A:ff B:00 C:13 D:00 E:d8 F:90 H:0b L:8f LY:14 SP:dff5  Cy:23441144
073B:  01 1E FB  LD   BC,#FB1Eh      A:ff B:00 C:13 D:00 E:d8 F:90 H:0b L:8f LY:15 SP:dff3  Cy:23441160
073E:  03        INC  BC             A:ff B:fb C:1e D:00 E:d8 F:90 H:0b L:8f LY:15 SP:dff3  Cy:23441172
073F:  78        LD   A,B            A:ff B:fb C:1f D:00 E:d8 F:90 H:0b L:8f LY:15 SP:dff3  Cy:23441180
0740:  B1        OR   C              A:fb B:fb C:1f D:00 E:d8 F:90 H:0b L:8f LY:16 SP:dff3  Cy:23441184
0741:  28 06     JR   Z,#06h         A:ff B:fb C:1f D:00 E:d8 F:00 H:0b L:8f LY:16 SP:dff3  Cy:23441188
0743:  F0 44     LDH  A,(#44h)       A:ff B:fb C:1f D:00 E:d8 F:00 H:0b L:8f LY:16 SP:dff3  Cy:23441200
0745:  FE 90     CP   #90h           A:ff B:fb C:1f D:00 E:d8 F:00 H:0b L:8f LY:17 SP:dff3  Cy:23441212
0747:  20 F5     JR   NZ,#FFFFFFF5h  A:ff B:fb C:1f D:00 E:d8 F:40 H:0b L:8f LY:17 SP:dff3  Cy:23441220
073E:  03        INC  BC             A:ff B:fb C:1f D:00 E:d8 F:40 H:0b L:8f LY:17 SP:dff3  Cy:23441232
073F:  78        LD   A,B            A:ff B:fb C:20 D:00 E:d8 F:40 H:0b L:8f LY:18 SP:dff3  Cy:23441240
0740:  B1        OR   C              A:fb B:fb C:20 D:00 E:d8 F:40 H:0b L:8f LY:18 SP:dff3  Cy:23441244
0741:  28 06     JR   Z,#06h         A:fb B:fb C:20 D:00 E:d8 F:00 H:0b L:8f LY:18 SP:dff3  Cy:23441248
0743:  F0 44     LDH  A,(#44h)       A:fb B:fb C:20 D:00 E:d8 F:00 H:0b L:8f LY:19 SP:dff3  Cy:23441260
0745:  FE 90     CP   #90h           A:fb B:fb C:20 D:00 E:d8 F:00 H:0b L:8f LY:19 SP:dff3  Cy:23441272
0747:  20 F5     JR   NZ,#FFFFFFF5h  A:fb B:fb C:20 D:00 E:d8 F:40 H:0b L:8f LY:19 SP:dff3  Cy:23441280
073E:  03        INC  BC             A:fb B:fb C:20 D:00 E:d8 F:40 H:0b L:8f LY:1a SP:dff3  Cy:23441292
073F:  78        LD   A,B            A:fb B:fb C:21 D:00 E:d8 F:40 H:0b L:8f LY:1a SP:dff3  Cy:23441300
0740:  B1        OR   C              A:fb B:fb C:21 D:00 E:d8 F:40 H:0b L:8f LY:1a SP:dff3  Cy:23441304
0741:  28 06     JR   Z,#06h         A:fb B:fb C:21 D:00 E:d8 F:00 H:0b L:8f LY:1b SP:dff3  Cy:23441308
0743:  F0 44     LDH  A,(#44h)       A:fb B:fb C:21 D:00 E:d8 F:00 H:0b L:8f LY:1b SP:dff3  Cy:23441320
0745:  FE 90     CP   #90h           A:fb B:fb C:21 D:00 E:d8 F:00 H:0b L:8f LY:1b SP:dff3  Cy:23441332
0747:  20 F5     JR   NZ,#FFFFFFF5h  A:fb B:fb C:21 D:00 E:d8 F:40 H:0b L:8f LY:1c SP:dff3  Cy:23441340
073E:  03        INC  BC             A:fb B:fb C:21 D:00 E:d8 F:40 H:0b L:8f LY:1c SP:dff3  Cy:23441352
073F:  78        LD   A,B            A:fb B:fb C:22 D:00 E:d8 F:40 H:0b L:8f LY:1c SP:dff3  Cy:23441360
0740:  B1        OR   C              A:fb B:fb C:22 D:00 E:d8 F:40 H:0b L:8f LY:1d SP:dff3  Cy:23441364
0741:  28 06     JR   Z,#06h         A:fb B:fb C:22 D:00 E:d8 F:00 H:0b L:8f LY:1d SP:dff3  Cy:23441368
0743:  F0 44     LDH  A,(#44h)       A:fb B:fb C:22 D:00 E:d8 F:00 H:0b L:8f LY:1d SP:dff3  Cy:23441380
0745:  FE 90     CP   #90h           A:fb B:fb C:22 D:00 E:d8 F:00 H:0b L:8f LY:1e SP:dff3  Cy:23441392
0747:  20 F5     JR   NZ,#FFFFFFF5h  A:fb B:fb C:22 D:00 E:d8 F:40 H:0b L:8f LY:1e SP:dff3  Cy:23441400
073E:  03        INC  BC             A:fb B:fb C:22 D:00 E:d8 F:40 H:0b L:8f LY:1e SP:dff3  Cy:23441412
073F:  78        LD   A,B            A:fb B:fb C:23 D:00 E:d8 F:40 H:0b L:8f LY:1f SP:dff3  Cy:23441420
0740:  B1        OR   C              A:fb B:fb C:23 D:00 E:d8 F:40 H:0b L:8f LY:1f SP:dff3  Cy:23441424
0741:  28 06     JR   Z,#06h         A:fb B:fb C:23 D:00 E:d8 F:00 H:0b L:8f LY:1f SP:dff3  Cy:23441428
0743:  F0 44     LDH  A,(#44h)       A:fb B:fb C:23 D:00 E:d8 F:00 H:0b L:8f LY:20 SP:dff3  Cy:23441440
0745:  FE 90     CP   #90h           A:fb B:fb C:23 D:00 E:d8 F:00 H:0b L:8f LY:20 SP:dff3  Cy:23441452
0747:  20 F5     JR   NZ,#FFFFFFF5h  A:fb B:fb C:23 D:00 E:d8 F:40 H:0b L:8f LY:20 SP:dff3  Cy:23441460
073E:  03        INC  BC             A:fb B:fb C:23 D:00 E:d8 F:40 H:0b L:8f LY:21 SP:dff3  Cy:23441472
073F:  78        LD   A,B            A:fb B:fb C:24 D:00 E:d8 F:40 H:0b L:8f LY:21 SP:dff3  Cy:23441480
0740:  B1        OR   C              A:fb B:fb C:24 D:00 E:d8 F:40 H:0b L:8f LY:21 SP:dff3  Cy:23441484
0741:  28 06     JR   Z,#06h         A:ff B:fb C:24 D:00 E:d8 F:00 H:0b L:8f LY:22 SP:dff3  Cy:23441488
0743:  F0 44     LDH  A,(#44h)       A:ff B:fb C:24 D:00 E:d8 F:00 H:0b L:8f LY:22 SP:dff3  Cy:23441500
0745:  FE 90     CP   #90h           A:ff B:fb C:24 D:00 E:d8 F:00 H:0b L:8f LY:22 SP:dff3  Cy:23441512
0747:  20 F5     JR   NZ,#FFFFFFF5h  A:ff B:fb C:24 D:00 E:d8 F:40 H:0b L:8f LY:23 SP:dff3  Cy:23441520
073E:  03        INC  BC             A:ff B:fb C:24 D:00 E:d8 F:40 H:0b L:8f LY:23 SP:dff3  Cy:23441532
073F:  78        LD   A,B            A:ff B:fb C:25 D:00 E:d8 F:40 H:0b L:8f LY:23 SP:dff3  Cy:23441540
0740:  B1        OR   C              A:fb B:fb C:25 D:00 E:d8 F:40 H:0b L:8f LY:24 SP:dff3  Cy:23441544
0741:  28 06     JR   Z,#06h         A:ff B:fb C:25 D:00 E:d8 F:00 H:0b L:8f LY:24 SP:dff3  Cy:23441548
0743:  F0 44     LDH  A,(#44h)       A:ff B:fb C:25 D:00 E:d8 F:00 H:0b L:8f LY:24 SP:dff3  Cy:23441560
0745:  FE 90     CP   #90h           A:ff B:fb C:25 D:00 E:d8 F:00 H:0b L:8f LY:25 SP:dff3  Cy:23441572
0747:  20 F5     JR   NZ,#FFFFFFF5h  A:ff B:fb C:25 D:00 E:d8 F:40 H:0b L:8f LY:25 SP:dff3  Cy:23441580
073E:  03        INC  BC             A:ff B:fb C:25 D:00 E:d8 F:40 H:0b L:8f LY:25 SP:dff3  Cy:23441592
073F:  78        LD   A,B            A:ff B:fb C:26 D:00 E:d8 F:40 H:0b L:8f LY:26 SP:dff3  Cy:23441600
0740:  B1        OR   C              A:fb B:fb C:26 D:00 E:d8 F:40 H:0b L:8f LY:26 SP:dff3  Cy:23441604
0741:  28 06     JR   Z,#06h         A:ff B:fb C:26 D:00 E:d8 F:00 H:0b L:8f LY:26 SP:dff3  Cy:23441608
0743:  F0 44     LDH  A,(#44h)       A:ff B:fb C:26 D:00 E:d8 F:00 H:0b L:8f LY:27 SP:dff3  Cy:23441620
0745:  FE 90     CP   #90h           A:ff B:fb C:26 D:00 E:d8 F:00 H:0b L:8f LY:27 SP:dff3  Cy:23441632
0747:  20 F5     JR   NZ,#FFFFFFF5h  A:ff B:fb C:26 D:00 E:d8 F:40 H:0b L:8f LY:27 SP:dff3  Cy:23441640
073E:  03        INC  BC             A:ff B:fb C:26 D:00 E:d8 F:40 H:0b L:8f LY:28 SP:dff3  Cy:23441652
073F:  78        LD   A,B            A:ff B:fb C:27 D:00 E:d8 F:40 H:0b L:8f LY:28 SP:dff3  Cy:23441660
0740:  B1        OR   C              A:fb B:fb C:27 D:00 E:d8 F:40 H:0b L:8f LY:28 SP:dff3  Cy:23441664
0741:  28 06     JR   Z,#06h         A:ff B:fb C:27 D:00 E:d8 F:00 H:0b L:8f LY:29 SP:dff3  Cy:23441668
0743:  F0 44     LDH  A,(#44h)       A:ff B:fb C:27 D:00 E:d8 F:00 H:0b L:8f LY:29 SP:dff3  Cy:23441680
0745:  FE 90     CP   #90h           A:ff B:fb C:27 D:00 E:d8 F:00 H:0b L:8f LY:29 SP:dff3  Cy:23441692
0747:  20 F5     JR   NZ,#FFFFFFF5h  A:ff B:fb C:27 D:00 E:d8 F:40 H:0b L:8f LY:2a SP:dff3  Cy:23441700
073E:  03        INC  BC             A:ff B:fb C:27 D:00 E:d8 F:40 H:0b L:8f LY:2a SP:dff3  Cy:23441712
073F:  78        LD   A,B            A:ff B:fb C:28 D:00 E:d8 F:40 H:0b L:8f LY:2a SP:dff3  Cy:23441720
0740:  B1        OR   C              A:fb B:fb C:28 D:00 E:d8 F:40 H:0b L:8f LY:2b SP:dff3  Cy:23441724
0741:  28 06     JR   Z,#06h         A:fb B:fb C:28 D:00 E:d8 F:00 H:0b L:8f LY:2b SP:dff3  Cy:23441728
0743:  F0 44     LDH  A,(#44h)       A:fb B:fb C:28 D:00 E:d8 F:00 H:0b L:8f LY:2b SP:dff3  Cy:23441740
0745:  FE 90     CP   #90h           A:fb B:fb C:28 D:00 E:d8 F:00 H:0b L:8f LY:2c SP:dff3  Cy:23441752
0747:  20 F5     JR   NZ,#FFFFFFF5h  A:fb B:fb C:28 D:00 E:d8 F:40 H:0b L:8f LY:2c SP:dff3  Cy:23441760
073E:  03        INC  BC             A:fb B:fb C:28 D:00 E:d8 F:40 H:0b L:8f LY:2c SP:dff3  Cy:23441772
073F:  78        LD   A,B            A:fb B:fb C:29 D:00 E:d8 F:40 H:0b L:8f LY:2d SP:dff3  Cy:23441780
0740:  B1        OR   C              A:fb B:fb C:29 D:00 E:d8 F:40 H:0b L:8f LY:2d SP:dff3  Cy:23441784
0741:  28 06     JR   Z,#06h         A:fb B:fb C:29 D:00 E:d8 F:00 H:0b L:8f LY:2d SP:dff3  Cy:23441788
0743:  F0 44     LDH  A,(#44h)       A:fb B:fb C:29 D:00 E:d8 F:00 H:0b L:8f LY:2e SP:dff3  Cy:23441800
0745:  FE 90     CP   #90h           A:fb B:fb C:29 D:00 E:d8 F:00 H:0b L:8f LY:2e SP:dff3  Cy:23441812
0747:  20 F5     JR   NZ,#FFFFFFF5h  A:fb B:fb C:29 D:00 E:d8 F:40 H:0b L:8f LY:2e SP:dff3  Cy:23441820
073E:  03        INC  BC             A:fb B:fb C:29 D:00 E:d8 F:40 H:0b L:8f LY:2f SP:dff3  Cy:23441832
073F:  78        LD   A,B            A:fb B:fb C:2a D:00 E:d8 F:40 H:0b L:8f LY:2f SP:dff3  Cy:23441840
0740:  B1        OR   C              A:fb B:fb C:2a D:00 E:d8 F:40 H:0b L:8f LY:2f SP:dff3  Cy:23441844
0741:  28 06     JR   Z,#06h         A:fb B:fb C:2a D:00 E:d8 F:00 H:0b L:8f LY:30 SP:dff3  Cy:23441848
0743:  F0 44     LDH  A,(#44h)       A:fb B:fb C:2a D:00 E:d8 F:00 H:0b L:8f LY:30 SP:dff3  Cy:23441860
0745:  FE 90     CP   #90h           A:fb B:fb C:2a D:00 E:d8 F:00 H:0b L:8f LY:30 SP:dff3  Cy:23441872
0747:  20 F5     JR   NZ,#FFFFFFF5h  A:fb B:fb C:2a D:00 E:d8 F:40 H:0b L:8f LY:31 SP:dff3  Cy:23441880
073E:  03        INC  BC             A:fb B:fb C:2a D:00 E:d8 F:40 H:0b L:8f LY:31 SP:dff3  Cy:23441892
073F:  78        LD   A,B            A:fb B:fb C:2b D:00 E:d8 F:40 H:0b L:8f LY:31 SP:dff3  Cy:23441900
0740:  B1        OR   C              A:fb B:fb C:2b D:00 E:d8 F:40 H:0b L:8f LY:32 SP:dff3  Cy:23441904
0741:  28 06     JR   Z,#06h         A:fb B:fb C:2b D:00 E:d8 F:00 H:0b L:8f LY:32 SP:dff3  Cy:23441908
0743:  F0 44     LDH  A,(#44h)       A:fb B:fb C:2b D:00 E:d8 F:00 H:0b L:8f LY:32 SP:dff3  Cy:23441920
0745:  FE 90     CP   #90h           A:fb B:fb C:2b D:00 E:d8 F:00 H:0b L:8f LY:33 SP:dff3  Cy:23441932
0747:  20 F5     JR   NZ,#FFFFFFF5h  A:fb B:fb C:2b D:00 E:d8 F:40 H:0b L:8f LY:33 SP:dff3  Cy:23441940
073E:  03        INC  BC             A:fb B:fb C:2b D:00 E:d8 F:40 H:0b L:8f LY:33 SP:dff3  Cy:23441952
073F:  78        LD   A,B            A:fb B:fb C:2c D:00 E:d8 F:40 H:0b L:8f LY:34 SP:dff3  Cy:23441960
0740:  B1        OR   C              A:fb B:fb C:2c D:00 E:d8 F:40 H:0b L:8f LY:34 SP:dff3  Cy:23441964
0741:  28 06     JR   Z,#06h         A:ff B:fb C:2c D:00 E:d8 F:00 H:0b L:8f LY:34 SP:dff3  Cy:23441968
0743:  F0 44     LDH  A,(#44h)       A:ff B:fb C:2c D:00 E:d8 F:00 H:0b L:8f LY:35 SP:dff3  Cy:23441980
0745:  FE 90     CP   #90h           A:ff B:fb C:2c D:00 E:d8 F:00 H:0b L:8f LY:35 SP:dff3  Cy:23441992
0747:  20 F5     JR   NZ,#FFFFFFF5h  A:ff B:fb C:2c D:00 E:d8 F:40 H:0b L:8f LY:35 SP:dff3  Cy:23442000
073E:  03        INC  BC             A:ff B:fb C:2c D:00 E:d8 F:40 H:0b L:8f LY:36 SP:dff3  Cy:23442012
073F:  78        LD   A,B            A:ff B:fb C:2d D:00 E:d8 F:40 H:0b L:8f LY:36 SP:dff3  Cy:23442020
0740:  B1        OR   C              A:fb B:fb C:2d D:00 E:d8 F:40 H:0b L:8f LY:36 SP:dff3  Cy:23442024
0741:  28 06     JR   Z,#06h         A:ff B:fb C:2d D:00 E:d8 F:00 H:0b L:8f LY:37 SP:dff3  Cy:23442028
0743:  F0 44     LDH  A,(#44h)       A:ff B:fb C:2d D:00 E:d8 F:00 H:0b L:8f LY:37 SP:dff3  Cy:23442040
0745:  FE 90     CP   #90h           A:ff B:fb C:2d D:00 E:d8 F:00 H:0b L:8f LY:37 SP:dff3  Cy:23442052
0747:  20 F5     JR   NZ,#FFFFFFF5h  A:ff B:fb C:2d D:00 E:d8 F:40 H:0b L:8f LY:38 SP:dff3  Cy:23442060
073E:  03        INC  BC             A:ff B:fb C:2d D:00 E:d8 F:40 H:0b L:8f LY:38 SP:dff3  Cy:23442072
073F:  78        LD   A,B            A:ff B:fb C:2e D:00 E:d8 F:40 H:0b L:8f LY:38 SP:dff3  Cy:23442080
0740:  B1        OR   C              A:fb B:fb C:2e D:00 E:d8 F:40 H:0b L:8f LY:39 SP:dff3  Cy:23442084
0741:  28 06     JR   Z,#06h         A:ff B:fb C:2e D:00 E:d8 F:00 H:0b L:8f LY:39 SP:dff3  Cy:23442088
0743:  F0 44     LDH  A,(#44h)       A:ff B:fb C:2e D:00 E:d8 F:00 H:0b L:8f LY:39 SP:dff3  Cy:23442100
0745:  FE 90     CP   #90h           A:ff B:fb C:2e D:00 E:d8 F:00 H:0b L:8f LY:3a SP:dff3  Cy:23442112
0747:  20 F5     JR   NZ,#FFFFFFF5h  A:ff B:fb C:2e D:00 E:d8 F:40 H:0b L:8f LY:3a SP:dff3  Cy:23442120
073E:  03        INC  BC             A:ff B:fb C:2e D:00 E:d8 F:40 H:0b L:8f LY:3a SP:dff3  Cy:23442132
073F:  78        LD   A,B            A:ff B:fb C:2f D:00 E:d8 F:40 H:0b L:8f LY:3b SP:dff3  Cy:23442140
0740:  B1        OR   C              A:fb B:fb C:2f D:00 E:d8 F:40 H:0b L:8f LY:3b SP:dff3  Cy:23442144
0741:  28 06     JR   Z,#06h         A:ff B:fb C:2f D:00 E:d8 F:00 H:0b L:8f LY:3b SP:dff3  Cy:23442148
0743:  F0 44     LDH  A,(#44h)       A:ff B:fb C:2f D:00 E:d8 F:00 H:0b L:8f LY:3c SP:dff3  Cy:23442160
0745:  FE 90     CP   #90h           A:ff B:fb C:2f D:00 E:d8 F:00 H:0b L:8f LY:3c SP:dff3  Cy:23442172
0747:  20 F5     JR   NZ,#FFFFFFF5h  A:ff B:fb C:2f D:00 E:d8 F:40 H:0b L:8f LY:3c SP:dff3  Cy:23442180
073E:  03        INC  BC             A:ff B:fb C:2f D:00 E:d8 F:40 H:0b L:8f LY:3d SP:dff3  Cy:23442192
073F:  78        LD   A,B            A:ff B:fb C:30 D:00 E:d8 F:40 H:0b L:8f LY:3d SP:dff3  Cy:23442200
0740:  B1        OR   C              A:fb B:fb C:30 D:00 E:d8 F:40 H:0b L:8f LY:3d SP:dff3  Cy:23442204
0741:  28 06     JR   Z,#06h         A:fb B:fb C:30 D:00 E:d8 F:00 H:0b L:8f LY:3e SP:dff3  Cy:23442208
0743:  F0 44     LDH  A,(#44h)       A:fb B:fb C:30 D:00 E:d8 F:00 H:0b L:8f LY:3e SP:dff3  Cy:23442220
0745:  FE 90     CP   #90h           A:fb B:fb C:30 D:00 E:d8 F:00 H:0b L:8f LY:3e SP:dff3  Cy:23442232
0747:  20 F5     JR   NZ,#FFFFFFF5h  A:fb B:fb C:30 D:00 E:d8 F:40 H:0b L:8f LY:3f SP:dff3  Cy:23442240
073E:  03        INC  BC             A:fb B:fb C:30 D:00 E:d8 F:40 H:0b L:8f LY:3f SP:dff3  Cy:23442252
073F:  78        LD   A,B            A:fb B:fb C:31 D:00 E:d8 F:40 H:0b L:8f LY:3f SP:dff3  Cy:23442260
0740:  B1        OR   C              A:fb B:fb C:31 D:00 E:d8 F:40 H:0b L:8f LY:40 SP:dff3  Cy:23442264
0741:  28 06     JR   Z,#06h         A:fb B:fb C:31 D:00 E:d8 F:00 H:0b L:8f LY:40 SP:dff3  Cy:23442268
0743:  F0 44     LDH  A,(#44h)       A:fb B:fb C:31 D:00 E:d8 F:00 H:0b L:8f LY:40 SP:dff3  Cy:23442280
0745:  FE 90     CP   #90h           A:fb B:fb C:31 D:00 E:d8 F:00 H:0b L:8f LY:41 SP:dff3  Cy:23442292
0747:  20 F5     JR   NZ,#FFFFFFF5h  A:fb B:fb C:31 D:00 E:d8 F:40 H:0b L:8f LY:41 SP:dff3  Cy:23442300
073E:  03        INC  BC             A:fb B:fb C:31 D:00 E:d8 F:40 H:0b L:8f LY:41 SP:dff3  Cy:23442312
073F:  78        LD   A,B            A:fb B:fb C:32 D:00 E:d8 F:40 H:0b L:8f LY:42 SP:dff3  Cy:23442320
0740:  B1        OR   C              A:fb B:fb C:32 D:00 E:d8 F:40 H:0b L:8f LY:42 SP:dff3  Cy:23442324
0741:  28 06     JR   Z,#06h         A:fb B:fb C:32 D:00 E:d8 F:00 H:0b L:8f LY:42 SP:dff3  Cy:23442328
0743:  F0 44     LDH  A,(#44h)       A:fb B:fb C:32 D:00 E:d8 F:00 H:0b L:8f LY:43 SP:dff3  Cy:23442340
0745:  FE 90     CP   #90h           A:fb B:fb C:32 D:00 E:d8 F:00 H:0b L:8f LY:43 SP:dff3  Cy:23442352
0747:  20 F5     JR   NZ,#FFFFFFF5h  A:fb B:fb C:32 D:00 E:d8 F:40 H:0b L:8f LY:43 SP:dff3  Cy:23442360
073E:  03        INC  BC             A:fb B:fb C:32 D:00 E:d8 F:40 H:0b L:8f LY:44 SP:dff3  Cy:23442372
073F:  78        LD   A,B            A:fb B:fb C:33 D:00 E:d8 F:40 H:0b L:8f LY:44 SP:dff3  Cy:23442380
0740:  B1        OR   C              A:fb B:fb C:33 D:00 E:d8 F:40 H:0b L:8f LY:44 SP:dff3  Cy:23442384
0741:  28 06     JR   Z,#06h         A:fb B:fb C:33 D:00 E:d8 F:00 H:0b L:8f LY:45 SP:dff3  Cy:23442388
0743:  F0 44     LDH  A,(#44h)       A:fb B:fb C:33 D:00 E:d8 F:00 H:0b L:8f LY:45 SP:dff3  Cy:23442400
0745:  FE 90     CP   #90h           A:fb B:fb C:33 D:00 E:d8 F:00 H:0b L:8f LY:45 SP:dff3  Cy:23442412
0747:  20 F5     JR   NZ,#FFFFFFF5h  A:fb B:fb C:33 D:00 E:d8 F:40 H:0b L:8f LY:46 SP:dff3  Cy:23442420
073E:  03        INC  BC             A:fb B:fb C:33 D:00 E:d8 F:40 H:0b L:8f LY:46 SP:dff3  Cy:23442432
073F:  78        LD   A,B            A:fb B:fb C:34 D:00 E:d8 F:40 H:0b L:8f LY:46 SP:dff3  Cy:23442440
0740:  B1        OR   C              A:fb B:fb C:34 D:00 E:d8 F:40 H:0b L:8f LY:47 SP:dff3  Cy:23442444
0741:  28 06     JR   Z,#06h         A:ff B:fb C:34 D:00 E:d8 F:00 H:0b L:8f LY:47 SP:dff3  Cy:23442448
0743:  F0 44     LDH  A,(#44h)       A:ff B:fb C:34 D:00 E:d8 F:00 H:0b L:8f LY:47 SP:dff3  Cy:23442460
0745:  FE 90     CP   #90h           A:ff B:fb C:34 D:00 E:d8 F:00 H:0b L:8f LY:48 SP:dff3  Cy:23442472
0747:  20 F5     JR   NZ,#FFFFFFF5h  A:ff B:fb C:34 D:00 E:d8 F:40 H:0b L:8f LY:48 SP:dff3  Cy:23442480
073E:  03        INC  BC             A:ff B:fb C:34 D:00 E:d8 F:40 H:0b L:8f LY:48 SP:dff3  Cy:23442492
073F:  78        LD   A,B            A:ff B:fb C:35 D:00 E:d8 F:40 H:0b L:8f LY:49 SP:dff3  Cy:23442500
0740:  B1        OR   C              A:fb B:fb C:35 D:00 E:d8 F:40 H:0b L:8f LY:49 SP:dff3  Cy:23442504
0741:  28 06     JR   Z,#06h         A:ff B:fb C:35 D:00 E:d8 F:00 H:0b L:8f LY:49 SP:dff3  Cy:23442508
0743:  F0 44     LDH  A,(#44h)       A:ff B:fb C:35 D:00 E:d8 F:00 H:0b L:8f LY:4a SP:dff3  Cy:23442520
0745:  FE 90     CP   #90h           A:ff B:fb C:35 D:00 E:d8 F:00 H:0b L:8f LY:4a SP:dff3  Cy:23442532
0747:  20 F5     JR   NZ,#FFFFFFF5h  A:ff B:fb C:35 D:00 E:d8 F:40 H:0b L:8f LY:4a SP:dff3  Cy:23442540
073E:  03        INC  BC             A:ff B:fb C:35 D:00 E:d8 F:40 H:0b L:8f LY:4b SP:dff3  Cy:23442552
073F:  78        LD   A,B            A:ff B:fb C:36 D:00 E:d8 F:40 H:0b L:8f LY:4b SP:dff3  Cy:23442560
0740:  B1        OR   C              A:fb B:fb C:36 D:00 E:d8 F:40 H:0b L:8f LY:4b SP:dff3  Cy:23442564
0741:  28 06     JR   Z,#06h         A:ff B:fb C:36 D:00 E:d8 F:00 H:0b L:8f LY:4c SP:dff3  Cy:23442568
0743:  F0 44     LDH  A,(#44h)       A:ff B:fb C:36 D:00 E:d8 F:00 H:0b L:8f LY:4c SP:dff3  Cy:23442580
0745:  FE 90     CP   #90h           A:ff B:fb C:36 D:00 E:d8 F:00 H:0b L:8f LY:4c SP:dff3  Cy:23442592
0747:  20 F5     JR   NZ,#FFFFFFF5h  A:ff B:fb C:36 D:00 E:d8 F:40 H:0b L:8f LY:4d SP:dff3  Cy:23442600
073E:  03        INC  BC             A:ff B:fb C:36 D:00 E:d8 F:40 H:0b L:8f LY:4d SP:dff3  Cy:23442612
073F:  78        LD   A,B            A:ff B:fb C:37 D:00 E:d8 F:40 H:0b L:8f LY:4d SP:dff3  Cy:23442620
0740:  B1        OR   C              A:fb B:fb C:37 D:00 E:d8 F:40 H:0b L:8f LY:4e SP:dff3  Cy:23442624
0741:  28 06     JR   Z,#06h         A:ff B:fb C:37 D:00 E:d8 F:00 H:0b L:8f LY:4e SP:dff3  Cy:23442628
0743:  F0 44     LDH  A,(#44h)       A:ff B:fb C:37 D:00 E:d8 F:00 H:0b L:8f LY:4e SP:dff3  Cy:23442640
0745:  FE 90     CP   #90h           A:ff B:fb C:37 D:00 E:d8 F:00 H:0b L:8f LY:4f SP:dff3  Cy:23442652
0747:  20 F5     JR   NZ,#FFFFFFF5h  A:ff B:fb C:37 D:00 E:d8 F:40 H:0b L:8f LY:4f SP:dff3  Cy:23442660
073E:  03        INC  BC             A:ff B:fb C:37 D:00 E:d8 F:40 H:0b L:8f LY:4f SP:dff3  Cy:23442672
073F:  78        LD   A,B            A:ff B:fb C:38 D:00 E:d8 F:40 H:0b L:8f LY:50 SP:dff3  Cy:23442680
0740:  B1        OR   C              A:fb B:fb C:38 D:00 E:d8 F:40 H:0b L:8f LY:50 SP:dff3  Cy:23442684
0741:  28 06     JR   Z,#06h         A:fb B:fb C:38 D:00 E:d8 F:00 H:0b L:8f LY:50 SP:dff3  Cy:23442688
0743:  F0 44     LDH  A,(#44h)       A:fb B:fb C:38 D:00 E:d8 F:00 H:0b L:8f LY:51 SP:dff3  Cy:23442700
0745:  FE 90     CP   #90h           A:fb B:fb C:38 D:00 E:d8 F:00 H:0b L:8f LY:51 SP:dff3  Cy:23442712
0747:  20 F5     JR   NZ,#FFFFFFF5h  A:fb B:fb C:38 D:00 E:d8 F:40 H:0b L:8f LY:51 SP:dff3  Cy:23442720
073E:  03        INC  BC             A:fb B:fb C:38 D:00 E:d8 F:40 H:0b L:8f LY:52 SP:dff3  Cy:23442732
073F:  78        LD   A,B            A:fb B:fb C:39 D:00 E:d8 F:40 H:0b L:8f LY:52 SP:dff3  Cy:23442740
0740:  B1        OR   C              A:fb B:fb C:39 D:00 E:d8 F:40 H:0b L:8f LY:52 SP:dff3  Cy:23442744
0741:  28 06     JR   Z,#06h         A:fb B:fb C:39 D:00 E:d8 F:00 H:0b L:8f LY:53 SP:dff3  Cy:23442748
0743:  F0 44     LDH  A,(#44h)       A:fb B:fb C:39 D:00 E:d8 F:00 H:0b L:8f LY:53 SP:dff3  Cy:23442760
0745:  FE 90     CP   #90h           A:fb B:fb C:39 D:00 E:d8 F:00 H:0b L:8f LY:53 SP:dff3  Cy:23442772
0747:  20 F5     JR   NZ,#FFFFFFF5h  A:fb B:fb C:39 D:00 E:d8 F:40 H:0b L:8f LY:54 SP:dff3  Cy:23442780
073E:  03        INC  BC             A:fb B:fb C:39 D:00 E:d8 F:40 H:0b L:8f LY:54 SP:dff3  Cy:23442792
073F:  78        LD   A,B            A:fb B:fb C:3a D:00 E:d8 F:40 H:0b L:8f LY:54 SP:dff3  Cy:23442800
0740:  B1        OR   C              A:fb B:fb C:3a D:00 E:d8 F:40 H:0b L:8f LY:55 SP:dff3  Cy:23442804
0741:  28 06     JR   Z,#06h         A:fb B:fb C:3a D:00 E:d8 F:00 H:0b L:8f LY:55 SP:dff3  Cy:23442808
0743:  F0 44     LDH  A,(#44h)       A:fb B:fb C:3a D:00 E:d8 F:00 H:0b L:8f LY:55 SP:dff3  Cy:23442820
0745:  FE 90     CP   #90h           A:fb B:fb C:3a D:00 E:d8 F:00 H:0b L:8f LY:56 SP:dff3  Cy:23442832
0747:  20 F5     JR   NZ,#FFFFFFF5h  A:fb B:fb C:3a D:00 E:d8 F:40 H:0b L:8f LY:56 SP:dff3  Cy:23442840
073E:  03        INC  BC             A:fb B:fb C:3a D:00 E:d8 F:40 H:0b L:8f LY:56 SP:dff3  Cy:23442852
073F:  78        LD   A,B            A:fb B:fb C:3b D:00 E:d8 F:40 H:0b L:8f LY:57 SP:dff3  Cy:23442860
0740:  B1        OR   C              A:fb B:fb C:3b D:00 E:d8 F:40 H:0b L:8f LY:57 SP:dff3  Cy:23442864
0741:  28 06     JR   Z,#06h         A:fb B:fb C:3b D:00 E:d8 F:00 H:0b L:8f LY:57 SP:dff3  Cy:23442868
0743:  F0 44     LDH  A,(#44h)       A:fb B:fb C:3b D:00 E:d8 F:00 H:0b L:8f LY:58 SP:dff3  Cy:23442880
0745:  FE 90     CP   #90h           A:fb B:fb C:3b D:00 E:d8 F:00 H:0b L:8f LY:58 SP:dff3  Cy:23442892
0747:  20 F5     JR   NZ,#FFFFFFF5h  A:fb B:fb C:3b D:00 E:d8 F:40 H:0b L:8f LY:58 SP:dff3  Cy:23442900
073E:  03        INC  BC             A:fb B:fb C:3b D:00 E:d8 F:40 H:0b L:8f LY:59 SP:dff3  Cy:23442912
073F:  78        LD   A,B            A:fb B:fb C:3c D:00 E:d8 F:40 H:0b L:8f LY:59 SP:dff3  Cy:23442920
0740:  B1        OR   C              A:fb B:fb C:3c D:00 E:d8 F:40 H:0b L:8f LY:59 SP:dff3  Cy:23442924
0741:  28 06     JR   Z,#06h         A:ff B:fb C:3c D:00 E:d8 F:00 H:0b L:8f LY:5a SP:dff3  Cy:23442928
0743:  F0 44     LDH  A,(#44h)       A:ff B:fb C:3c D:00 E:d8 F:00 H:0b L:8f LY:5a SP:dff3  Cy:23442940
0745:  FE 90     CP   #90h           A:ff B:fb C:3c D:00 E:d8 F:00 H:0b L:8f LY:5a SP:dff3  Cy:23442952
0747:  20 F5     JR   NZ,#FFFFFFF5h  A:ff B:fb C:3c D:00 E:d8 F:40 H:0b L:8f LY:5b SP:dff3  Cy:23442960
073E:  03        INC  BC             A:ff B:fb C:3c D:00 E:d8 F:40 H:0b L:8f LY:5b SP:dff3  Cy:23442972
073F:  78        LD   A,B            A:ff B:fb C:3d D:00 E:d8 F:40 H:0b L:8f LY:5b SP:dff3  Cy:23442980
0740:  B1        OR   C              A:fb B:fb C:3d D:00 E:d8 F:40 H:0b L:8f LY:5c SP:dff3  Cy:23442984
0741:  28 06     JR   Z,#06h         A:ff B:fb C:3d D:00 E:d8 F:00 H:0b L:8f LY:5c SP:dff3  Cy:23442988
0743:  F0 44     LDH  A,(#44h)       A:ff B:fb C:3d D:00 E:d8 F:00 H:0b L:8f LY:5c SP:dff3  Cy:23443000
0745:  FE 90     CP   #90h           A:ff B:fb C:3d D:00 E:d8 F:00 H:0b L:8f LY:5d SP:dff3  Cy:23443012
0747:  20 F5     JR   NZ,#FFFFFFF5h  A:ff B:fb C:3d D:00 E:d8 F:40 H:0b L:8f LY:5d SP:dff3  Cy:23443020
073E:  03        INC  BC             A:ff B:fb C:3d D:00 E:d8 F:40 H:0b L:8f LY:5d SP:dff3  Cy:23443032
073F:  78        LD   A,B            A:ff B:fb C:3e D:00 E:d8 F:40 H:0b L:8f LY:5e SP:dff3  Cy:23443040
0740:  B1        OR   C              A:fb B:fb C:3e D:00 E:d8 F:40 H:0b L:8f LY:5e SP:dff3  Cy:23443044
0741:  28 06     JR   Z,#06h         A:ff B:fb C:3e D:00 E:d8 F:00 H:0b L:8f LY:5e SP:dff3  Cy:23443048
0743:  F0 44     LDH  A,(#44h)       A:ff B:fb C:3e D:00 E:d8 F:00 H:0b L:8f LY:5f SP:dff3  Cy:23443060
0745:  FE 90     CP   #90h           A:ff B:fb C:3e D:00 E:d8 F:00 H:0b L:8f LY:5f SP:dff3  Cy:23443072
0747:  20 F5     JR   NZ,#FFFFFFF5h  A:ff B:fb C:3e D:00 E:d8 F:40 H:0b L:8f LY:5f SP:dff3  Cy:23443080
073E:  03        INC  BC             A:ff B:fb C:3e D:00 E:d8 F:40 H:0b L:8f LY:60 SP:dff3  Cy:23443092
073F:  78        LD   A,B            A:ff B:fb C:3f D:00 E:d8 F:40 H:0b L:8f LY:60 SP:dff3  Cy:23443100
0740:  B1        OR   C              A:fb B:fb C:3f D:00 E:d8 F:40 H:0b L:8f LY:60 SP:dff3  Cy:23443104
0741:  28 06     JR   Z,#06h         A:ff B:fb C:3f D:00 E:d8 F:00 H:0b L:8f LY:61 SP:dff3  Cy:23443108
0743:  F0 44     LDH  A,(#44h)       A:ff B:fb C:3f D:00 E:d8 F:00 H:0b L:8f LY:61 SP:dff3  Cy:23443120
0745:  FE 90     CP   #90h           A:ff B:fb C:3f D:00 E:d8 F:00 H:0b L:8f LY:61 SP:dff3  Cy:23443132
0747:  20 F5     JR   NZ,#FFFFFFF5h  A:ff B:fb C:3f D:00 E:d8 F:40 H:0b L:8f LY:62 SP:dff3  Cy:23443140
073E:  03        INC  BC             A:ff B:fb C:3f D:00 E:d8 F:40 H:0b L:8f LY:62 SP:dff3  Cy:23443152
073F:  78        LD   A,B            A:ff B:fb C:40 D:00 E:d8 F:40 H:0b L:8f LY:62 SP:dff3  Cy:23443160
0740:  B1        OR   C              A:fb B:fb C:40 D:00 E:d8 F:40 H:0b L:8f LY:63 SP:dff3  Cy:23443164
0741:  28 06     JR   Z,#06h         A:fb B:fb C:40 D:00 E:d8 F:00 H:0b L:8f LY:63 SP:dff3  Cy:23443168
0743:  F0 44     LDH  A,(#44h)       A:fb B:fb C:40 D:00 E:d8 F:00 H:0b L:8f LY:63 SP:dff3  Cy:23443180
0745:  FE 90     CP   #90h           A:fb B:fb C:40 D:00 E:d8 F:00 H:0b L:8f LY:64 SP:dff3  Cy:23443192
0747:  20 F5     JR   NZ,#FFFFFFF5h  A:fb B:fb C:40 D:00 E:d8 F:40 H:0b L:8f LY:64 SP:dff3  Cy:23443200
073E:  03        INC  BC             A:fb B:fb C:40 D:00 E:d8 F:40 H:0b L:8f LY:64 SP:dff3  Cy:23443212
073F:  78        LD   A,B            A:fb B:fb C:41 D:00 E:d8 F:40 H:0b L:8f LY:65 SP:dff3  Cy:23443220
0740:  B1        OR   C              A:fb B:fb C:41 D:00 E:d8 F:40 H:0b L:8f LY:65 SP:dff3  Cy:23443224
0741:  28 06     JR   Z,#06h         A:fb B:fb C:41 D:00 E:d8 F:00 H:0b L:8f LY:65 SP:dff3  Cy:23443228
0743:  F0 44     LDH  A,(#44h)       A:fb B:fb C:41 D:00 E:d8 F:00 H:0b L:8f LY:66 SP:dff3  Cy:23443240
0745:  FE 90     CP   #90h           A:fb B:fb C:41 D:00 E:d8 F:00 H:0b L:8f LY:66 SP:dff3  Cy:23443252
0747:  20 F5     JR   NZ,#FFFFFFF5h  A:fb B:fb C:41 D:00 E:d8 F:40 H:0b L:8f LY:66 SP:dff3  Cy:23443260
073E:  03        INC  BC             A:fb B:fb C:41 D:00 E:d8 F:40 H:0b L:8f LY:67 SP:dff3  Cy:23443272
073F:  78        LD   A,B            A:fb B:fb C:42 D:00 E:d8 F:40 H:0b L:8f LY:67 SP:dff3  Cy:23443280
0740:  B1        OR   C              A:fb B:fb C:42 D:00 E:d8 F:40 H:0b L:8f LY:67 SP:dff3  Cy:23443284
0741:  28 06     JR   Z,#06h         A:fb B:fb C:42 D:00 E:d8 F:00 H:0b L:8f LY:68 SP:dff3  Cy:23443288
0743:  F0 44     LDH  A,(#44h)       A:fb B:fb C:42 D:00 E:d8 F:00 H:0b L:8f LY:68 SP:dff3  Cy:23443300
0745:  FE 90     CP   #90h           A:fb B:fb C:42 D:00 E:d8 F:00 H:0b L:8f LY:68 SP:dff3  Cy:23443312
0747:  20 F5     JR   NZ,#FFFFFFF5h  A:fb B:fb C:42 D:00 E:d8 F:40 H:0b L:8f LY:69 SP:dff3  Cy:23443320
073E:  03        INC  BC             A:fb B:fb C:42 D:00 E:d8 F:40 H:0b L:8f LY:69 SP:dff3  Cy:23443332
073F:  78        LD   A,B            A:fb B:fb C:43 D:00 E:d8 F:40 H:0b L:8f LY:69 SP:dff3  Cy:23443340
0740:  B1        OR   C              A:fb B:fb C:43 D:00 E:d8 F:40 H:0b L:8f LY:6a SP:dff3  Cy:23443344
0741:  28 06     JR   Z,#06h         A:fb B:fb C:43 D:00 E:d8 F:00 H:0b L:8f LY:6a SP:dff3  Cy:23443348
0743:  F0 44     LDH  A,(#44h)       A:fb B:fb C:43 D:00 E:d8 F:00 H:0b L:8f LY:6a SP:dff3  Cy:23443360
0745:  FE 90     CP   #90h           A:fb B:fb C:43 D:00 E:d8 F:00 H:0b L:8f LY:6b SP:dff3  Cy:23443372
0747:  20 F5     JR   NZ,#FFFFFFF5h  A:fb B:fb C:43 D:00 E:d8 F:40 H:0b L:8f LY:6b SP:dff3  Cy:23443380
073E:  03        INC  BC             A:fb B:fb C:43 D:00 E:d8 F:40 H:0b L:8f LY:6b SP:dff3  Cy:23443392
073F:  78        LD   A,B            A:fb B:fb C:44 D:00 E:d8 F:40 H:0b L:8f LY:6c SP:dff3  Cy:23443400
0740:  B1        OR   C              A:fb B:fb C:44 D:00 E:d8 F:40 H:0b L:8f LY:6c SP:dff3  Cy:23443404
0741:  28 06     JR   Z,#06h         A:ff B:fb C:44 D:00 E:d8 F:00 H:0b L:8f LY:6c SP:dff3  Cy:23443408
0743:  F0 44     LDH  A,(#44h)       A:ff B:fb C:44 D:00 E:d8 F:00 H:0b L:8f LY:6d SP:dff3  Cy:23443420
0745:  FE 90     CP   #90h           A:ff B:fb C:44 D:00 E:d8 F:00 H:0b L:8f LY:6d SP:dff3  Cy:23443432
0747:  20 F5     JR   NZ,#FFFFFFF5h  A:ff B:fb C:44 D:00 E:d8 F:40 H:0b L:8f LY:6d SP:dff3  Cy:23443440
073E:  03        INC  BC             A:ff B:fb C:44 D:00 E:d8 F:40 H:0b L:8f LY:6e SP:dff3  Cy:23443452
073F:  78        LD   A,B            A:ff B:fb C:45 D:00 E:d8 F:40 H:0b L:8f LY:6e SP:dff3  Cy:23443460
0740:  B1        OR   C              A:fb B:fb C:45 D:00 E:d8 F:40 H:0b L:8f LY:6e SP:dff3  Cy:23443464
0741:  28 06     JR   Z,#06h         A:ff B:fb C:45 D:00 E:d8 F:00 H:0b L:8f LY:6f SP:dff3  Cy:23443468
0743:  F0 44     LDH  A,(#44h)       A:ff B:fb C:45 D:00 E:d8 F:00 H:0b L:8f LY:6f SP:dff3  Cy:23443480
0745:  FE 90     CP   #90h           A:ff B:fb C:45 D:00 E:d8 F:00 H:0b L:8f LY:6f SP:dff3  Cy:23443492
0747:  20 F5     JR   NZ,#FFFFFFF5h  A:ff B:fb C:45 D:00 E:d8 F:40 H:0b L:8f LY:70 SP:dff3  Cy:23443500
073E:  03        INC  BC             A:ff B:fb C:45 D:00 E:d8 F:40 H:0b L:8f LY:70 SP:dff3  Cy:23443512
073F:  78        LD   A,B            A:ff B:fb C:46 D:00 E:d8 F:40 H:0b L:8f LY:70 SP:dff3  Cy:23443520
0740:  B1        OR   C              A:fb B:fb C:46 D:00 E:d8 F:40 H:0b L:8f LY:71 SP:dff3  Cy:23443524
0741:  28 06     JR   Z,#06h         A:ff B:fb C:46 D:00 E:d8 F:00 H:0b L:8f LY:71 SP:dff3  Cy:23443528
0743:  F0 44     LDH  A,(#44h)       A:ff B:fb C:46 D:00 E:d8 F:00 H:0b L:8f LY:71 SP:dff3  Cy:23443540
0745:  FE 90     CP   #90h           A:ff B:fb C:46 D:00 E:d8 F:00 H:0b L:8f LY:72 SP:dff3  Cy:23443552
0747:  20 F5     JR   NZ,#FFFFFFF5h  A:ff B:fb C:46 D:00 E:d8 F:40 H:0b L:8f LY:72 SP:dff3  Cy:23443560
073E:  03        INC  BC             A:ff B:fb C:46 D:00 E:d8 F:40 H:0b L:8f LY:72 SP:dff3  Cy:23443572
073F:  78        LD   A,B            A:ff B:fb C:47 D:00 E:d8 F:40 H:0b L:8f LY:73 SP:dff3  Cy:23443580
0740:  B1        OR   C              A:fb B:fb C:47 D:00 E:d8 F:40 H:0b L:8f LY:73 SP:dff3  Cy:23443584
0741:  28 06     JR   Z,#06h         A:ff B:fb C:47 D:00 E:d8 F:00 H:0b L:8f LY:73 SP:dff3  Cy:23443588
0743:  F0 44     LDH  A,(#44h)       A:ff B:fb C:47 D:00 E:d8 F:00 H:0b L:8f LY:74 SP:dff3  Cy:23443600
0745:  FE 90     CP   #90h           A:ff B:fb C:47 D:00 E:d8 F:00 H:0b L:8f LY:74 SP:dff3  Cy:23443612
0747:  20 F5     JR   NZ,#FFFFFFF5h  A:ff B:fb C:47 D:00 E:d8 F:40 H:0b L:8f LY:74 SP:dff3  Cy:23443620
073E:  03        INC  BC             A:ff B:fb C:47 D:00 E:d8 F:40 H:0b L:8f LY:75 SP:dff3  Cy:23443632
073F:  78        LD   A,B            A:ff B:fb C:48 D:00 E:d8 F:40 H:0b L:8f LY:75 SP:dff3  Cy:23443640
0740:  B1        OR   C              A:fb B:fb C:48 D:00 E:d8 F:40 H:0b L:8f LY:75 SP:dff3  Cy:23443644
0741:  28 06     JR   Z,#06h         A:fb B:fb C:48 D:00 E:d8 F:00 H:0b L:8f LY:76 SP:dff3  Cy:23443648
0743:  F0 44     LDH  A,(#44h)       A:fb B:fb C:48 D:00 E:d8 F:00 H:0b L:8f LY:76 SP:dff3  Cy:23443660
0745:  FE 90     CP   #90h           A:fb B:fb C:48 D:00 E:d8 F:00 H:0b L:8f LY:76 SP:dff3  Cy:23443672
0747:  20 F5     JR   NZ,#FFFFFFF5h  A:fb B:fb C:48 D:00 E:d8 F:40 H:0b L:8f LY:77 SP:dff3  Cy:23443680
073E:  03        INC  BC             A:fb B:fb C:48 D:00 E:d8 F:40 H:0b L:8f LY:77 SP:dff3  Cy:23443692
073F:  78        LD   A,B            A:fb B:fb C:49 D:00 E:d8 F:40 H:0b L:8f LY:77 SP:dff3  Cy:23443700
0740:  B1        OR   C              A:fb B:fb C:49 D:00 E:d8 F:40 H:0b L:8f LY:78 SP:dff3  Cy:23443704
0741:  28 06     JR   Z,#06h         A:fb B:fb C:49 D:00 E:d8 F:00 H:0b L:8f LY:78 SP:dff3  Cy:23443708
0743:  F0 44     LDH  A,(#44h)       A:fb B:fb C:49 D:00 E:d8 F:00 H:0b L:8f LY:78 SP:dff3  Cy:23443720
0745:  FE 90     CP   #90h           A:fb B:fb C:49 D:00 E:d8 F:00 H:0b L:8f LY:79 SP:dff3  Cy:23443732
0747:  20 F5     JR   NZ,#FFFFFFF5h  A:fb B:fb C:49 D:00 E:d8 F:40 H:0b L:8f LY:79 SP:dff3  Cy:23443740
073E:  03        INC  BC             A:fb B:fb C:49 D:00 E:d8 F:40 H:0b L:8f LY:79 SP:dff3  Cy:23443752
073F:  78        LD   A,B            A:fb B:fb C:4a D:00 E:d8 F:40 H:0b L:8f LY:7a SP:dff3  Cy:23443760
0740:  B1        OR   C              A:fb B:fb C:4a D:00 E:d8 F:40 H:0b L:8f LY:7a SP:dff3  Cy:23443764
0741:  28 06     JR   Z,#06h         A:fb B:fb C:4a D:00 E:d8 F:00 H:0b L:8f LY:7a SP:dff3  Cy:23443768
0743:  F0 44     LDH  A,(#44h)       A:fb B:fb C:4a D:00 E:d8 F:00 H:0b L:8f LY:7b SP:dff3  Cy:23443780
0745:  FE 90     CP   #90h           A:fb B:fb C:4a D:00 E:d8 F:00 H:0b L:8f LY:7b SP:dff3  Cy:23443792
0747:  20 F5     JR   NZ,#FFFFFFF5h  A:fb B:fb C:4a D:00 E:d8 F:40 H:0b L:8f LY:7b SP:dff3  Cy:23443800
073E:  03        INC  BC             A:fb B:fb C:4a D:00 E:d8 F:40 H:0b L:8f LY:7c SP:dff3  Cy:23443812
073F:  78        LD   A,B            A:fb B:fb C:4b D:00 E:d8 F:40 H:0b L:8f LY:7c SP:dff3  Cy:23443820
0740:  B1        OR   C              A:fb B:fb C:4b D:00 E:d8 F:40 H:0b L:8f LY:7c SP:dff3  Cy:23443824
0741:  28 06     JR   Z,#06h         A:fb B:fb C:4b D:00 E:d8 F:00 H:0b L:8f LY:7d SP:dff3  Cy:23443828
0743:  F0 44     LDH  A,(#44h)       A:fb B:fb C:4b D:00 E:d8 F:00 H:0b L:8f LY:7d SP:dff3  Cy:23443840
0745:  FE 90     CP   #90h           A:fb B:fb C:4b D:00 E:d8 F:00 H:0b L:8f LY:7d SP:dff3  Cy:23443852
0747:  20 F5     JR   NZ,#FFFFFFF5h  A:fb B:fb C:4b D:00 E:d8 F:40 H:0b L:8f LY:7e SP:dff3  Cy:23443860
073E:  03        INC  BC             A:fb B:fb C:4b D:00 E:d8 F:40 H:0b L:8f LY:7e SP:dff3  Cy:23443872
073F:  78        LD   A,B            A:fb B:fb C:4c D:00 E:d8 F:40 H:0b L:8f LY:7e SP:dff3  Cy:23443880
0740:  B1        OR   C              A:fb B:fb C:4c D:00 E:d8 F:40 H:0b L:8f LY:7f SP:dff3  Cy:23443884
0741:  28 06     JR   Z,#06h         A:ff B:fb C:4c D:00 E:d8 F:00 H:0b L:8f LY:7f SP:dff3  Cy:23443888
0743:  F0 44     LDH  A,(#44h)       A:ff B:fb C:4c D:00 E:d8 F:00 H:0b L:8f LY:7f SP:dff3  Cy:23443900
0745:  FE 90     CP   #90h           A:ff B:fb C:4c D:00 E:d8 F:00 H:0b L:8f LY:80 SP:dff3  Cy:23443912
0747:  20 F5     JR   NZ,#FFFFFFF5h  A:ff B:fb C:4c D:00 E:d8 F:40 H:0b L:8f LY:80 SP:dff3  Cy:23443920
073E:  03        INC  BC             A:ff B:fb C:4c D:00 E:d8 F:40 H:0b L:8f LY:80 SP:dff3  Cy:23443932
073F:  78        LD   A,B            A:ff B:fb C:4d D:00 E:d8 F:40 H:0b L:8f LY:81 SP:dff3  Cy:23443940
0740:  B1        OR   C              A:fb B:fb C:4d D:00 E:d8 F:40 H:0b L:8f LY:81 SP:dff3  Cy:23443944
0741:  28 06     JR   Z,#06h         A:ff B:fb C:4d D:00 E:d8 F:00 H:0b L:8f LY:81 SP:dff3  Cy:23443948
0743:  F0 44     LDH  A,(#44h)       A:ff B:fb C:4d D:00 E:d8 F:00 H:0b L:8f LY:82 SP:dff3  Cy:23443960
0745:  FE 90     CP   #90h           A:ff B:fb C:4d D:00 E:d8 F:00 H:0b L:8f LY:82 SP:dff3  Cy:23443972
0747:  20 F5     JR   NZ,#FFFFFFF5h  A:ff B:fb C:4d D:00 E:d8 F:40 H:0b L:8f LY:82 SP:dff3  Cy:23443980
073E:  03        INC  BC             A:ff B:fb C:4d D:00 E:d8 F:40 H:0b L:8f LY:83 SP:dff3  Cy:23443992
073F:  78        LD   A,B            A:ff B:fb C:4e D:00 E:d8 F:40 H:0b L:8f LY:83 SP:dff3  Cy:23444000
0740:  B1        OR   C              A:fb B:fb C:4e D:00 E:d8 F:40 H:0b L:8f LY:83 SP:dff3  Cy:23444004
0741:  28 06     JR   Z,#06h         A:ff B:fb C:4e D:00 E:d8 F:00 H:0b L:8f LY:84 SP:dff3  Cy:23444008
0743:  F0 44     LDH  A,(#44h)       A:ff B:fb C:4e D:00 E:d8 F:00 H:0b L:8f LY:84 SP:dff3  Cy:23444020
0745:  FE 90     CP   #90h           A:ff B:fb C:4e D:00 E:d8 F:00 H:0b L:8f LY:84 SP:dff3  Cy:23444032
0747:  20 F5     JR   NZ,#FFFFFFF5h  A:ff B:fb C:4e D:00 E:d8 F:40 H:0b L:8f LY:85 SP:dff3  Cy:23444040
073E:  03        INC  BC             A:ff B:fb C:4e D:00 E:d8 F:40 H:0b L:8f LY:85 SP:dff3  Cy:23444052
073F:  78        LD   A,B            A:ff B:fb C:4f D:00 E:d8 F:40 H:0b L:8f LY:85 SP:dff3  Cy:23444060
0740:  B1        OR   C              A:fb B:fb C:4f D:00 E:d8 F:40 H:0b L:8f LY:86 SP:dff3  Cy:23444064
0741:  28 06     JR   Z,#06h         A:ff B:fb C:4f D:00 E:d8 F:00 H:0b L:8f LY:86 SP:dff3  Cy:23444068
0743:  F0 44     LDH  A,(#44h)       A:ff B:fb C:4f D:00 E:d8 F:00 H:0b L:8f LY:86 SP:dff3  Cy:23444080
0745:  FE 90     CP   #90h           A:ff B:fb C:4f D:00 E:d8 F:00 H:0b L:8f LY:87 SP:dff3  Cy:23444092
0747:  20 F5     JR   NZ,#FFFFFFF5h  A:ff B:fb C:4f D:00 E:d8 F:40 H:0b L:8f LY:87 SP:dff3  Cy:23444100
073E:  03        INC  BC             A:ff B:fb C:4f D:00 E:d8 F:40 H:0b L:8f LY:87 SP:dff3  Cy:23444112
073F:  78        LD   A,B            A:ff B:fb C:50 D:00 E:d8 F:40 H:0b L:8f LY:88 SP:dff3  Cy:23444120
0740:  B1        OR   C              A:fb B:fb C:50 D:00 E:d8 F:40 H:0b L:8f LY:88 SP:dff3  Cy:23444124
0741:  28 06     JR   Z,#06h         A:fb B:fb C:50 D:00 E:d8 F:00 H:0b L:8f LY:88 SP:dff3  Cy:23444128
0743:  F0 44     LDH  A,(#44h)       A:fb B:fb C:50 D:00 E:d8 F:00 H:0b L:8f LY:89 SP:dff3  Cy:23444140
0745:  FE 90     CP   #90h           A:fb B:fb C:50 D:00 E:d8 F:00 H:0b L:8f LY:89 SP:dff3  Cy:23444152
0747:  20 F5     JR   NZ,#FFFFFFF5h  A:fb B:fb C:50 D:00 E:d8 F:40 H:0b L:8f LY:89 SP:dff3  Cy:23444160
073E:  03        INC  BC             A:fb B:fb C:50 D:00 E:d8 F:40 H:0b L:8f LY:8a SP:dff3  Cy:23444172
073F:  78        LD   A,B            A:fb B:fb C:51 D:00 E:d8 F:40 H:0b L:8f LY:8a SP:dff3  Cy:23444180
0740:  B1        OR   C              A:fb B:fb C:51 D:00 E:d8 F:40 H:0b L:8f LY:8a SP:dff3  Cy:23444184
0741:  28 06     JR   Z,#06h         A:fb B:fb C:51 D:00 E:d8 F:00 H:0b L:8f LY:8b SP:dff3  Cy:23444188
0743:  F0 44     LDH  A,(#44h)       A:fb B:fb C:51 D:00 E:d8 F:00 H:0b L:8f LY:8b SP:dff3  Cy:23444200
0745:  FE 90     CP   #90h           A:fb B:fb C:51 D:00 E:d8 F:00 H:0b L:8f LY:8b SP:dff3  Cy:23444212
0747:  20 F5     JR   NZ,#FFFFFFF5h  A:fb B:fb C:51 D:00 E:d8 F:40 H:0b L:8f LY:8c SP:dff3  Cy:23444220
073E:  03        INC  BC             A:fb B:fb C:51 D:00 E:d8 F:40 H:0b L:8f LY:8c SP:dff3  Cy:23444232
073F:  78        LD   A,B            A:fb B:fb C:52 D:00 E:d8 F:40 H:0b L:8f LY:8c SP:dff3  Cy:23444240
0740:  B1        OR   C              A:fb B:fb C:52 D:00 E:d8 F:40 H:0b L:8f LY:8d SP:dff3  Cy:23444244
0741:  28 06     JR   Z,#06h         A:fb B:fb C:52 D:00 E:d8 F:00 H:0b L:8f LY:8d SP:dff3  Cy:23444248
0743:  F0 44     LDH  A,(#44h)       A:fb B:fb C:52 D:00 E:d8 F:00 H:0b L:8f LY:8d SP:dff3  Cy:23444260
0745:  FE 90     CP   #90h           A:fb B:fb C:52 D:00 E:d8 F:00 H:0b L:8f LY:8e SP:dff3  Cy:23444272
0747:  20 F5     JR   NZ,#FFFFFFF5h  A:fb B:fb C:52 D:00 E:d8 F:40 H:0b L:8f LY:8e SP:dff3  Cy:23444280
073E:  03        INC  BC             A:fb B:fb C:52 D:00 E:d8 F:40 H:0b L:8f LY:8e SP:dff3  Cy:23444292
073F:  78        LD   A,B            A:fb B:fb C:53 D:00 E:d8 F:40 H:0b L:8f LY:8e SP:dff3  Cy:23444300
0740:  B1        OR   C              A:fb B:fb C:53 D:00 E:d8 F:40 H:0b L:8f LY:90 SP:dff3  Cy:23444304
0741:  28 06     JR   Z,#06h         A:fb B:fb C:53 D:00 E:d8 F:00 H:0b L:8f LY:91 SP:dff3  Cy:23444308
0743:  F0 44     LDH  A,(#44h)       A:fb B:fb C:53 D:00 E:d8 F:00 H:0b L:8f LY:92 SP:dff3  Cy:23444320
0745:  FE 90     CP   #90h           A:fb B:fb C:53 D:00 E:d8 F:00 H:0b L:8f LY:93 SP:dff3  Cy:23444332
0747:  20 F5     JR   NZ,#FFFFFFF5h  A:fb B:fb C:53 D:00 E:d8 F:40 H:0b L:8f LY:94 SP:dff3  Cy:23444340
073E:  03        INC  BC             A:fb B:fb C:53 D:00 E:d8 F:40 H:0b L:8f LY:95 SP:dff3  Cy:23444352
073F:  78        LD   A,B            A:fb B:fb C:54 D:00 E:d8 F:40 H:0b L:8f LY:96 SP:dff3  Cy:23444360
0740:  B1        OR   C              A:fb B:fb C:54 D:00 E:d8 F:40 H:0b L:8f LY:97 SP:dff3  Cy:23444364
0741:  28 06     JR   Z,#06h         A:ff B:fb C:54 D:00 E:d8 F:00 H:0b L:8f LY:98 SP:dff3  Cy:23444368
0743:  F0 44     LDH  A,(#44h)       A:ff B:fb C:54 D:00 E:d8 F:00 H:0b L:8f LY:99 SP:dff3  Cy:23444380
0745:  FE 90     CP   #90h           A:ff B:fb C:54 D:00 E:d8 F:00 H:0b L:8f LY:00 SP:dff3  Cy:23444392
0747:  20 F5     JR   NZ,#FFFFFFF5h  A:ff B:fb C:54 D:00 E:d8 F:40 H:0b L:8f LY:00 SP:dff3  Cy:23444400
073E:  03        INC  BC             A:ff B:fb C:54 D:00 E:d8 F:40 H:0b L:8f LY:00 SP:dff3  Cy:23444412
073F:  78        LD   A,B            A:ff B:fb C:55 D:00 E:d8 F:40 H:0b L:8f LY:01 SP:dff3  Cy:23444420
0740:  B1        OR   C              A:fb B:fb C:55 D:00 E:d8 F:40 H:0b L:8f LY:01 SP:dff3  Cy:23444424
0741:  28 06     JR   Z,#06h         A:ff B:fb C:55 D:00 E:d8 F:00 H:0b L:8f LY:01 SP:dff3  Cy:23444428
0743:  F0 44     LDH  A,(#44h)       A:ff B:fb C:55 D:00 E:d8 F:00 H:0b L:8f LY:02 SP:dff3  Cy:23444440
0745:  FE 90     CP   #90h           A:ff B:fb C:55 D:00 E:d8 F:00 H:0b L:8f LY:02 SP:dff3  Cy:23444452
0747:  20 F5     JR   NZ,#FFFFFFF5h  A:ff B:fb C:55 D:00 E:d8 F:40 H:0b L:8f LY:02 SP:dff3  Cy:23444460
073E:  03        INC  BC             A:ff B:fb C:55 D:00 E:d8 F:40 H:0b L:8f LY:03 SP:dff3  Cy:23444472
073F:  78        LD   A,B            A:ff B:fb C:56 D:00 E:d8 F:40 H:0b L:8f LY:03 SP:dff3  Cy:23444480
0740:  B1        OR   C              A:fb B:fb C:56 D:00 E:d8 F:40 H:0b L:8f LY:03 SP:dff3  Cy:23444484
0741:  28 06     JR   Z,#06h         A:ff B:fb C:56 D:00 E:d8 F:00 H:0b L:8f LY:04 SP:dff3  Cy:23444488
0743:  F0 44     LDH  A,(#44h)       A:ff B:fb C:56 D:00 E:d8 F:00 H:0b L:8f LY:04 SP:dff3  Cy:23444500
0745:  FE 90     CP   #90h           A:ff B:fb C:56 D:00 E:d8 F:00 H:0b L:8f LY:04 SP:dff3  Cy:23444512
0747:  20 F5     JR   NZ,#FFFFFFF5h  A:ff B:fb C:56 D:00 E:d8 F:40 H:0b L:8f LY:05 SP:dff3  Cy:23444520
073E:  03        INC  BC             A:ff B:fb C:56 D:00 E:d8 F:40 H:0b L:8f LY:05 SP:dff3  Cy:23444532
073F:  78        LD   A,B            A:ff B:fb C:57 D:00 E:d8 F:40 H:0b L:8f LY:05 SP:dff3  Cy:23444540
0740:  B1        OR   C              A:fb B:fb C:57 D:00 E:d8 F:40 H:0b L:8f LY:06 SP:dff3  Cy:23444544
0741:  28 06     JR   Z,#06h         A:ff B:fb C:57 D:00 E:d8 F:00 H:0b L:8f LY:06 SP:dff3  Cy:23444548
0743:  F0 44     LDH  A,(#44h)       A:ff B:fb C:57 D:00 E:d8 F:00 H:0b L:8f LY:06 SP:dff3  Cy:23444560
0745:  FE 90     CP   #90h           A:ff B:fb C:57 D:00 E:d8 F:00 H:0b L:8f LY:07 SP:dff3  Cy:23444572
0747:  20 F5     JR   NZ,#FFFFFFF5h  A:ff B:fb C:57 D:00 E:d8 F:40 H:0b L:8f LY:07 SP:dff3  Cy:23444580
073E:  03        INC  BC             A:ff B:fb C:57 D:00 E:d8 F:40 H:0b L:8f LY:07 SP:dff3  Cy:23444592
073F:  78        LD   A,B            A:ff B:fb C:58 D:00 E:d8 F:40 H:0b L:8f LY:08 SP:dff3  Cy:23444600
0740:  B1        OR   C              A:fb B:fb C:58 D:00 E:d8 F:40 H:0b L:8f LY:08 SP:dff3  Cy:23444604
0741:  28 06     JR   Z,#06h         A:fb B:fb C:58 D:00 E:d8 F:00 H:0b L:8f LY:08 SP:dff3  Cy:23444608
0743:  F0 44     LDH  A,(#44h)       A:fb B:fb C:58 D:00 E:d8 F:00 H:0b L:8f LY:09 SP:dff3  Cy:23444620
0745:  FE 90     CP   #90h           A:fb B:fb C:58 D:00 E:d8 F:00 H:0b L:8f LY:09 SP:dff3  Cy:23444632
0747:  20 F5     JR   NZ,#FFFFFFF5h  A:fb B:fb C:58 D:00 E:d8 F:40 H:0b L:8f LY:09 SP:dff3  Cy:23444640
073E:  03        INC  BC             A:fb B:fb C:58 D:00 E:d8 F:40 H:0b L:8f LY:0a SP:dff3  Cy:23444652
073F:  78        LD   A,B            A:fb B:fb C:59 D:00 E:d8 F:40 H:0b L:8f LY:0a SP:dff3  Cy:23444660
0740:  B1        OR   C              A:fb B:fb C:59 D:00 E:d8 F:40 H:0b L:8f LY:0a SP:dff3  Cy:23444664
0741:  28 06     JR   Z,#06h         A:fb B:fb C:59 D:00 E:d8 F:00 H:0b L:8f LY:0b SP:dff3  Cy:23444668
0743:  F0 44     LDH  A,(#44h)       A:fb B:fb C:59 D:00 E:d8 F:00 H:0b L:8f LY:0b SP:dff3  Cy:23444680
0745:  FE 90     CP   #90h           A:fb B:fb C:59 D:00 E:d8 F:00 H:0b L:8f LY:0b SP:dff3  Cy:23444692
0747:  20 F5     JR   NZ,#FFFFFFF5h  A:fb B:fb C:59 D:00 E:d8 F:40 H:0b L:8f LY:0c SP:dff3  Cy:23444700
073E:  03        INC  BC             A:fb B:fb C:59 D:00 E:d8 F:40 H:0b L:8f LY:0c SP:dff3  Cy:23444712
073F:  78        LD   A,B            A:fb B:fb C:5a D:00 E:d8 F:40 H:0b L:8f LY:0c SP:dff3  Cy:23444720
0740:  B1        OR   C              A:fb B:fb C:5a D:00 E:d8 F:40 H:0b L:8f LY:0d SP:dff3  Cy:23444724
0741:  28 06     JR   Z,#06h         A:fb B:fb C:5a D:00 E:d8 F:00 H:0b L:8f LY:0d SP:dff3  Cy:23444728
0743:  F0 44     LDH  A,(#44h)       A:fb B:fb C:5a D:00 E:d8 F:00 H:0b L:8f LY:0d SP:dff3  Cy:23444740
0745:  FE 90     CP   #90h           A:fb B:fb C:5a D:00 E:d8 F:00 H:0b L:8f LY:0e SP:dff3  Cy:23444752
0747:  20 F5     JR   NZ,#FFFFFFF5h  A:fb B:fb C:5a D:00 E:d8 F:40 H:0b L:8f LY:0e SP:dff3  Cy:23444760
073E:  03        INC  BC             A:fb B:fb C:5a D:00 E:d8 F:40 H:0b L:8f LY:0e SP:dff3  Cy:23444772
073F:  78        LD   A,B            A:fb B:fb C:5b D:00 E:d8 F:40 H:0b L:8f LY:0f SP:dff3  Cy:23444780
0740:  B1        OR   C              A:fb B:fb C:5b D:00 E:d8 F:40 H:0b L:8f LY:0f SP:dff3  Cy:23444784
0741:  28 06     JR   Z,#06h         A:fb B:fb C:5b D:00 E:d8 F:00 H:0b L:8f LY:0f SP:dff3  Cy:23444788
0743:  F0 44     LDH  A,(#44h)       A:fb B:fb C:5b D:00 E:d8 F:00 H:0b L:8f LY:10 SP:dff3  Cy:23444800
0745:  FE 90     CP   #90h           A:fb B:fb C:5b D:00 E:d8 F:00 H:0b L:8f LY:10 SP:dff3  Cy:23444812
0747:  20 F5     JR   NZ,#FFFFFFF5h  A:fb B:fb C:5b D:00 E:d8 F:40 H:0b L:8f LY:10 SP:dff3  Cy:23444820
073E:  03        INC  BC             A:fb B:fb C:5b D:00 E:d8 F:40 H:0b L:8f LY:11 SP:dff3  Cy:23444832
073F:  78        LD   A,B            A:fb B:fb C:5c D:00 E:d8 F:40 H:0b L:8f LY:11 SP:dff3  Cy:23444840
0740:  B1        OR   C              A:fb B:fb C:5c D:00 E:d8 F:40 H:0b L:8f LY:11 SP:dff3  Cy:23444844
0741:  28 06     JR   Z,#06h         A:ff B:fb C:5c D:00 E:d8 F:00 H:0b L:8f LY:12 SP:dff3  Cy:23444848
0743:  F0 44     LDH  A,(#44h)       A:ff B:fb C:5c D:00 E:d8 F:00 H:0b L:8f LY:12 SP:dff3  Cy:23444860
0745:  FE 90     CP   #90h           A:ff B:fb C:5c D:00 E:d8 F:00 H:0b L:8f LY:12 SP:dff3  Cy:23444872
0747:  20 F5     JR   NZ,#FFFFFFF5h  A:ff B:fb C:5c D:00 E:d8 F:40 H:0b L:8f LY:13 SP:dff3  Cy:23444880
073E:  03        INC  BC             A:ff B:fb C:5c D:00 E:d8 F:40 H:0b L:8f LY:13 SP:dff3  Cy:23444892
073F:  78        LD   A,B            A:ff B:fb C:5d D:00 E:d8 F:40 H:0b L:8f LY:13 SP:dff3  Cy:23444900
0740:  B1        OR   C              A:fb B:fb C:5d D:00 E:d8 F:40 H:0b L:8f LY:14 SP:dff3  Cy:23444904
0741:  28 06     JR   Z,#06h         A:ff B:fb C:5d D:00 E:d8 F:00 H:0b L:8f LY:14 SP:dff3  Cy:23444908
0743:  F0 44     LDH  A,(#44h)       A:ff B:fb C:5d D:00 E:d8 F:00 H:0b L:8f LY:14 SP:dff3  Cy:23444920
0745:  FE 90     CP   #90h           A:ff B:fb C:5d D:00 E:d8 F:00 H:0b L:8f LY:15 SP:dff3  Cy:23444932
0747:  20 F5     JR   NZ,#FFFFFFF5h  A:ff B:fb C:5d D:00 E:d8 F:40 H:0b L:8f LY:15 SP:dff3  Cy:23444940
073E:  03        INC  BC             A:ff B:fb C:5d D:00 E:d8 F:40 H:0b L:8f LY:15 SP:dff3  Cy:23444952
073F:  78        LD   A,B            A:ff B:fb C:5e D:00 E:d8 F:40 H:0b L:8f LY:16 SP:dff3  Cy:23444960
0740:  B1        OR   C              A:fb B:fb C:5e D:00 E:d8 F:40 H:0b L:8f LY:16 SP:dff3  Cy:23444964
0741:  28 06     JR   Z,#06h         A:ff B:fb C:5e D:00 E:d8 F:00 H:0b L:8f LY:16 SP:dff3  Cy:23444968
0743:  F0 44     LDH  A,(#44h)       A:ff B:fb C:5e D:00 E:d8 F:00 H:0b L:8f LY:17 SP:dff3  Cy:23444980
0745:  FE 90     CP   #90h           A:ff B:fb C:5e D:00 E:d8 F:00 H:0b L:8f LY:17 SP:dff3  Cy:23444992
0747:  20 F5     JR   NZ,#FFFFFFF5h  A:ff B:fb C:5e D:00 E:d8 F:40 H:0b L:8f LY:17 SP:dff3  Cy:23445000
073E:  03        INC  BC             A:ff B:fb C:5e D:00 E:d8 F:40 H:0b L:8f LY:18 SP:dff3  Cy:23445012
073F:  78        LD   A,B            A:ff B:fb C:5f D:00 E:d8 F:40 H:0b L:8f LY:18 SP:dff3  Cy:23445020
0740:  B1        OR   C              A:fb B:fb C:5f D:00 E:d8 F:40 H:0b L:8f LY:18 SP:dff3  Cy:23445024
0741:  28 06     JR   Z,#06h         A:ff B:fb C:5f D:00 E:d8 F:00 H:0b L:8f LY:19 SP:dff3  Cy:23445028
0743:  F0 44     LDH  A,(#44h)       A:ff B:fb C:5f D:00 E:d8 F:00 H:0b L:8f LY:19 SP:dff3  Cy:23445040
0745:  FE 90     CP   #90h           A:ff B:fb C:5f D:00 E:d8 F:00 H:0b L:8f LY:19 SP:dff3  Cy:23445052
0747:  20 F5     JR   NZ,#FFFFFFF5h  A:ff B:fb C:5f D:00 E:d8 F:40 H:0b L:8f LY:1a SP:dff3  Cy:23445060
073E:  03        INC  BC             A:ff B:fb C:5f D:00 E:d8 F:40 H:0b L:8f LY:1a SP:dff3  Cy:23445072
073F:  78        LD   A,B            A:ff B:fb C:60 D:00 E:d8 F:40 H:0b L:8f LY:1a SP:dff3  Cy:23445080
0740:  B1        OR   C              A:fb B:fb C:60 D:00 E:d8 F:40 H:0b L:8f LY:1b SP:dff3  Cy:23445084
0741:  28 06     JR   Z,#06h         A:fb B:fb C:60 D:00 E:d8 F:00 H:0b L:8f LY:1b SP:dff3  Cy:23445088
0743:  F0 44     LDH  A,(#44h)       A:fb B:fb C:60 D:00 E:d8 F:00 H:0b L:8f LY:1b SP:dff3  Cy:23445100
0745:  FE 90     CP   #90h           A:fb B:fb C:60 D:00 E:d8 F:00 H:0b L:8f LY:1c SP:dff3  Cy:23445112
0747:  20 F5     JR   NZ,#FFFFFFF5h  A:fb B:fb C:60 D:00 E:d8 F:40 H:0b L:8f LY:1c SP:dff3  Cy:23445120
073E:  03        INC  BC             A:fb B:fb C:60 D:00 E:d8 F:40 H:0b L:8f LY:1c SP:dff3  Cy:23445132
073F:  78        LD   A,B            A:fb B:fb C:61 D:00 E:d8 F:40 H:0b L:8f LY:1d SP:dff3  Cy:23445140
0740:  B1        OR   C              A:fb B:fb C:61 D:00 E:d8 F:40 H:0b L:8f LY:1d SP:dff3  Cy:23445144
0741:  28 06     JR   Z,#06h         A:fb B:fb C:61 D:00 E:d8 F:00 H:0b L:8f LY:1d SP:dff3  Cy:23445148
0743:  F0 44     LDH  A,(#44h)       A:fb B:fb C:61 D:00 E:d8 F:00 H:0b L:8f LY:1e SP:dff3  Cy:23445160
0745:  FE 90     CP   #90h           A:fb B:fb C:61 D:00 E:d8 F:00 H:0b L:8f LY:1e SP:dff3  Cy:23445172
0747:  20 F5     JR   NZ,#FFFFFFF5h  A:fb B:fb C:61 D:00 E:d8 F:40 H:0b L:8f LY:1e SP:dff3  Cy:23445180
073E:  03        INC  BC             A:fb B:fb C:61 D:00 E:d8 F:40 H:0b L:8f LY:1f SP:dff3  Cy:23445192
073F:  78        LD   A,B            A:fb B:fb C:62 D:00 E:d8 F:40 H:0b L:8f LY:1f SP:dff3  Cy:23445200
0740:  B1        OR   C              A:fb B:fb C:62 D:00 E:d8 F:40 H:0b L:8f LY:1f SP:dff3  Cy:23445204
0741:  28 06     JR   Z,#06h         A:fb B:fb C:62 D:00 E:d8 F:00 H:0b L:8f LY:20 SP:dff3  Cy:23445208
0743:  F0 44     LDH  A,(#44h)       A:fb B:fb C:62 D:00 E:d8 F:00 H:0b L:8f LY:20 SP:dff3  Cy:23445220
0745:  FE 90     CP   #90h           A:fb B:fb C:62 D:00 E:d8 F:00 H:0b L:8f LY:20 SP:dff3  Cy:23445232
0747:  20 F5     JR   NZ,#FFFFFFF5h  A:fb B:fb C:62 D:00 E:d8 F:40 H:0b L:8f LY:21 SP:dff3  Cy:23445240
073E:  03        INC  BC             A:fb B:fb C:62 D:00 E:d8 F:40 H:0b L:8f LY:21 SP:dff3  Cy:23445252
073F:  78        LD   A,B            A:fb B:fb C:63 D:00 E:d8 F:40 H:0b L:8f LY:21 SP:dff3  Cy:23445260
0740:  B1        OR   C              A:fb B:fb C:63 D:00 E:d8 F:40 H:0b L:8f LY:22 SP:dff3  Cy:23445264
0741:  28 06     JR   Z,#06h         A:fb B:fb C:63 D:00 E:d8 F:00 H:0b L:8f LY:22 SP:dff3  Cy:23445268
0743:  F0 44     LDH  A,(#44h)       A:fb B:fb C:63 D:00 E:d8 F:00 H:0b L:8f LY:22 SP:dff3  Cy:23445280
0745:  FE 90     CP   #90h           A:fb B:fb C:63 D:00 E:d8 F:00 H:0b L:8f LY:23 SP:dff3  Cy:23445292
0747:  20 F5     JR   NZ,#FFFFFFF5h  A:fb B:fb C:63 D:00 E:d8 F:40 H:0b L:8f LY:23 SP:dff3  Cy:23445300
073E:  03        INC  BC             A:fb B:fb C:63 D:00 E:d8 F:40 H:0b L:8f LY:23 SP:dff3  Cy:23445312
073F:  78        LD   A,B            A:fb B:fb C:64 D:00 E:d8 F:40 H:0b L:8f LY:24 SP:dff3  Cy:23445320
0740:  B1        OR   C              A:fb B:fb C:64 D:00 E:d8 F:40 H:0b L:8f LY:24 SP:dff3  Cy:23445324
0741:  28 06     JR   Z,#06h         A:ff B:fb C:64 D:00 E:d8 F:00 H:0b L:8f LY:24 SP:dff3  Cy:23445328
0743:  F0 44     LDH  A,(#44h)       A:ff B:fb C:64 D:00 E:d8 F:00 H:0b L:8f LY:25 SP:dff3  Cy:23445340
0745:  FE 90     CP   #90h           A:ff B:fb C:64 D:00 E:d8 F:00 H:0b L:8f LY:25 SP:dff3  Cy:23445352
0747:  20 F5     JR   NZ,#FFFFFFF5h  A:ff B:fb C:64 D:00 E:d8 F:40 H:0b L:8f LY:25 SP:dff3  Cy:23445360
073E:  03        INC  BC             A:ff B:fb C:64 D:00 E:d8 F:40 H:0b L:8f LY:26 SP:dff3  Cy:23445372
073F:  78        LD   A,B            A:ff B:fb C:65 D:00 E:d8 F:40 H:0b L:8f LY:26 SP:dff3  Cy:23445380
0740:  B1        OR   C              A:fb B:fb C:65 D:00 E:d8 F:40 H:0b L:8f LY:26 SP:dff3  Cy:23445384
0741:  28 06     JR   Z,#06h         A:ff B:fb C:65 D:00 E:d8 F:00 H:0b L:8f LY:27 SP:dff3  Cy:23445388
0743:  F0 44     LDH  A,(#44h)       A:ff B:fb C:65 D:00 E:d8 F:00 H:0b L:8f LY:27 SP:dff3  Cy:23445400
0745:  FE 90     CP   #90h           A:ff B:fb C:65 D:00 E:d8 F:00 H:0b L:8f LY:27 SP:dff3  Cy:23445412
0747:  20 F5     JR   NZ,#FFFFFFF5h  A:ff B:fb C:65 D:00 E:d8 F:40 H:0b L:8f LY:28 SP:dff3  Cy:23445420
073E:  03        INC  BC             A:ff B:fb C:65 D:00 E:d8 F:40 H:0b L:8f LY:28 SP:dff3  Cy:23445432
073F:  78        LD   A,B            A:ff B:fb C:66 D:00 E:d8 F:40 H:0b L:8f LY:28 SP:dff3  Cy:23445440
0740:  B1        OR   C              A:fb B:fb C:66 D:00 E:d8 F:40 H:0b L:8f LY:29 SP:dff3  Cy:23445444
0741:  28 06     JR   Z,#06h         A:ff B:fb C:66 D:00 E:d8 F:00 H:0b L:8f LY:29 SP:dff3  Cy:23445448
0743:  F0 44     LDH  A,(#44h)       A:ff B:fb C:66 D:00 E:d8 F:00 H:0b L:8f LY:29 SP:dff3  Cy:23445460
0745:  FE 90     CP   #90h           A:ff B:fb C:66 D:00 E:d8 F:00 H:0b L:8f LY:2a SP:dff3  Cy:23445472
0747:  20 F5     JR   NZ,#FFFFFFF5h  A:ff B:fb C:66 D:00 E:d8 F:40 H:0b L:8f LY:2a SP:dff3  Cy:23445480
073E:  03        INC  BC             A:ff B:fb C:66 D:00 E:d8 F:40 H:0b L:8f LY:2a SP:dff3  Cy:23445492
073F:  78        LD   A,B            A:ff B:fb C:67 D:00 E:d8 F:40 H:0b L:8f LY:2b SP:dff3  Cy:23445500
0740:  B1        OR   C              A:fb B:fb C:67 D:00 E:d8 F:40 H:0b L:8f LY:2b SP:dff3  Cy:23445504
0741:  28 06     JR   Z,#06h         A:ff B:fb C:67 D:00 E:d8 F:00 H:0b L:8f LY:2b SP:dff3  Cy:23445508
0743:  F0 44     LDH  A,(#44h)       A:ff B:fb C:67 D:00 E:d8 F:00 H:0b L:8f LY:2c SP:dff3  Cy:23445520
0745:  FE 90     CP   #90h           A:ff B:fb C:67 D:00 E:d8 F:00 H:0b L:8f LY:2c SP:dff3  Cy:23445532
0747:  20 F5     JR   NZ,#FFFFFFF5h  A:ff B:fb C:67 D:00 E:d8 F:40 H:0b L:8f LY:2c SP:dff3  Cy:23445540
073E:  03        INC  BC             A:ff B:fb C:67 D:00 E:d8 F:40 H:0b L:8f LY:2d SP:dff3  Cy:23445552
073F:  78        LD   A,B            A:ff B:fb C:68 D:00 E:d8 F:40 H:0b L:8f LY:2d SP:dff3  Cy:23445560
0740:  B1        OR   C              A:fb B:fb C:68 D:00 E:d8 F:40 H:0b L:8f LY:2d SP:dff3  Cy:23445564
0741:  28 06     JR   Z,#06h         A:fb B:fb C:68 D:00 E:d8 F:00 H:0b L:8f LY:2e SP:dff3  Cy:23445568
0743:  F0 44     LDH  A,(#44h)       A:fb B:fb C:68 D:00 E:d8 F:00 H:0b L:8f LY:2e SP:dff3  Cy:23445580
0745:  FE 90     CP   #90h           A:fb B:fb C:68 D:00 E:d8 F:00 H:0b L:8f LY:2e SP:dff3  Cy:23445592
0747:  20 F5     JR   NZ,#FFFFFFF5h  A:fb B:fb C:68 D:00 E:d8 F:40 H:0b L:8f LY:2f SP:dff3  Cy:23445600
073E:  03        INC  BC             A:fb B:fb C:68 D:00 E:d8 F:40 H:0b L:8f LY:2f SP:dff3  Cy:23445612
073F:  78        LD   A,B            A:fb B:fb C:69 D:00 E:d8 F:40 H:0b L:8f LY:2f SP:dff3  Cy:23445620
0740:  B1        OR   C              A:fb B:fb C:69 D:00 E:d8 F:40 H:0b L:8f LY:30 SP:dff3  Cy:23445624
0741:  28 06     JR   Z,#06h         A:fb B:fb C:69 D:00 E:d8 F:00 H:0b L:8f LY:30 SP:dff3  Cy:23445628
0743:  F0 44     LDH  A,(#44h)       A:fb B:fb C:69 D:00 E:d8 F:00 H:0b L:8f LY:30 SP:dff3  Cy:23445640
0745:  FE 90     CP   #90h           A:fb B:fb C:69 D:00 E:d8 F:00 H:0b L:8f LY:31 SP:dff3  Cy:23445652
0747:  20 F5     JR   NZ,#FFFFFFF5h  A:fb B:fb C:69 D:00 E:d8 F:40 H:0b L:8f LY:31 SP:dff3  Cy:23445660
073E:  03        INC  BC             A:fb B:fb C:69 D:00 E:d8 F:40 H:0b L:8f LY:31 SP:dff3  Cy:23445672
073F:  78        LD   A,B            A:fb B:fb C:6a D:00 E:d8 F:40 H:0b L:8f LY:32 SP:dff3  Cy:23445680
0740:  B1        OR   C              A:fb B:fb C:6a D:00 E:d8 F:40 H:0b L:8f LY:32 SP:dff3  Cy:23445684
0741:  28 06     JR   Z,#06h         A:fb B:fb C:6a D:00 E:d8 F:00 H:0b L:8f LY:32 SP:dff3  Cy:23445688
0743:  F0 44     LDH  A,(#44h)       A:fb B:fb C:6a D:00 E:d8 F:00 H:0b L:8f LY:33 SP:dff3  Cy:23445700
0745:  FE 90     CP   #90h           A:fb B:fb C:6a D:00 E:d8 F:00 H:0b L:8f LY:33 SP:dff3  Cy:23445712
0747:  20 F5     JR   NZ,#FFFFFFF5h  A:fb B:fb C:6a D:00 E:d8 F:40 H:0b L:8f LY:33 SP:dff3  Cy:23445720
073E:  03        INC  BC             A:fb B:fb C:6a D:00 E:d8 F:40 H:0b L:8f LY:34 SP:dff3  Cy:23445732
073F:  78        LD   A,B            A:fb B:fb C:6b D:00 E:d8 F:40 H:0b L:8f LY:34 SP:dff3  Cy:23445740
0740:  B1        OR   C              A:fb B:fb C:6b D:00 E:d8 F:40 H:0b L:8f LY:34 SP:dff3  Cy:23445744
0741:  28 06     JR   Z,#06h         A:fb B:fb C:6b D:00 E:d8 F:00 H:0b L:8f LY:35 SP:dff3  Cy:23445748
0743:  F0 44     LDH  A,(#44h)       A:fb B:fb C:6b D:00 E:d8 F:00 H:0b L:8f LY:35 SP:dff3  Cy:23445760
0745:  FE 90     CP   #90h           A:fb B:fb C:6b D:00 E:d8 F:00 H:0b L:8f LY:35 SP:dff3  Cy:23445772
0747:  20 F5     JR   NZ,#FFFFFFF5h  A:fb B:fb C:6b D:00 E:d8 F:40 H:0b L:8f LY:36 SP:dff3  Cy:23445780
073E:  03        INC  BC             A:fb B:fb C:6b D:00 E:d8 F:40 H:0b L:8f LY:36 SP:dff3  Cy:23445792
073F:  78        LD   A,B            A:fb B:fb C:6c D:00 E:d8 F:40 H:0b L:8f LY:36 SP:dff3  Cy:23445800
0740:  B1        OR   C              A:fb B:fb C:6c D:00 E:d8 F:40 H:0b L:8f LY:37 SP:dff3  Cy:23445804
0741:  28 06     JR   Z,#06h         A:ff B:fb C:6c D:00 E:d8 F:00 H:0b L:8f LY:37 SP:dff3  Cy:23445808
0743:  F0 44     LDH  A,(#44h)       A:ff B:fb C:6c D:00 E:d8 F:00 H:0b L:8f LY:37 SP:dff3  Cy:23445820
0745:  FE 90     CP   #90h           A:ff B:fb C:6c D:00 E:d8 F:00 H:0b L:8f LY:38 SP:dff3  Cy:23445832
0747:  20 F5     JR   NZ,#FFFFFFF5h  A:ff B:fb C:6c D:00 E:d8 F:40 H:0b L:8f LY:38 SP:dff3  Cy:23445840
073E:  03        INC  BC             A:ff B:fb C:6c D:00 E:d8 F:40 H:0b L:8f LY:38 SP:dff3  Cy:23445852
073F:  78        LD   A,B            A:ff B:fb C:6d D:00 E:d8 F:40 H:0b L:8f LY:39 SP:dff3  Cy:23445860
0740:  B1        OR   C              A:fb B:fb C:6d D:00 E:d8 F:40 H:0b L:8f LY:39 SP:dff3  Cy:23445864
0741:  28 06     JR   Z,#06h         A:ff B:fb C:6d D:00 E:d8 F:00 H:0b L:8f LY:39 SP:dff3  Cy:23445868
0743:  F0 44     LDH  A,(#44h)       A:ff B:fb C:6d D:00 E:d8 F:00 H:0b L:8f LY:3a SP:dff3  Cy:23445880
0745:  FE 90     CP   #90h           A:ff B:fb C:6d D:00 E:d8 F:00 H:0b L:8f LY:3a SP:dff3  Cy:23445892
0747:  20 F5     JR   NZ,#FFFFFFF5h  A:ff B:fb C:6d D:00 E:d8 F:40 H:0b L:8f LY:3a SP:dff3  Cy:23445900
073E:  03        INC  BC             A:ff B:fb C:6d D:00 E:d8 F:40 H:0b L:8f LY:3b SP:dff3  Cy:23445912
073F:  78        LD   A,B            A:ff B:fb C:6e D:00 E:d8 F:40 H:0b L:8f LY:3b SP:dff3  Cy:23445920
0740:  B1        OR   C              A:fb B:fb C:6e D:00 E:d8 F:40 H:0b L:8f LY:3b SP:dff3  Cy:23445924
0741:  28 06     JR   Z,#06h         A:ff B:fb C:6e D:00 E:d8 F:00 H:0b L:8f LY:3c SP:dff3  Cy:23445928
0743:  F0 44     LDH  A,(#44h)       A:ff B:fb C:6e D:00 E:d8 F:00 H:0b L:8f LY:3c SP:dff3  Cy:23445940
0745:  FE 90     CP   #90h           A:ff B:fb C:6e D:00 E:d8 F:00 H:0b L:8f LY:3c SP:dff3  Cy:23445952
0747:  20 F5     JR   NZ,#FFFFFFF5h  A:ff B:fb C:6e D:00 E:d8 F:40 H:0b L:8f LY:3d SP:dff3  Cy:23445960
073E:  03        INC  BC             A:ff B:fb C:6e D:00 E:d8 F:40 H:0b L:8f LY:3d SP:dff3  Cy:23445972
073F:  78        LD   A,B            A:ff B:fb C:6f D:00 E:d8 F:40 H:0b L:8f LY:3d SP:dff3  Cy:23445980
0740:  B1        OR   C              A:fb B:fb C:6f D:00 E:d8 F:40 H:0b L:8f LY:3e SP:dff3  Cy:23445984
0741:  28 06     JR   Z,#06h         A:ff B:fb C:6f D:00 E:d8 F:00 H:0b L:8f LY:3e SP:dff3  Cy:23445988
0743:  F0 44     LDH  A,(#44h)       A:ff B:fb C:6f D:00 E:d8 F:00 H:0b L:8f LY:3e SP:dff3  Cy:23446000
0745:  FE 90     CP   #90h           A:ff B:fb C:6f D:00 E:d8 F:00 H:0b L:8f LY:3f SP:dff3  Cy:23446012
0747:  20 F5     JR   NZ,#FFFFFFF5h  A:ff B:fb C:6f D:00 E:d8 F:40 H:0b L:8f LY:3f SP:dff3  Cy:23446020
073E:  03        INC  BC             A:ff B:fb C:6f D:00 E:d8 F:40 H:0b L:8f LY:3f SP:dff3  Cy:23446032
073F:  78        LD   A,B            A:ff B:fb C:70 D:00 E:d8 F:40 H:0b L:8f LY:40 SP:dff3  Cy:23446040
0740:  B1        OR   C              A:fb B:fb C:70 D:00 E:d8 F:40 H:0b L:8f LY:40 SP:dff3  Cy:23446044
0741:  28 06     JR   Z,#06h         A:fb B:fb C:70 D:00 E:d8 F:00 H:0b L:8f LY:40 SP:dff3  Cy:23446048
0743:  F0 44     LDH  A,(#44h)       A:fb B:fb C:70 D:00 E:d8 F:00 H:0b L:8f LY:41 SP:dff3  Cy:23446060
0745:  FE 90     CP   #90h           A:fb B:fb C:70 D:00 E:d8 F:00 H:0b L:8f LY:41 SP:dff3  Cy:23446072
0747:  20 F5     JR   NZ,#FFFFFFF5h  A:fb B:fb C:70 D:00 E:d8 F:40 H:0b L:8f LY:41 SP:dff3  Cy:23446080
073E:  03        INC  BC             A:fb B:fb C:70 D:00 E:d8 F:40 H:0b L:8f LY:42 SP:dff3  Cy:23446092
073F:  78        LD   A,B            A:fb B:fb C:71 D:00 E:d8 F:40 H:0b L:8f LY:42 SP:dff3  Cy:23446100
0740:  B1        OR   C              A:fb B:fb C:71 D:00 E:d8 F:40 H:0b L:8f LY:42 SP:dff3  Cy:23446104
0741:  28 06     JR   Z,#06h         A:fb B:fb C:71 D:00 E:d8 F:00 H:0b L:8f LY:43 SP:dff3  Cy:23446108
0743:  F0 44     LDH  A,(#44h)       A:fb B:fb C:71 D:00 E:d8 F:00 H:0b L:8f LY:43 SP:dff3  Cy:23446120
0745:  FE 90     CP   #90h           A:fb B:fb C:71 D:00 E:d8 F:00 H:0b L:8f LY:43 SP:dff3  Cy:23446132
0747:  20 F5     JR   NZ,#FFFFFFF5h  A:fb B:fb C:71 D:00 E:d8 F:40 H:0b L:8f LY:44 SP:dff3  Cy:23446140
073E:  03        INC  BC             A:fb B:fb C:71 D:00 E:d8 F:40 H:0b L:8f LY:44 SP:dff3  Cy:23446152
073F:  78        LD   A,B            A:fb B:fb C:72 D:00 E:d8 F:40 H:0b L:8f LY:44 SP:dff3  Cy:23446160
0740:  B1        OR   C              A:fb B:fb C:72 D:00 E:d8 F:40 H:0b L:8f LY:45 SP:dff3  Cy:23446164
0741:  28 06     JR   Z,#06h         A:fb B:fb C:72 D:00 E:d8 F:00 H:0b L:8f LY:45 SP:dff3  Cy:23446168
0743:  F0 44     LDH  A,(#44h)       A:fb B:fb C:72 D:00 E:d8 F:00 H:0b L:8f LY:45 SP:dff3  Cy:23446180
0745:  FE 90     CP   #90h           A:fb B:fb C:72 D:00 E:d8 F:00 H:0b L:8f LY:46 SP:dff3  Cy:23446192
0747:  20 F5     JR   NZ,#FFFFFFF5h  A:fb B:fb C:72 D:00 E:d8 F:40 H:0b L:8f LY:46 SP:dff3  Cy:23446200
073E:  03        INC  BC             A:fb B:fb C:72 D:00 E:d8 F:40 H:0b L:8f LY:46 SP:dff3  Cy:23446212
073F:  78        LD   A,B            A:fb B:fb C:73 D:00 E:d8 F:40 H:0b L:8f LY:47 SP:dff3  Cy:23446220
0740:  B1        OR   C              A:fb B:fb C:73 D:00 E:d8 F:40 H:0b L:8f LY:47 SP:dff3  Cy:23446224
0741:  28 06     JR   Z,#06h         A:fb B:fb C:73 D:00 E:d8 F:00 H:0b L:8f LY:47 SP:dff3  Cy:23446228
0743:  F0 44     LDH  A,(#44h)       A:fb B:fb C:73 D:00 E:d8 F:00 H:0b L:8f LY:48 SP:dff3  Cy:23446240
0745:  FE 90     CP   #90h           A:fb B:fb C:73 D:00 E:d8 F:00 H:0b L:8f LY:48 SP:dff3  Cy:23446252
0747:  20 F5     JR   NZ,#FFFFFFF5h  A:fb B:fb C:73 D:00 E:d8 F:40 H:0b L:8f LY:48 SP:dff3  Cy:23446260
073E:  03        INC  BC             A:fb B:fb C:73 D:00 E:d8 F:40 H:0b L:8f LY:49 SP:dff3  Cy:23446272
073F:  78        LD   A,B            A:fb B:fb C:74 D:00 E:d8 F:40 H:0b L:8f LY:49 SP:dff3  Cy:23446280
0740:  B1        OR   C              A:fb B:fb C:74 D:00 E:d8 F:40 H:0b L:8f LY:49 SP:dff3  Cy:23446284
0741:  28 06     JR   Z,#06h         A:ff B:fb C:74 D:00 E:d8 F:00 H:0b L:8f LY:4a SP:dff3  Cy:23446288
0743:  F0 44     LDH  A,(#44h)       A:ff B:fb C:74 D:00 E:d8 F:00 H:0b L:8f LY:4a SP:dff3  Cy:23446300
0745:  FE 90     CP   #90h           A:ff B:fb C:74 D:00 E:d8 F:00 H:0b L:8f LY:4a SP:dff3  Cy:23446312
0747:  20 F5     JR   NZ,#FFFFFFF5h  A:ff B:fb C:74 D:00 E:d8 F:40 H:0b L:8f LY:4b SP:dff3  Cy:23446320
073E:  03        INC  BC             A:ff B:fb C:74 D:00 E:d8 F:40 H:0b L:8f LY:4b SP:dff3  Cy:23446332
073F:  78        LD   A,B            A:ff B:fb C:75 D:00 E:d8 F:40 H:0b L:8f LY:4b SP:dff3  Cy:23446340
0740:  B1        OR   C              A:fb B:fb C:75 D:00 E:d8 F:40 H:0b L:8f LY:4c SP:dff3  Cy:23446344
0741:  28 06     JR   Z,#06h         A:ff B:fb C:75 D:00 E:d8 F:00 H:0b L:8f LY:4c SP:dff3  Cy:23446348
0743:  F0 44     LDH  A,(#44h)       A:ff B:fb C:75 D:00 E:d8 F:00 H:0b L:8f LY:4c SP:dff3  Cy:23446360
0745:  FE 90     CP   #90h           A:ff B:fb C:75 D:00 E:d8 F:00 H:0b L:8f LY:4d SP:dff3  Cy:23446372
0747:  20 F5     JR   NZ,#FFFFFFF5h  A:ff B:fb C:75 D:00 E:d8 F:40 H:0b L:8f LY:4d SP:dff3  Cy:23446380
073E:  03        INC  BC             A:ff B:fb C:75 D:00 E:d8 F:40 H:0b L:8f LY:4d SP:dff3  Cy:23446392
073F:  78        LD   A,B            A:ff B:fb C:76 D:00 E:d8 F:40 H:0b L:8f LY:4e SP:dff3  Cy:23446400
0740:  B1        OR   C              A:fb B:fb C:76 D:00 E:d8 F:40 H:0b L:8f LY:4e SP:dff3  Cy:23446404
0741:  28 06     JR   Z,#06h         A:ff B:fb C:76 D:00 E:d8 F:00 H:0b L:8f LY:4e SP:dff3  Cy:23446408
0743:  F0 44     LDH  A,(#44h)       A:ff B:fb C:76 D:00 E:d8 F:00 H:0b L:8f LY:4f SP:dff3  Cy:23446420
0745:  FE 90     CP   #90h           A:ff B:fb C:76 D:00 E:d8 F:00 H:0b L:8f LY:4f SP:dff3  Cy:23446432
0747:  20 F5     JR   NZ,#FFFFFFF5h  A:ff B:fb C:76 D:00 E:d8 F:40 H:0b L:8f LY:4f SP:dff3  Cy:23446440
073E:  03        INC  BC             A:ff B:fb C:76 D:00 E:d8 F:40 H:0b L:8f LY:50 SP:dff3  Cy:23446452
073F:  78        LD   A,B            A:ff B:fb C:77 D:00 E:d8 F:40 H:0b L:8f LY:50 SP:dff3  Cy:23446460
0740:  B1        OR   C              A:fb B:fb C:77 D:00 E:d8 F:40 H:0b L:8f LY:50 SP:dff3  Cy:23446464
0741:  28 06     JR   Z,#06h         A:ff B:fb C:77 D:00 E:d8 F:00 H:0b L:8f LY:51 SP:dff3  Cy:23446468
0743:  F0 44     LDH  A,(#44h)       A:ff B:fb C:77 D:00 E:d8 F:00 H:0b L:8f LY:51 SP:dff3  Cy:23446480
0745:  FE 90     CP   #90h           A:ff B:fb C:77 D:00 E:d8 F:00 H:0b L:8f LY:51 SP:dff3  Cy:23446492
0747:  20 F5     JR   NZ,#FFFFFFF5h  A:ff B:fb C:77 D:00 E:d8 F:40 H:0b L:8f LY:52 SP:dff3  Cy:23446500
073E:  03        INC  BC             A:ff B:fb C:77 D:00 E:d8 F:40 H:0b L:8f LY:52 SP:dff3  Cy:23446512
073F:  78        LD   A,B            A:ff B:fb C:78 D:00 E:d8 F:40 H:0b L:8f LY:52 SP:dff3  Cy:23446520
0740:  B1        OR   C              A:fb B:fb C:78 D:00 E:d8 F:40 H:0b L:8f LY:53 SP:dff3  Cy:23446524
0741:  28 06     JR   Z,#06h         A:fb B:fb C:78 D:00 E:d8 F:00 H:0b L:8f LY:53 SP:dff3  Cy:23446528
0743:  F0 44     LDH  A,(#44h)       A:fb B:fb C:78 D:00 E:d8 F:00 H:0b L:8f LY:53 SP:dff3  Cy:23446540
0745:  FE 90     CP   #90h           A:fb B:fb C:78 D:00 E:d8 F:00 H:0b L:8f LY:54 SP:dff3  Cy:23446552
0747:  20 F5     JR   NZ,#FFFFFFF5h  A:fb B:fb C:78 D:00 E:d8 F:40 H:0b L:8f LY:54 SP:dff3  Cy:23446560
073E:  03        INC  BC             A:fb B:fb C:78 D:00 E:d8 F:40 H:0b L:8f LY:54 SP:dff3  Cy:23446572
073F:  78        LD   A,B            A:fb B:fb C:79 D:00 E:d8 F:40 H:0b L:8f LY:55 SP:dff3  Cy:23446580
0740:  B1        OR   C              A:fb B:fb C:79 D:00 E:d8 F:40 H:0b L:8f LY:55 SP:dff3  Cy:23446584
0741:  28 06     JR   Z,#06h         A:fb B:fb C:79 D:00 E:d8 F:00 H:0b L:8f LY:55 SP:dff3  Cy:23446588
0743:  F0 44     LDH  A,(#44h)       A:fb B:fb C:79 D:00 E:d8 F:00 H:0b L:8f LY:56 SP:dff3  Cy:23446600
0745:  FE 90     CP   #90h           A:fb B:fb C:79 D:00 E:d8 F:00 H:0b L:8f LY:56 SP:dff3  Cy:23446612
0747:  20 F5     JR   NZ,#FFFFFFF5h  A:fb B:fb C:79 D:00 E:d8 F:40 H:0b L:8f LY:56 SP:dff3  Cy:23446620
073E:  03        INC  BC             A:fb B:fb C:79 D:00 E:d8 F:40 H:0b L:8f LY:57 SP:dff3  Cy:23446632
073F:  78        LD   A,B            A:fb B:fb C:7a D:00 E:d8 F:40 H:0b L:8f LY:57 SP:dff3  Cy:23446640
0740:  B1        OR   C              A:fb B:fb C:7a D:00 E:d8 F:40 H:0b L:8f LY:57 SP:dff3  Cy:23446644
0741:  28 06     JR   Z,#06h         A:fb B:fb C:7a D:00 E:d8 F:00 H:0b L:8f LY:58 SP:dff3  Cy:23446648
0743:  F0 44     LDH  A,(#44h)       A:fb B:fb C:7a D:00 E:d8 F:00 H:0b L:8f LY:58 SP:dff3  Cy:23446660
0745:  FE 90     CP   #90h           A:fb B:fb C:7a D:00 E:d8 F:00 H:0b L:8f LY:58 SP:dff3  Cy:23446672
0747:  20 F5     JR   NZ,#FFFFFFF5h  A:fb B:fb C:7a D:00 E:d8 F:40 H:0b L:8f LY:59 SP:dff3  Cy:23446680
073E:  03        INC  BC             A:fb B:fb C:7a D:00 E:d8 F:40 H:0b L:8f LY:59 SP:dff3  Cy:23446692
073F:  78        LD   A,B            A:fb B:fb C:7b D:00 E:d8 F:40 H:0b L:8f LY:59 SP:dff3  Cy:23446700
0740:  B1        OR   C              A:fb B:fb C:7b D:00 E:d8 F:40 H:0b L:8f LY:5a SP:dff3  Cy:23446704
0741:  28 06     JR   Z,#06h         A:fb B:fb C:7b D:00 E:d8 F:00 H:0b L:8f LY:5a SP:dff3  Cy:23446708
0743:  F0 44     LDH  A,(#44h)       A:fb B:fb C:7b D:00 E:d8 F:00 H:0b L:8f LY:5a SP:dff3  Cy:23446720
0745:  FE 90     CP   #90h           A:fb B:fb C:7b D:00 E:d8 F:00 H:0b L:8f LY:5b SP:dff3  Cy:23446732
0747:  20 F5     JR   NZ,#FFFFFFF5h  A:fb B:fb C:7b D:00 E:d8 F:40 H:0b L:8f LY:5b SP:dff3  Cy:23446740
073E:  03        INC  BC             A:fb B:fb C:7b D:00 E:d8 F:40 H:0b L:8f LY:5b SP:dff3  Cy:23446752
073F:  78        LD   A,B            A:fb B:fb C:7c D:00 E:d8 F:40 H:0b L:8f LY:5c SP:dff3  Cy:23446760
0740:  B1        OR   C              A:fb B:fb C:7c D:00 E:d8 F:40 H:0b L:8f LY:5c SP:dff3  Cy:23446764
0741:  28 06     JR   Z,#06h         A:ff B:fb C:7c D:00 E:d8 F:00 H:0b L:8f LY:5c SP:dff3  Cy:23446768
0743:  F0 44     LDH  A,(#44h)       A:ff B:fb C:7c D:00 E:d8 F:00 H:0b L:8f LY:5d SP:dff3  Cy:23446780
0745:  FE 90     CP   #90h           A:ff B:fb C:7c D:00 E:d8 F:00 H:0b L:8f LY:5d SP:dff3  Cy:23446792
0747:  20 F5     JR   NZ,#FFFFFFF5h  A:ff B:fb C:7c D:00 E:d8 F:40 H:0b L:8f LY:5d SP:dff3  Cy:23446800
073E:  03        INC  BC             A:ff B:fb C:7c D:00 E:d8 F:40 H:0b L:8f LY:5e SP:dff3  Cy:23446812
073F:  78        LD   A,B            A:ff B:fb C:7d D:00 E:d8 F:40 H:0b L:8f LY:5e SP:dff3  Cy:23446820
0740:  B1        OR   C              A:fb B:fb C:7d D:00 E:d8 F:40 H:0b L:8f LY:5e SP:dff3  Cy:23446824
0741:  28 06     JR   Z,#06h         A:ff B:fb C:7d D:00 E:d8 F:00 H:0b L:8f LY:5f SP:dff3  Cy:23446828
0743:  F0 44     LDH  A,(#44h)       A:ff B:fb C:7d D:00 E:d8 F:00 H:0b L:8f LY:5f SP:dff3  Cy:23446840
0745:  FE 90     CP   #90h           A:ff B:fb C:7d D:00 E:d8 F:00 H:0b L:8f LY:5f SP:dff3  Cy:23446852
0747:  20 F5     JR   NZ,#FFFFFFF5h  A:ff B:fb C:7d D:00 E:d8 F:40 H:0b L:8f LY:60 SP:dff3  Cy:23446860
073E:  03        INC  BC             A:ff B:fb C:7d D:00 E:d8 F:40 H:0b L:8f LY:60 SP:dff3  Cy:23446872
073F:  78        LD   A,B            A:ff B:fb C:7e D:00 E:d8 F:40 H:0b L:8f LY:60 SP:dff3  Cy:23446880
0740:  B1        OR   C              A:fb B:fb C:7e D:00 E:d8 F:40 H:0b L:8f LY:61 SP:dff3  Cy:23446884
0741:  28 06     JR   Z,#06h         A:ff B:fb C:7e D:00 E:d8 F:00 H:0b L:8f LY:61 SP:dff3  Cy:23446888
0743:  F0 44     LDH  A,(#44h)       A:ff B:fb C:7e D:00 E:d8 F:00 H:0b L:8f LY:61 SP:dff3  Cy:23446900
0745:  FE 90     CP   #90h           A:ff B:fb C:7e D:00 E:d8 F:00 H:0b L:8f LY:62 SP:dff3  Cy:23446912
0747:  20 F5     JR   NZ,#FFFFFFF5h  A:ff B:fb C:7e D:00 E:d8 F:40 H:0b L:8f LY:62 SP:dff3  Cy:23446920
073E:  03        INC  BC             A:ff B:fb C:7e D:00 E:d8 F:40 H:0b L:8f LY:62 SP:dff3  Cy:23446932
073F:  78        LD   A,B            A:ff B:fb C:7f D:00 E:d8 F:40 H:0b L:8f LY:63 SP:dff3  Cy:23446940
0740:  B1        OR   C              A:fb B:fb C:7f D:00 E:d8 F:40 H:0b L:8f LY:63 SP:dff3  Cy:23446944
0741:  28 06     JR   Z,#06h         A:ff B:fb C:7f D:00 E:d8 F:00 H:0b L:8f LY:63 SP:dff3  Cy:23446948
0743:  F0 44     LDH  A,(#44h)       A:ff B:fb C:7f D:00 E:d8 F:00 H:0b L:8f LY:64 SP:dff3  Cy:23446960
0745:  FE 90     CP   #90h           A:ff B:fb C:7f D:00 E:d8 F:00 H:0b L:8f LY:64 SP:dff3  Cy:23446972
0747:  20 F5     JR   NZ,#FFFFFFF5h  A:ff B:fb C:7f D:00 E:d8 F:40 H:0b L:8f LY:64 SP:dff3  Cy:23446980
073E:  03        INC  BC             A:ff B:fb C:7f D:00 E:d8 F:40 H:0b L:8f LY:65 SP:dff3  Cy:23446992
073F:  78        LD   A,B            A:ff B:fb C:80 D:00 E:d8 F:40 H:0b L:8f LY:65 SP:dff3  Cy:23447000
0740:  B1        OR   C              A:fb B:fb C:80 D:00 E:d8 F:40 H:0b L:8f LY:65 SP:dff3  Cy:23447004
0741:  28 06     JR   Z,#06h         A:fb B:fb C:80 D:00 E:d8 F:00 H:0b L:8f LY:66 SP:dff3  Cy:23447008
0743:  F0 44     LDH  A,(#44h)       A:fb B:fb C:80 D:00 E:d8 F:00 H:0b L:8f LY:66 SP:dff3  Cy:23447020
0745:  FE 90     CP   #90h           A:fb B:fb C:80 D:00 E:d8 F:00 H:0b L:8f LY:66 SP:dff3  Cy:23447032
0747:  20 F5     JR   NZ,#FFFFFFF5h  A:fb B:fb C:80 D:00 E:d8 F:40 H:0b L:8f LY:67 SP:dff3  Cy:23447040
073E:  03        INC  BC             A:fb B:fb C:80 D:00 E:d8 F:40 H:0b L:8f LY:67 SP:dff3  Cy:23447052
073F:  78        LD   A,B            A:fb B:fb C:81 D:00 E:d8 F:40 H:0b L:8f LY:67 SP:dff3  Cy:23447060
0740:  B1        OR   C              A:fb B:fb C:81 D:00 E:d8 F:40 H:0b L:8f LY:68 SP:dff3  Cy:23447064
0741:  28 06     JR   Z,#06h         A:fb B:fb C:81 D:00 E:d8 F:00 H:0b L:8f LY:68 SP:dff3  Cy:23447068
0743:  F0 44     LDH  A,(#44h)       A:fb B:fb C:81 D:00 E:d8 F:00 H:0b L:8f LY:68 SP:dff3  Cy:23447080
0745:  FE 90     CP   #90h           A:fb B:fb C:81 D:00 E:d8 F:00 H:0b L:8f LY:69 SP:dff3  Cy:23447092
0747:  20 F5     JR   NZ,#FFFFFFF5h  A:fb B:fb C:81 D:00 E:d8 F:40 H:0b L:8f LY:69 SP:dff3  Cy:23447100
073E:  03        INC  BC             A:fb B:fb C:81 D:00 E:d8 F:40 H:0b L:8f LY:69 SP:dff3  Cy:23447112
073F:  78        LD   A,B            A:fb B:fb C:82 D:00 E:d8 F:40 H:0b L:8f LY:6a SP:dff3  Cy:23447120
0740:  B1        OR   C              A:fb B:fb C:82 D:00 E:d8 F:40 H:0b L:8f LY:6a SP:dff3  Cy:23447124
0741:  28 06     JR   Z,#06h         A:fb B:fb C:82 D:00 E:d8 F:00 H:0b L:8f LY:6a SP:dff3  Cy:23447128
0743:  F0 44     LDH  A,(#44h)       A:fb B:fb C:82 D:00 E:d8 F:00 H:0b L:8f LY:6b SP:dff3  Cy:23447140
0745:  FE 90     CP   #90h           A:fb B:fb C:82 D:00 E:d8 F:00 H:0b L:8f LY:6b SP:dff3  Cy:23447152
0747:  20 F5     JR   NZ,#FFFFFFF5h  A:fb B:fb C:82 D:00 E:d8 F:40 H:0b L:8f LY:6b SP:dff3  Cy:23447160
073E:  03        INC  BC             A:fb B:fb C:82 D:00 E:d8 F:40 H:0b L:8f LY:6c SP:dff3  Cy:23447172
073F:  78        LD   A,B            A:fb B:fb C:83 D:00 E:d8 F:40 H:0b L:8f LY:6c SP:dff3  Cy:23447180
0740:  B1        OR   C              A:fb B:fb C:83 D:00 E:d8 F:40 H:0b L:8f LY:6c SP:dff3  Cy:23447184
0741:  28 06     JR   Z,#06h         A:fb B:fb C:83 D:00 E:d8 F:00 H:0b L:8f LY:6d SP:dff3  Cy:23447188
0743:  F0 44     LDH  A,(#44h)       A:fb B:fb C:83 D:00 E:d8 F:00 H:0b L:8f LY:6d SP:dff3  Cy:23447200
0745:  FE 90     CP   #90h           A:fb B:fb C:83 D:00 E:d8 F:00 H:0b L:8f LY:6d SP:dff3  Cy:23447212
0747:  20 F5     JR   NZ,#FFFFFFF5h  A:fb B:fb C:83 D:00 E:d8 F:40 H:0b L:8f LY:6e SP:dff3  Cy:23447220
073E:  03        INC  BC             A:fb B:fb C:83 D:00 E:d8 F:40 H:0b L:8f LY:6e SP:dff3  Cy:23447232
073F:  78        LD   A,B            A:fb B:fb C:84 D:00 E:d8 F:40 H:0b L:8f LY:6e SP:dff3  Cy:23447240
0740:  B1        OR   C              A:fb B:fb C:84 D:00 E:d8 F:40 H:0b L:8f LY:6f SP:dff3  Cy:23447244
0741:  28 06     JR   Z,#06h         A:ff B:fb C:84 D:00 E:d8 F:00 H:0b L:8f LY:6f SP:dff3  Cy:23447248
0743:  F0 44     LDH  A,(#44h)       A:ff B:fb C:84 D:00 E:d8 F:00 H:0b L:8f LY:6f SP:dff3  Cy:23447260
0745:  FE 90     CP   #90h           A:ff B:fb C:84 D:00 E:d8 F:00 H:0b L:8f LY:70 SP:dff3  Cy:23447272
0747:  20 F5     JR   NZ,#FFFFFFF5h  A:ff B:fb C:84 D:00 E:d8 F:40 H:0b L:8f LY:70 SP:dff3  Cy:23447280
073E:  03        INC  BC             A:ff B:fb C:84 D:00 E:d8 F:40 H:0b L:8f LY:70 SP:dff3  Cy:23447292
073F:  78        LD   A,B            A:ff B:fb C:85 D:00 E:d8 F:40 H:0b L:8f LY:71 SP:dff3  Cy:23447300
0740:  B1        OR   C              A:fb B:fb C:85 D:00 E:d8 F:40 H:0b L:8f LY:71 SP:dff3  Cy:23447304
0741:  28 06     JR   Z,#06h         A:ff B:fb C:85 D:00 E:d8 F:00 H:0b L:8f LY:71 SP:dff3  Cy:23447308
0743:  F0 44     LDH  A,(#44h)       A:ff B:fb C:85 D:00 E:d8 F:00 H:0b L:8f LY:72 SP:dff3  Cy:23447320
0745:  FE 90     CP   #90h           A:ff B:fb C:85 D:00 E:d8 F:00 H:0b L:8f LY:72 SP:dff3  Cy:23447332
0747:  20 F5     JR   NZ,#FFFFFFF5h  A:ff B:fb C:85 D:00 E:d8 F:40 H:0b L:8f LY:72 SP:dff3  Cy:23447340
073E:  03        INC  BC             A:ff B:fb C:85 D:00 E:d8 F:40 H:0b L:8f LY:73 SP:dff3  Cy:23447352
073F:  78        LD   A,B            A:ff B:fb C:86 D:00 E:d8 F:40 H:0b L:8f LY:73 SP:dff3  Cy:23447360
0740:  B1        OR   C              A:fb B:fb C:86 D:00 E:d8 F:40 H:0b L:8f LY:73 SP:dff3  Cy:23447364
0741:  28 06     JR   Z,#06h         A:ff B:fb C:86 D:00 E:d8 F:00 H:0b L:8f LY:74 SP:dff3  Cy:23447368
0743:  F0 44     LDH  A,(#44h)       A:ff B:fb C:86 D:00 E:d8 F:00 H:0b L:8f LY:74 SP:dff3  Cy:23447380
0745:  FE 90     CP   #90h           A:ff B:fb C:86 D:00 E:d8 F:00 H:0b L:8f LY:74 SP:dff3  Cy:23447392
0747:  20 F5     JR   NZ,#FFFFFFF5h  A:ff B:fb C:86 D:00 E:d8 F:40 H:0b L:8f LY:75 SP:dff3  Cy:23447400
073E:  03        INC  BC             A:ff B:fb C:86 D:00 E:d8 F:40 H:0b L:8f LY:75 SP:dff3  Cy:23447412
073F:  78        LD   A,B            A:ff B:fb C:87 D:00 E:d8 F:40 H:0b L:8f LY:75 SP:dff3  Cy:23447420
0740:  B1        OR   C              A:fb B:fb C:87 D:00 E:d8 F:40 H:0b L:8f LY:76 SP:dff3  Cy:23447424
0741:  28 06     JR   Z,#06h         A:ff B:fb C:87 D:00 E:d8 F:00 H:0b L:8f LY:76 SP:dff3  Cy:23447428
0743:  F0 44     LDH  A,(#44h)       A:ff B:fb C:87 D:00 E:d8 F:00 H:0b L:8f LY:76 SP:dff3  Cy:23447440
0745:  FE 90     CP   #90h           A:ff B:fb C:87 D:00 E:d8 F:00 H:0b L:8f LY:77 SP:dff3  Cy:23447452
0747:  20 F5     JR   NZ,#FFFFFFF5h  A:ff B:fb C:87 D:00 E:d8 F:40 H:0b L:8f LY:77 SP:dff3  Cy:23447460
073E:  03        INC  BC             A:ff B:fb C:87 D:00 E:d8 F:40 H:0b L:8f LY:77 SP:dff3  Cy:23447472
073F:  78        LD   A,B            A:ff B:fb C:88 D:00 E:d8 F:40 H:0b L:8f LY:78 SP:dff3  Cy:23447480
0740:  B1        OR   C              A:fb B:fb C:88 D:00 E:d8 F:40 H:0b L:8f LY:78 SP:dff3  Cy:23447484
0741:  28 06     JR   Z,#06h         A:fb B:fb C:88 D:00 E:d8 F:00 H:0b L:8f LY:78 SP:dff3  Cy:23447488
0743:  F0 44     LDH  A,(#44h)       A:fb B:fb C:88 D:00 E:d8 F:00 H:0b L:8f LY:79 SP:dff3  Cy:23447500
0745:  FE 90     CP   #90h           A:fb B:fb C:88 D:00 E:d8 F:00 H:0b L:8f LY:79 SP:dff3  Cy:23447512
0747:  20 F5     JR   NZ,#FFFFFFF5h  A:fb B:fb C:88 D:00 E:d8 F:40 H:0b L:8f LY:79 SP:dff3  Cy:23447520
073E:  03        INC  BC             A:fb B:fb C:88 D:00 E:d8 F:40 H:0b L:8f LY:7a SP:dff3  Cy:23447532
073F:  78        LD   A,B            A:fb B:fb C:89 D:00 E:d8 F:40 H:0b L:8f LY:7a SP:dff3  Cy:23447540
0740:  B1        OR   C              A:fb B:fb C:89 D:00 E:d8 F:40 H:0b L:8f LY:7a SP:dff3  Cy:23447544
0741:  28 06     JR   Z,#06h         A:fb B:fb C:89 D:00 E:d8 F:00 H:0b L:8f LY:7b SP:dff3  Cy:23447548
0743:  F0 44     LDH  A,(#44h)       A:fb B:fb C:89 D:00 E:d8 F:00 H:0b L:8f LY:7b SP:dff3  Cy:23447560
0745:  FE 90     CP   #90h           A:fb B:fb C:89 D:00 E:d8 F:00 H:0b L:8f LY:7b SP:dff3  Cy:23447572
0747:  20 F5     JR   NZ,#FFFFFFF5h  A:fb B:fb C:89 D:00 E:d8 F:40 H:0b L:8f LY:7c SP:dff3  Cy:23447580
073E:  03        INC  BC             A:fb B:fb C:89 D:00 E:d8 F:40 H:0b L:8f LY:7c SP:dff3  Cy:23447592
073F:  78        LD   A,B            A:fb B:fb C:8a D:00 E:d8 F:40 H:0b L:8f LY:7c SP:dff3  Cy:23447600
0740:  B1        OR   C              A:fb B:fb C:8a D:00 E:d8 F:40 H:0b L:8f LY:7d SP:dff3  Cy:23447604
0741:  28 06     JR   Z,#06h         A:fb B:fb C:8a D:00 E:d8 F:00 H:0b L:8f LY:7d SP:dff3  Cy:23447608
0743:  F0 44     LDH  A,(#44h)       A:fb B:fb C:8a D:00 E:d8 F:00 H:0b L:8f LY:7d SP:dff3  Cy:23447620
0745:  FE 90     CP   #90h           A:fb B:fb C:8a D:00 E:d8 F:00 H:0b L:8f LY:7e SP:dff3  Cy:23447632
0747:  20 F5     JR   NZ,#FFFFFFF5h  A:fb B:fb C:8a D:00 E:d8 F:40 H:0b L:8f LY:7e SP:dff3  Cy:23447640
073E:  03        INC  BC             A:fb B:fb C:8a D:00 E:d8 F:40 H:0b L:8f LY:7e SP:dff3  Cy:23447652
073F:  78        LD   A,B            A:fb B:fb C:8b D:00 E:d8 F:40 H:0b L:8f LY:7f SP:dff3  Cy:23447660
0740:  B1        OR   C              A:fb B:fb C:8b D:00 E:d8 F:40 H:0b L:8f LY:7f SP:dff3  Cy:23447664
0741:  28 06     JR   Z,#06h         A:fb B:fb C:8b D:00 E:d8 F:00 H:0b L:8f LY:7f SP:dff3  Cy:23447668
0743:  F0 44     LDH  A,(#44h)       A:fb B:fb C:8b D:00 E:d8 F:00 H:0b L:8f LY:80 SP:dff3  Cy:23447680
0745:  FE 90     CP   #90h           A:fb B:fb C:8b D:00 E:d8 F:00 H:0b L:8f LY:80 SP:dff3  Cy:23447692
0747:  20 F5     JR   NZ,#FFFFFFF5h  A:fb B:fb C:8b D:00 E:d8 F:40 H:0b L:8f LY:80 SP:dff3  Cy:23447700
073E:  03        INC  BC             A:fb B:fb C:8b D:00 E:d8 F:40 H:0b L:8f LY:81 SP:dff3  Cy:23447712
073F:  78        LD   A,B            A:fb B:fb C:8c D:00 E:d8 F:40 H:0b L:8f LY:81 SP:dff3  Cy:23447720
0740:  B1        OR   C              A:fb B:fb C:8c D:00 E:d8 F:40 H:0b L:8f LY:81 SP:dff3  Cy:23447724
0741:  28 06     JR   Z,#06h         A:ff B:fb C:8c D:00 E:d8 F:00 H:0b L:8f LY:82 SP:dff3  Cy:23447728
0743:  F0 44     LDH  A,(#44h)       A:ff B:fb C:8c D:00 E:d8 F:00 H:0b L:8f LY:82 SP:dff3  Cy:23447740
0745:  FE 90     CP   #90h           A:ff B:fb C:8c D:00 E:d8 F:00 H:0b L:8f LY:82 SP:dff3  Cy:23447752
0747:  20 F5     JR   NZ,#FFFFFFF5h  A:ff B:fb C:8c D:00 E:d8 F:40 H:0b L:8f LY:83 SP:dff3  Cy:23447760
073E:  03        INC  BC             A:ff B:fb C:8c D:00 E:d8 F:40 H:0b L:8f LY:83 SP:dff3  Cy:23447772
073F:  78        LD   A,B            A:ff B:fb C:8d D:00 E:d8 F:40 H:0b L:8f LY:83 SP:dff3  Cy:23447780
0740:  B1        OR   C              A:fb B:fb C:8d D:00 E:d8 F:40 H:0b L:8f LY:84 SP:dff3  Cy:23447784
0741:  28 06     JR   Z,#06h         A:ff B:fb C:8d D:00 E:d8 F:00 H:0b L:8f LY:84 SP:dff3  Cy:23447788
0743:  F0 44     LDH  A,(#44h)       A:ff B:fb C:8d D:00 E:d8 F:00 H:0b L:8f LY:84 SP:dff3  Cy:23447800
0745:  FE 90     CP   #90h           A:ff B:fb C:8d D:00 E:d8 F:00 H:0b L:8f LY:85 SP:dff3  Cy:23447812
0747:  20 F5     JR   NZ,#FFFFFFF5h  A:ff B:fb C:8d D:00 E:d8 F:40 H:0b L:8f LY:85 SP:dff3  Cy:23447820
073E:  03        INC  BC             A:ff B:fb C:8d D:00 E:d8 F:40 H:0b L:8f LY:85 SP:dff3  Cy:23447832
073F:  78        LD   A,B            A:ff B:fb C:8e D:00 E:d8 F:40 H:0b L:8f LY:86 SP:dff3  Cy:23447840
0740:  B1        OR   C              A:fb B:fb C:8e D:00 E:d8 F:40 H:0b L:8f LY:86 SP:dff3  Cy:23447844
0741:  28 06     JR   Z,#06h         A:ff B:fb C:8e D:00 E:d8 F:00 H:0b L:8f LY:86 SP:dff3  Cy:23447848
0743:  F0 44     LDH  A,(#44h)       A:ff B:fb C:8e D:00 E:d8 F:00 H:0b L:8f LY:87 SP:dff3  Cy:23447860
0745:  FE 90     CP   #90h           A:ff B:fb C:8e D:00 E:d8 F:00 H:0b L:8f LY:87 SP:dff3  Cy:23447872
0747:  20 F5     JR   NZ,#FFFFFFF5h  A:ff B:fb C:8e D:00 E:d8 F:40 H:0b L:8f LY:87 SP:dff3  Cy:23447880
073E:  03        INC  BC             A:ff B:fb C:8e D:00 E:d8 F:40 H:0b L:8f LY:88 SP:dff3  Cy:23447892
073F:  78        LD   A,B            A:ff B:fb C:8f D:00 E:d8 F:40 H:0b L:8f LY:88 SP:dff3  Cy:23447900
0740:  B1        OR   C              A:fb B:fb C:8f D:00 E:d8 F:40 H:0b L:8f LY:88 SP:dff3  Cy:23447904
0741:  28 06     JR   Z,#06h         A:ff B:fb C:8f D:00 E:d8 F:00 H:0b L:8f LY:89 SP:dff3  Cy:23447908
0743:  F0 44     LDH  A,(#44h)       A:ff B:fb C:8f D:00 E:d8 F:00 H:0b L:8f LY:89 SP:dff3  Cy:23447920
0745:  FE 90     CP   #90h           A:ff B:fb C:8f D:00 E:d8 F:00 H:0b L:8f LY:89 SP:dff3  Cy:23447932
0747:  20 F5     JR   NZ,#FFFFFFF5h  A:ff B:fb C:8f D:00 E:d8 F:40 H:0b L:8f LY:8a SP:dff3  Cy:23447940
073E:  03        INC  BC             A:ff B:fb C:8f D:00 E:d8 F:40 H:0b L:8f LY:8a SP:dff3  Cy:23447952
073F:  78        LD   A,B            A:ff B:fb C:90 D:00 E:d8 F:40 H:0b L:8f LY:8a SP:dff3  Cy:23447960
0740:  B1        OR   C              A:fb B:fb C:90 D:00 E:d8 F:40 H:0b L:8f LY:8b SP:dff3  Cy:23447964
0741:  28 06     JR   Z,#06h         A:fb B:fb C:90 D:00 E:d8 F:00 H:0b L:8f LY:8b SP:dff3  Cy:23447968
0743:  F0 44     LDH  A,(#44h)       A:fb B:fb C:90 D:00 E:d8 F:00 H:0b L:8f LY:8b SP:dff3  Cy:23447980
0745:  FE 90     CP   #90h           A:fb B:fb C:90 D:00 E:d8 F:00 H:0b L:8f LY:8c SP:dff3  Cy:23447992
0747:  20 F5     JR   NZ,#FFFFFFF5h  A:fb B:fb C:90 D:00 E:d8 F:40 H:0b L:8f LY:8c SP:dff3  Cy:23448000
073E:  03        INC  BC             A:fb B:fb C:90 D:00 E:d8 F:40 H:0b L:8f LY:8c SP:dff3  Cy:23448012
073F:  78        LD   A,B            A:fb B:fb C:91 D:00 E:d8 F:40 H:0b L:8f LY:8d SP:dff3  Cy:23448020
0740:  B1        OR   C              A:fb B:fb C:91 D:00 E:d8 F:40 H:0b L:8f LY:8d SP:dff3  Cy:23448024
0741:  28 06     JR   Z,#06h         A:fb B:fb C:91 D:00 E:d8 F:00 H:0b L:8f LY:8d SP:dff3  Cy:23448028
0743:  F0 44     LDH  A,(#44h)       A:fb B:fb C:91 D:00 E:d8 F:00 H:0b L:8f LY:8e SP:dff3  Cy:23448040
0745:  FE 90     CP   #90h           A:fb B:fb C:91 D:00 E:d8 F:00 H:0b L:8f LY:8e SP:dff3  Cy:23448052
0747:  20 F5     JR   NZ,#FFFFFFF5h  A:fb B:fb C:91 D:00 E:d8 F:40 H:0b L:8f LY:8e SP:dff3  Cy:23448060
073E:  03        INC  BC             A:fb B:fb C:91 D:00 E:d8 F:40 H:0b L:8f LY:8e SP:dff3  Cy:23448072
073F:  78        LD   A,B            A:fb B:fb C:92 D:00 E:d8 F:40 H:0b L:8f LY:90 SP:dff3  Cy:23448080
0740:  B1        OR   C              A:fb B:fb C:92 D:00 E:d8 F:40 H:0b L:8f LY:91 SP:dff3  Cy:23448084
0741:  28 06     JR   Z,#06h         A:fb B:fb C:92 D:00 E:d8 F:00 H:0b L:8f LY:92 SP:dff3  Cy:23448088
0743:  F0 44     LDH  A,(#44h)       A:fb B:fb C:92 D:00 E:d8 F:00 H:0b L:8f LY:93 SP:dff3  Cy:23448100
0745:  FE 90     CP   #90h           A:fb B:fb C:92 D:00 E:d8 F:00 H:0b L:8f LY:94 SP:dff3  Cy:23448112
0747:  20 F5     JR   NZ,#FFFFFFF5h  A:fb B:fb C:92 D:00 E:d8 F:40 H:0b L:8f LY:95 SP:dff3  Cy:23448120
073E:  03        INC  BC             A:fb B:fb C:92 D:00 E:d8 F:40 H:0b L:8f LY:96 SP:dff3  Cy:23448132
073F:  78        LD   A,B            A:fb B:fb C:93 D:00 E:d8 F:40 H:0b L:8f LY:97 SP:dff3  Cy:23448140
0740:  B1        OR   C              A:fb B:fb C:93 D:00 E:d8 F:40 H:0b L:8f LY:98 SP:dff3  Cy:23448144
0741:  28 06     JR   Z,#06h         A:fb B:fb C:93 D:00 E:d8 F:00 H:0b L:8f LY:99 SP:dff3  Cy:23448148
0743:  F0 44     LDH  A,(#44h)       A:fb B:fb C:93 D:00 E:d8 F:00 H:0b L:8f LY:00 SP:dff3  Cy:23448160
0745:  FE 90     CP   #90h           A:fb B:fb C:93 D:00 E:d8 F:00 H:0b L:8f LY:00 SP:dff3  Cy:23448172
0747:  20 F5     JR   NZ,#FFFFFFF5h  A:fb B:fb C:93 D:00 E:d8 F:40 H:0b L:8f LY:00 SP:dff3  Cy:23448180
073E:  03        INC  BC             A:fb B:fb C:93 D:00 E:d8 F:40 H:0b L:8f LY:01 SP:dff3  Cy:23448192
073F:  78        LD   A,B            A:fb B:fb C:94 D:00 E:d8 F:40 H:0b L:8f LY:01 SP:dff3  Cy:23448200
0740:  B1        OR   C              A:fb B:fb C:94 D:00 E:d8 F:40 H:0b L:8f LY:01 SP:dff3  Cy:23448204
0741:  28 06     JR   Z,#06h         A:ff B:fb C:94 D:00 E:d8 F:00 H:0b L:8f LY:02 SP:dff3  Cy:23448208
0743:  F0 44     LDH  A,(#44h)       A:ff B:fb C:94 D:00 E:d8 F:00 H:0b L:8f LY:02 SP:dff3  Cy:23448220
0745:  FE 90     CP   #90h           A:ff B:fb C:94 D:00 E:d8 F:00 H:0b L:8f LY:02 SP:dff3  Cy:23448232
0747:  20 F5     JR   NZ,#FFFFFFF5h  A:ff B:fb C:94 D:00 E:d8 F:40 H:0b L:8f LY:03 SP:dff3  Cy:23448240
073E:  03        INC  BC             A:ff B:fb C:94 D:00 E:d8 F:40 H:0b L:8f LY:03 SP:dff3  Cy:23448252
073F:  78        LD   A,B            A:ff B:fb C:95 D:00 E:d8 F:40 H:0b L:8f LY:03 SP:dff3  Cy:23448260
0740:  B1        OR   C              A:fb B:fb C:95 D:00 E:d8 F:40 H:0b L:8f LY:04 SP:dff3  Cy:23448264
0741:  28 06     JR   Z,#06h         A:ff B:fb C:95 D:00 E:d8 F:00 H:0b L:8f LY:04 SP:dff3  Cy:23448268
0743:  F0 44     LDH  A,(#44h)       A:ff B:fb C:95 D:00 E:d8 F:00 H:0b L:8f LY:04 SP:dff3  Cy:23448280
0745:  FE 90     CP   #90h           A:ff B:fb C:95 D:00 E:d8 F:00 H:0b L:8f LY:05 SP:dff3  Cy:23448292
0747:  20 F5     JR   NZ,#FFFFFFF5h  A:ff B:fb C:95 D:00 E:d8 F:40 H:0b L:8f LY:05 SP:dff3  Cy:23448300
073E:  03        INC  BC             A:ff B:fb C:95 D:00 E:d8 F:40 H:0b L:8f LY:05 SP:dff3  Cy:23448312
073F:  78        LD   A,B            A:ff B:fb C:96 D:00 E:d8 F:40 H:0b L:8f LY:06 SP:dff3  Cy:23448320
0740:  B1        OR   C              A:fb B:fb C:96 D:00 E:d8 F:40 H:0b L:8f LY:06 SP:dff3  Cy:23448324
0741:  28 06     JR   Z,#06h         A:ff B:fb C:96 D:00 E:d8 F:00 H:0b L:8f LY:06 SP:dff3  Cy:23448328
0743:  F0 44     LDH  A,(#44h)       A:ff B:fb C:96 D:00 E:d8 F:00 H:0b L:8f LY:07 SP:dff3  Cy:23448340
0745:  FE 90     CP   #90h           A:ff B:fb C:96 D:00 E:d8 F:00 H:0b L:8f LY:07 SP:dff3  Cy:23448352
0747:  20 F5     JR   NZ,#FFFFFFF5h  A:ff B:fb C:96 D:00 E:d8 F:40 H:0b L:8f LY:07 SP:dff3  Cy:23448360
073E:  03        INC  BC             A:ff B:fb C:96 D:00 E:d8 F:40 H:0b L:8f LY:08 SP:dff3  Cy:23448372
073F:  78        LD   A,B            A:ff B:fb C:97 D:00 E:d8 F:40 H:0b L:8f LY:08 SP:dff3  Cy:23448380
0740:  B1        OR   C              A:fb B:fb C:97 D:00 E:d8 F:40 H:0b L:8f LY:08 SP:dff3  Cy:23448384
0741:  28 06     JR   Z,#06h         A:ff B:fb C:97 D:00 E:d8 F:00 H:0b L:8f LY:09 SP:dff3  Cy:23448388
0743:  F0 44     LDH  A,(#44h)       A:ff B:fb C:97 D:00 E:d8 F:00 H:0b L:8f LY:09 SP:dff3  Cy:23448400
0745:  FE 90     CP   #90h           A:ff B:fb C:97 D:00 E:d8 F:00 H:0b L:8f LY:09 SP:dff3  Cy:23448412
0747:  20 F5     JR   NZ,#FFFFFFF5h  A:ff B:fb C:97 D:00 E:d8 F:40 H:0b L:8f LY:0a SP:dff3  Cy:23448420
073E:  03        INC  BC             A:ff B:fb C:97 D:00 E:d8 F:40 H:0b L:8f LY:0a SP:dff3  Cy:23448432
073F:  78        LD   A,B            A:ff B:fb C:98 D:00 E:d8 F:40 H:0b L:8f LY:0a SP:dff3  Cy:23448440
0740:  B1        OR   C              A:fb B:fb C:98 D:00 E:d8 F:40 H:0b L:8f LY:0b SP:dff3  Cy:23448444
0741:  28 06     JR   Z,#06h         A:fb B:fb C:98 D:00 E:d8 F:00 H:0b L:8f LY:0b SP:dff3  Cy:23448448
0743:  F0 44     LDH  A,(#44h)       A:fb B:fb C:98 D:00 E:d8 F:00 H:0b L:8f LY:0b SP:dff3  Cy:23448460
0745:  FE 90     CP   #90h           A:fb B:fb C:98 D:00 E:d8 F:00 H:0b L:8f LY:0c SP:dff3  Cy:23448472
0747:  20 F5     JR   NZ,#FFFFFFF5h  A:fb B:fb C:98 D:00 E:d8 F:40 H:0b L:8f LY:0c SP:dff3  Cy:23448480
073E:  03        INC  BC             A:fb B:fb C:98 D:00 E:d8 F:40 H:0b L:8f LY:0c SP:dff3  Cy:23448492
073F:  78        LD   A,B            A:fb B:fb C:99 D:00 E:d8 F:40 H:0b L:8f LY:0d SP:dff3  Cy:23448500
0740:  B1        OR   C              A:fb B:fb C:99 D:00 E:d8 F:40 H:0b L:8f LY:0d SP:dff3  Cy:23448504
0741:  28 06     JR   Z,#06h         A:fb B:fb C:99 D:00 E:d8 F:00 H:0b L:8f LY:0d SP:dff3  Cy:23448508
0743:  F0 44     LDH  A,(#44h)       A:fb B:fb C:99 D:00 E:d8 F:00 H:0b L:8f LY:0e SP:dff3  Cy:23448520
0745:  FE 90     CP   #90h           A:fb B:fb C:99 D:00 E:d8 F:00 H:0b L:8f LY:0e SP:dff3  Cy:23448532
0747:  20 F5     JR   NZ,#FFFFFFF5h  A:fb B:fb C:99 D:00 E:d8 F:40 H:0b L:8f LY:0e SP:dff3  Cy:23448540
073E:  03        INC  BC             A:fb B:fb C:99 D:00 E:d8 F:40 H:0b L:8f LY:0f SP:dff3  Cy:23448552
073F:  78        LD   A,B            A:fb B:fb C:9a D:00 E:d8 F:40 H:0b L:8f LY:0f SP:dff3  Cy:23448560
0740:  B1        OR   C              A:fb B:fb C:9a D:00 E:d8 F:40 H:0b L:8f LY:0f SP:dff3  Cy:23448564
0741:  28 06     JR   Z,#06h         A:fb B:fb C:9a D:00 E:d8 F:00 H:0b L:8f LY:10 SP:dff3  Cy:23448568
0743:  F0 44     LDH  A,(#44h)       A:fb B:fb C:9a D:00 E:d8 F:00 H:0b L:8f LY:10 SP:dff3  Cy:23448580
0745:  FE 90     CP   #90h           A:fb B:fb C:9a D:00 E:d8 F:00 H:0b L:8f LY:10 SP:dff3  Cy:23448592
0747:  20 F5     JR   NZ,#FFFFFFF5h  A:fb B:fb C:9a D:00 E:d8 F:40 H:0b L:8f LY:11 SP:dff3  Cy:23448600
073E:  03        INC  BC             A:fb B:fb C:9a D:00 E:d8 F:40 H:0b L:8f LY:11 SP:dff3  Cy:23448612
073F:  78        LD   A,B            A:fb B:fb C:9b D:00 E:d8 F:40 H:0b L:8f LY:11 SP:dff3  Cy:23448620
0740:  B1        OR   C              A:fb B:fb C:9b D:00 E:d8 F:40 H:0b L:8f LY:12 SP:dff3  Cy:23448624
0741:  28 06     JR   Z,#06h         A:fb B:fb C:9b D:00 E:d8 F:00 H:0b L:8f LY:12 SP:dff3  Cy:23448628
0743:  F0 44     LDH  A,(#44h)       A:fb B:fb C:9b D:00 E:d8 F:00 H:0b L:8f LY:12 SP:dff3  Cy:23448640
0745:  FE 90     CP   #90h           A:fb B:fb C:9b D:00 E:d8 F:00 H:0b L:8f LY:13 SP:dff3  Cy:23448652
0747:  20 F5     JR   NZ,#FFFFFFF5h  A:fb B:fb C:9b D:00 E:d8 F:40 H:0b L:8f LY:13 SP:dff3  Cy:23448660
073E:  03        INC  BC             A:fb B:fb C:9b D:00 E:d8 F:40 H:0b L:8f LY:13 SP:dff3  Cy:23448672
073F:  78        LD   A,B            A:fb B:fb C:9c D:00 E:d8 F:40 H:0b L:8f LY:14 SP:dff3  Cy:23448680
0740:  B1        OR   C              A:fb B:fb C:9c D:00 E:d8 F:40 H:0b L:8f LY:14 SP:dff3  Cy:23448684
0741:  28 06     JR   Z,#06h         A:ff B:fb C:9c D:00 E:d8 F:00 H:0b L:8f LY:14 SP:dff3  Cy:23448688
0743:  F0 44     LDH  A,(#44h)       A:ff B:fb C:9c D:00 E:d8 F:00 H:0b L:8f LY:15 SP:dff3  Cy:23448700
0745:  FE 90     CP   #90h           A:ff B:fb C:9c D:00 E:d8 F:00 H:0b L:8f LY:15 SP:dff3  Cy:23448712
0747:  20 F5     JR   NZ,#FFFFFFF5h  A:ff B:fb C:9c D:00 E:d8 F:40 H:0b L:8f LY:15 SP:dff3  Cy:23448720
073E:  03        INC  BC             A:ff B:fb C:9c D:00 E:d8 F:40 H:0b L:8f LY:16 SP:dff3  Cy:23448732
073F:  78        LD   A,B            A:ff B:fb C:9d D:00 E:d8 F:40 H:0b L:8f LY:16 SP:dff3  Cy:23448740
0740:  B1        OR   C              A:fb B:fb C:9d D:00 E:d8 F:40 H:0b L:8f LY:16 SP:dff3  Cy:23448744
0741:  28 06     JR   Z,#06h         A:ff B:fb C:9d D:00 E:d8 F:00 H:0b L:8f LY:17 SP:dff3  Cy:23448748
0743:  F0 44     LDH  A,(#44h)       A:ff B:fb C:9d D:00 E:d8 F:00 H:0b L:8f LY:17 SP:dff3  Cy:23448760
0745:  FE 90     CP   #90h           A:ff B:fb C:9d D:00 E:d8 F:00 H:0b L:8f LY:17 SP:dff3  Cy:23448772
0747:  20 F5     JR   NZ,#FFFFFFF5h  A:ff B:fb C:9d D:00 E:d8 F:40 H:0b L:8f LY:18 SP:dff3  Cy:23448780
073E:  03        INC  BC             A:ff B:fb C:9d D:00 E:d8 F:40 H:0b L:8f LY:18 SP:dff3  Cy:23448792
073F:  78        LD   A,B            A:ff B:fb C:9e D:00 E:d8 F:40 H:0b L:8f LY:18 SP:dff3  Cy:23448800
0740:  B1        OR   C              A:fb B:fb C:9e D:00 E:d8 F:40 H:0b L:8f LY:19 SP:dff3  Cy:23448804
0741:  28 06     JR   Z,#06h         A:ff B:fb C:9e D:00 E:d8 F:00 H:0b L:8f LY:19 SP:dff3  Cy:23448808
0743:  F0 44     LDH  A,(#44h)       A:ff B:fb C:9e D:00 E:d8 F:00 H:0b L:8f LY:19 SP:dff3  Cy:23448820
0745:  FE 90     CP   #90h           A:ff B:fb C:9e D:00 E:d8 F:00 H:0b L:8f LY:1a SP:dff3  Cy:23448832
0747:  20 F5     JR   NZ,#FFFFFFF5h  A:ff B:fb C:9e D:00 E:d8 F:40 H:0b L:8f LY:1a SP:dff3  Cy:23448840
073E:  03        INC  BC             A:ff B:fb C:9e D:00 E:d8 F:40 H:0b L:8f LY:1a SP:dff3  Cy:23448852
073F:  78        LD   A,B            A:ff B:fb C:9f D:00 E:d8 F:40 H:0b L:8f LY:1b SP:dff3  Cy:23448860
0740:  B1        OR   C              A:fb B:fb C:9f D:00 E:d8 F:40 H:0b L:8f LY:1b SP:dff3  Cy:23448864
0741:  28 06     JR   Z,#06h         A:ff B:fb C:9f D:00 E:d8 F:00 H:0b L:8f LY:1b SP:dff3  Cy:23448868
0743:  F0 44     LDH  A,(#44h)       A:ff B:fb C:9f D:00 E:d8 F:00 H:0b L:8f LY:1c SP:dff3  Cy:23448880
0745:  FE 90     CP   #90h           A:ff B:fb C:9f D:00 E:d8 F:00 H:0b L:8f LY:1c SP:dff3  Cy:23448892
0747:  20 F5     JR   NZ,#FFFFFFF5h  A:ff B:fb C:9f D:00 E:d8 F:40 H:0b L:8f LY:1c SP:dff3  Cy:23448900
073E:  03        INC  BC             A:ff B:fb C:9f D:00 E:d8 F:40 H:0b L:8f LY:1d SP:dff3  Cy:23448912
073F:  78        LD   A,B            A:ff B:fb C:a0 D:00 E:d8 F:40 H:0b L:8f LY:1d SP:dff3  Cy:23448920
0740:  B1        OR   C              A:fb B:fb C:a0 D:00 E:d8 F:40 H:0b L:8f LY:1d SP:dff3  Cy:23448924
0741:  28 06     JR   Z,#06h         A:fb B:fb C:a0 D:00 E:d8 F:00 H:0b L:8f LY:1e SP:dff3  Cy:23448928
0743:  F0 44     LDH  A,(#44h)       A:fb B:fb C:a0 D:00 E:d8 F:00 H:0b L:8f LY:1e SP:dff3  Cy:23448940
0745:  FE 90     CP   #90h           A:fb B:fb C:a0 D:00 E:d8 F:00 H:0b L:8f LY:1e SP:dff3  Cy:23448952
0747:  20 F5     JR   NZ,#FFFFFFF5h  A:fb B:fb C:a0 D:00 E:d8 F:40 H:0b L:8f LY:1f SP:dff3  Cy:23448960
073E:  03        INC  BC             A:fb B:fb C:a0 D:00 E:d8 F:40 H:0b L:8f LY:1f SP:dff3  Cy:23448972
073F:  78        LD   A,B            A:fb B:fb C:a1 D:00 E:d8 F:40 H:0b L:8f LY:1f SP:dff3  Cy:23448980
0740:  B1        OR   C              A:fb B:fb C:a1 D:00 E:d8 F:40 H:0b L:8f LY:20 SP:dff3  Cy:23448984
0741:  28 06     JR   Z,#06h         A:fb B:fb C:a1 D:00 E:d8 F:00 H:0b L:8f LY:20 SP:dff3  Cy:23448988
0743:  F0 44     LDH  A,(#44h)       A:fb B:fb C:a1 D:00 E:d8 F:00 H:0b L:8f LY:20 SP:dff3  Cy:23449000
0745:  FE 90     CP   #90h           A:fb B:fb C:a1 D:00 E:d8 F:00 H:0b L:8f LY:21 SP:dff3  Cy:23449012
0747:  20 F5     JR   NZ,#FFFFFFF5h  A:fb B:fb C:a1 D:00 E:d8 F:40 H:0b L:8f LY:21 SP:dff3  Cy:23449020
073E:  03        INC  BC             A:fb B:fb C:a1 D:00 E:d8 F:40 H:0b L:8f LY:21 SP:dff3  Cy:23449032
073F:  78        LD   A,B            A:fb B:fb C:a2 D:00 E:d8 F:40 H:0b L:8f LY:22 SP:dff3  Cy:23449040
0740:  B1        OR   C              A:fb B:fb C:a2 D:00 E:d8 F:40 H:0b L:8f LY:22 SP:dff3  Cy:23449044
0741:  28 06     JR   Z,#06h         A:fb B:fb C:a2 D:00 E:d8 F:00 H:0b L:8f LY:22 SP:dff3  Cy:23449048
0743:  F0 44     LDH  A,(#44h)       A:fb B:fb C:a2 D:00 E:d8 F:00 H:0b L:8f LY:23 SP:dff3  Cy:23449060
0745:  FE 90     CP   #90h           A:fb B:fb C:a2 D:00 E:d8 F:00 H:0b L:8f LY:23 SP:dff3  Cy:23449072
0747:  20 F5     JR   NZ,#FFFFFFF5h  A:fb B:fb C:a2 D:00 E:d8 F:40 H:0b L:8f LY:23 SP:dff3  Cy:23449080
073E:  03        INC  BC             A:fb B:fb C:a2 D:00 E:d8 F:40 H:0b L:8f LY:24 SP:dff3  Cy:23449092
073F:  78        LD   A,B            A:fb B:fb C:a3 D:00 E:d8 F:40 H:0b L:8f LY:24 SP:dff3  Cy:23449100
0740:  B1        OR   C              A:fb B:fb C:a3 D:00 E:d8 F:40 H:0b L:8f LY:24 SP:dff3  Cy:23449104
0741:  28 06     JR   Z,#06h         A:fb B:fb C:a3 D:00 E:d8 F:00 H:0b L:8f LY:25 SP:dff3  Cy:23449108
0743:  F0 44     LDH  A,(#44h)       A:fb B:fb C:a3 D:00 E:d8 F:00 H:0b L:8f LY:25 SP:dff3  Cy:23449120
0745:  FE 90     CP   #90h           A:fb B:fb C:a3 D:00 E:d8 F:00 H:0b L:8f LY:25 SP:dff3  Cy:23449132
0747:  20 F5     JR   NZ,#FFFFFFF5h  A:fb B:fb C:a3 D:00 E:d8 F:40 H:0b L:8f LY:26 SP:dff3  Cy:23449140
073E:  03        INC  BC             A:fb B:fb C:a3 D:00 E:d8 F:40 H:0b L:8f LY:26 SP:dff3  Cy:23449152
073F:  78        LD   A,B            A:fb B:fb C:a4 D:00 E:d8 F:40 H:0b L:8f LY:26 SP:dff3  Cy:23449160
0740:  B1        OR   C              A:fb B:fb C:a4 D:00 E:d8 F:40 H:0b L:8f LY:27 SP:dff3  Cy:23449164
0741:  28 06     JR   Z,#06h         A:ff B:fb C:a4 D:00 E:d8 F:00 H:0b L:8f LY:27 SP:dff3  Cy:23449168
0743:  F0 44     LDH  A,(#44h)       A:ff B:fb C:a4 D:00 E:d8 F:00 H:0b L:8f LY:27 SP:dff3  Cy:23449180
0745:  FE 90     CP   #90h           A:ff B:fb C:a4 D:00 E:d8 F:00 H:0b L:8f LY:28 SP:dff3  Cy:23449192
0747:  20 F5     JR   NZ,#FFFFFFF5h  A:ff B:fb C:a4 D:00 E:d8 F:40 H:0b L:8f LY:28 SP:dff3  Cy:23449200
073E:  03        INC  BC             A:ff B:fb C:a4 D:00 E:d8 F:40 H:0b L:8f LY:28 SP:dff3  Cy:23449212
073F:  78        LD   A,B            A:ff B:fb C:a5 D:00 E:d8 F:40 H:0b L:8f LY:29 SP:dff3  Cy:23449220
0740:  B1        OR   C              A:fb B:fb C:a5 D:00 E:d8 F:40 H:0b L:8f LY:29 SP:dff3  Cy:23449224
0741:  28 06     JR   Z,#06h         A:ff B:fb C:a5 D:00 E:d8 F:00 H:0b L:8f LY:29 SP:dff3  Cy:23449228
0743:  F0 44     LDH  A,(#44h)       A:ff B:fb C:a5 D:00 E:d8 F:00 H:0b L:8f LY:2a SP:dff3  Cy:23449240
0745:  FE 90     CP   #90h           A:ff B:fb C:a5 D:00 E:d8 F:00 H:0b L:8f LY:2a SP:dff3  Cy:23449252
0747:  20 F5     JR   NZ,#FFFFFFF5h  A:ff B:fb C:a5 D:00 E:d8 F:40 H:0b L:8f LY:2a SP:dff3  Cy:23449260
073E:  03        INC  BC             A:ff B:fb C:a5 D:00 E:d8 F:40 H:0b L:8f LY:2b SP:dff3  Cy:23449272
073F:  78        LD   A,B            A:ff B:fb C:a6 D:00 E:d8 F:40 H:0b L:8f LY:2b SP:dff3  Cy:23449280
0740:  B1        OR   C              A:fb B:fb C:a6 D:00 E:d8 F:40 H:0b L:8f LY:2b SP:dff3  Cy:23449284
0741:  28 06     JR   Z,#06h         A:ff B:fb C:a6 D:00 E:d8 F:00 H:0b L:8f LY:2c SP:dff3  Cy:23449288
0743:  F0 44     LDH  A,(#44h)       A:ff B:fb C:a6 D:00 E:d8 F:00 H:0b L:8f LY:2c SP:dff3  Cy:23449300
0745:  FE 90     CP   #90h           A:ff B:fb C:a6 D:00 E:d8 F:00 H:0b L:8f LY:2c SP:dff3  Cy:23449312
0747:  20 F5     JR   NZ,#FFFFFFF5h  A:ff B:fb C:a6 D:00 E:d8 F:40 H:0b L:8f LY:2d SP:dff3  Cy:23449320
073E:  03        INC  BC             A:ff B:fb C:a6 D:00 E:d8 F:40 H:0b L:8f LY:2d SP:dff3  Cy:23449332
073F:  78        LD   A,B            A:ff B:fb C:a7 D:00 E:d8 F:40 H:0b L:8f LY:2d SP:dff3  Cy:23449340
0740:  B1        OR   C              A:fb B:fb C:a7 D:00 E:d8 F:40 H:0b L:8f LY:2e SP:dff3  Cy:23449344
0741:  28 06     JR   Z,#06h         A:ff B:fb C:a7 D:00 E:d8 F:00 H:0b L:8f LY:2e SP:dff3  Cy:23449348
0743:  F0 44     LDH  A,(#44h)       A:ff B:fb C:a7 D:00 E:d8 F:00 H:0b L:8f LY:2e SP:dff3  Cy:23449360
0745:  FE 90     CP   #90h           A:ff B:fb C:a7 D:00 E:d8 F:00 H:0b L:8f LY:2f SP:dff3  Cy:23449372
0747:  20 F5     JR   NZ,#FFFFFFF5h  A:ff B:fb C:a7 D:00 E:d8 F:40 H:0b L:8f LY:2f SP:dff3  Cy:23449380
073E:  03        INC  BC             A:ff B:fb C:a7 D:00 E:d8 F:40 H:0b L:8f LY:2f SP:dff3  Cy:23449392
073F:  78        LD   A,B            A:ff B:fb C:a8 D:00 E:d8 F:40 H:0b L:8f LY:30 SP:dff3  Cy:23449400
0740:  B1        OR   C              A:fb B:fb C:a8 D:00 E:d8 F:40 H:0b L:8f LY:30 SP:dff3  Cy:23449404
0741:  28 06     JR   Z,#06h         A:fb B:fb C:a8 D:00 E:d8 F:00 H:0b L:8f LY:30 SP:dff3  Cy:23449408
0743:  F0 44     LDH  A,(#44h)       A:fb B:fb C:a8 D:00 E:d8 F:00 H:0b L:8f LY:31 SP:dff3  Cy:23449420
0745:  FE 90     CP   #90h           A:fb B:fb C:a8 D:00 E:d8 F:00 H:0b L:8f LY:31 SP:dff3  Cy:23449432
0747:  20 F5     JR   NZ,#FFFFFFF5h  A:fb B:fb C:a8 D:00 E:d8 F:40 H:0b L:8f LY:31 SP:dff3  Cy:23449440
073E:  03        INC  BC             A:fb B:fb C:a8 D:00 E:d8 F:40 H:0b L:8f LY:32 SP:dff3  Cy:23449452
073F:  78        LD   A,B            A:fb B:fb C:a9 D:00 E:d8 F:40 H:0b L:8f LY:32 SP:dff3  Cy:23449460
0740:  B1        OR   C              A:fb B:fb C:a9 D:00 E:d8 F:40 H:0b L:8f LY:32 SP:dff3  Cy:23449464
0741:  28 06     JR   Z,#06h         A:fb B:fb C:a9 D:00 E:d8 F:00 H:0b L:8f LY:33 SP:dff3  Cy:23449468
0743:  F0 44     LDH  A,(#44h)       A:fb B:fb C:a9 D:00 E:d8 F:00 H:0b L:8f LY:33 SP:dff3  Cy:23449480
0745:  FE 90     CP   #90h           A:fb B:fb C:a9 D:00 E:d8 F:00 H:0b L:8f LY:33 SP:dff3  Cy:23449492
0747:  20 F5     JR   NZ,#FFFFFFF5h  A:fb B:fb C:a9 D:00 E:d8 F:40 H:0b L:8f LY:34 SP:dff3  Cy:23449500
073E:  03        INC  BC             A:fb B:fb C:a9 D:00 E:d8 F:40 H:0b L:8f LY:34 SP:dff3  Cy:23449512
073F:  78        LD   A,B            A:fb B:fb C:aa D:00 E:d8 F:40 H:0b L:8f LY:34 SP:dff3  Cy:23449520
0740:  B1        OR   C              A:fb B:fb C:aa D:00 E:d8 F:40 H:0b L:8f LY:35 SP:dff3  Cy:23449524
0741:  28 06     JR   Z,#06h         A:fb B:fb C:aa D:00 E:d8 F:00 H:0b L:8f LY:35 SP:dff3  Cy:23449528
0743:  F0 44     LDH  A,(#44h)       A:fb B:fb C:aa D:00 E:d8 F:00 H:0b L:8f LY:35 SP:dff3  Cy:23449540
0745:  FE 90     CP   #90h           A:fb B:fb C:aa D:00 E:d8 F:00 H:0b L:8f LY:36 SP:dff3  Cy:23449552
0747:  20 F5     JR   NZ,#FFFFFFF5h  A:fb B:fb C:aa D:00 E:d8 F:40 H:0b L:8f LY:36 SP:dff3  Cy:23449560
073E:  03        INC  BC             A:fb B:fb C:aa D:00 E:d8 F:40 H:0b L:8f LY:36 SP:dff3  Cy:23449572
073F:  78        LD   A,B            A:fb B:fb C:ab D:00 E:d8 F:40 H:0b L:8f LY:37 SP:dff3  Cy:23449580
0740:  B1        OR   C              A:fb B:fb C:ab D:00 E:d8 F:40 H:0b L:8f LY:37 SP:dff3  Cy:23449584
0741:  28 06     JR   Z,#06h         A:fb B:fb C:ab D:00 E:d8 F:00 H:0b L:8f LY:37 SP:dff3  Cy:23449588
0743:  F0 44     LDH  A,(#44h)       A:fb B:fb C:ab D:00 E:d8 F:00 H:0b L:8f LY:38 SP:dff3  Cy:23449600
0745:  FE 90     CP   #90h           A:fb B:fb C:ab D:00 E:d8 F:00 H:0b L:8f LY:38 SP:dff3  Cy:23449612
0747:  20 F5     JR   NZ,#FFFFFFF5h  A:fb B:fb C:ab D:00 E:d8 F:40 H:0b L:8f LY:38 SP:dff3  Cy:23449620
073E:  03        INC  BC             A:fb B:fb C:ab D:00 E:d8 F:40 H:0b L:8f LY:39 SP:dff3  Cy:23449632
073F:  78        LD   A,B            A:fb B:fb C:ac D:00 E:d8 F:40 H:0b L:8f LY:39 SP:dff3  Cy:23449640
0740:  B1        OR   C              A:fb B:fb C:ac D:00 E:d8 F:40 H:0b L:8f LY:39 SP:dff3  Cy:23449644
0741:  28 06     JR   Z,#06h         A:ff B:fb C:ac D:00 E:d8 F:00 H:0b L:8f LY:3a SP:dff3  Cy:23449648
0743:  F0 44     LDH  A,(#44h)       A:ff B:fb C:ac D:00 E:d8 F:00 H:0b L:8f LY:3a SP:dff3  Cy:23449660
0745:  FE 90     CP   #90h           A:ff B:fb C:ac D:00 E:d8 F:00 H:0b L:8f LY:3a SP:dff3  Cy:23449672
0747:  20 F5     JR   NZ,#FFFFFFF5h  A:ff B:fb C:ac D:00 E:d8 F:40 H:0b L:8f LY:3b SP:dff3  Cy:23449680
073E:  03        INC  BC             A:ff B:fb C:ac D:00 E:d8 F:40 H:0b L:8f LY:3b SP:dff3  Cy:23449692
073F:  78        LD   A,B            A:ff B:fb C:ad D:00 E:d8 F:40 H:0b L:8f LY:3b SP:dff3  Cy:23449700
0740:  B1        OR   C              A:fb B:fb C:ad D:00 E:d8 F:40 H:0b L:8f LY:3c SP:dff3  Cy:23449704
0741:  28 06     JR   Z,#06h         A:ff B:fb C:ad D:00 E:d8 F:00 H:0b L:8f LY:3c SP:dff3  Cy:23449708
0743:  F0 44     LDH  A,(#44h)       A:ff B:fb C:ad D:00 E:d8 F:00 H:0b L:8f LY:3c SP:dff3  Cy:23449720
0745:  FE 90     CP   #90h           A:ff B:fb C:ad D:00 E:d8 F:00 H:0b L:8f LY:3d SP:dff3  Cy:23449732
0747:  20 F5     JR   NZ,#FFFFFFF5h  A:ff B:fb C:ad D:00 E:d8 F:40 H:0b L:8f LY:3d SP:dff3  Cy:23449740
073E:  03        INC  BC             A:ff B:fb C:ad D:00 E:d8 F:40 H:0b L:8f LY:3d SP:dff3  Cy:23449752
073F:  78        LD   A,B            A:ff B:fb C:ae D:00 E:d8 F:40 H:0b L:8f LY:3e SP:dff3  Cy:23449760
0740:  B1        OR   C              A:fb B:fb C:ae D:00 E:d8 F:40 H:0b L:8f LY:3e SP:dff3  Cy:23449764
0741:  28 06     JR   Z,#06h         A:ff B:fb C:ae D:00 E:d8 F:00 H:0b L:8f LY:3e SP:dff3  Cy:23449768
0743:  F0 44     LDH  A,(#44h)       A:ff B:fb C:ae D:00 E:d8 F:00 H:0b L:8f LY:3f SP:dff3  Cy:23449780
0745:  FE 90     CP   #90h           A:ff B:fb C:ae D:00 E:d8 F:00 H:0b L:8f LY:3f SP:dff3  Cy:23449792
0747:  20 F5     JR   NZ,#FFFFFFF5h  A:ff B:fb C:ae D:00 E:d8 F:40 H:0b L:8f LY:3f SP:dff3  Cy:23449800
073E:  03        INC  BC             A:ff B:fb C:ae D:00 E:d8 F:40 H:0b L:8f LY:40 SP:dff3  Cy:23449812
073F:  78        LD   A,B            A:ff B:fb C:af D:00 E:d8 F:40 H:0b L:8f LY:40 SP:dff3  Cy:23449820
0740:  B1        OR   C              A:fb B:fb C:af D:00 E:d8 F:40 H:0b L:8f LY:40 SP:dff3  Cy:23449824
0741:  28 06     JR   Z,#06h         A:ff B:fb C:af D:00 E:d8 F:00 H:0b L:8f LY:41 SP:dff3  Cy:23449828
0743:  F0 44     LDH  A,(#44h)       A:ff B:fb C:af D:00 E:d8 F:00 H:0b L:8f LY:41 SP:dff3  Cy:23449840
0745:  FE 90     CP   #90h           A:ff B:fb C:af D:00 E:d8 F:00 H:0b L:8f LY:41 SP:dff3  Cy:23449852
0747:  20 F5     JR   NZ,#FFFFFFF5h  A:ff B:fb C:af D:00 E:d8 F:40 H:0b L:8f LY:42 SP:dff3  Cy:23449860
073E:  03        INC  BC             A:ff B:fb C:af D:00 E:d8 F:40 H:0b L:8f LY:42 SP:dff3  Cy:23449872
073F:  78        LD   A,B            A:ff B:fb C:b0 D:00 E:d8 F:40 H:0b L:8f LY:42 SP:dff3  Cy:23449880
0740:  B1        OR   C              A:fb B:fb C:b0 D:00 E:d8 F:40 H:0b L:8f LY:43 SP:dff3  Cy:23449884
0741:  28 06     JR   Z,#06h         A:fb B:fb C:b0 D:00 E:d8 F:00 H:0b L:8f LY:43 SP:dff3  Cy:23449888
0743:  F0 44     LDH  A,(#44h)       A:fb B:fb C:b0 D:00 E:d8 F:00 H:0b L:8f LY:43 SP:dff3  Cy:23449900
0745:  FE 90     CP   #90h           A:fb B:fb C:b0 D:00 E:d8 F:00 H:0b L:8f LY:44 SP:dff3  Cy:23449912
0747:  20 F5     JR   NZ,#FFFFFFF5h  A:fb B:fb C:b0 D:00 E:d8 F:40 H:0b L:8f LY:44 SP:dff3  Cy:23449920
073E:  03        INC  BC             A:fb B:fb C:b0 D:00 E:d8 F:40 H:0b L:8f LY:44 SP:dff3  Cy:23449932
073F:  78        LD   A,B            A:fb B:fb C:b1 D:00 E:d8 F:40 H:0b L:8f LY:45 SP:dff3  Cy:23449940
0740:  B1        OR   C              A:fb B:fb C:b1 D:00 E:d8 F:40 H:0b L:8f LY:45 SP:dff3  Cy:23449944
0741:  28 06     JR   Z,#06h         A:fb B:fb C:b1 D:00 E:d8 F:00 H:0b L:8f LY:45 SP:dff3  Cy:23449948
0743:  F0 44     LDH  A,(#44h)       A:fb B:fb C:b1 D:00 E:d8 F:00 H:0b L:8f LY:46 SP:dff3  Cy:23449960
0745:  FE 90     CP   #90h           A:fb B:fb C:b1 D:00 E:d8 F:00 H:0b L:8f LY:46 SP:dff3  Cy:23449972
0747:  20 F5     JR   NZ,#FFFFFFF5h  A:fb B:fb C:b1 D:00 E:d8 F:40 H:0b L:8f LY:46 SP:dff3  Cy:23449980
073E:  03        INC  BC             A:fb B:fb C:b1 D:00 E:d8 F:40 H:0b L:8f LY:47 SP:dff3  Cy:23449992
073F:  78        LD   A,B            A:fb B:fb C:b2 D:00 E:d8 F:40 H:0b L:8f LY:47 SP:dff3  Cy:23450000
0740:  B1        OR   C              A:fb B:fb C:b2 D:00 E:d8 F:40 H:0b L:8f LY:47 SP:dff3  Cy:23450004
0741:  28 06     JR   Z,#06h         A:fb B:fb C:b2 D:00 E:d8 F:00 H:0b L:8f LY:48 SP:dff3  Cy:23450008
0743:  F0 44     LDH  A,(#44h)       A:fb B:fb C:b2 D:00 E:d8 F:00 H:0b L:8f LY:48 SP:dff3  Cy:23450020
0745:  FE 90     CP   #90h           A:fb B:fb C:b2 D:00 E:d8 F:00 H:0b L:8f LY:48 SP:dff3  Cy:23450032
0747:  20 F5     JR   NZ,#FFFFFFF5h  A:fb B:fb C:b2 D:00 E:d8 F:40 H:0b L:8f LY:49 SP:dff3  Cy:23450040
073E:  03        INC  BC             A:fb B:fb C:b2 D:00 E:d8 F:40 H:0b L:8f LY:49 SP:dff3  Cy:23450052
073F:  78        LD   A,B            A:fb B:fb C:b3 D:00 E:d8 F:40 H:0b L:8f LY:49 SP:dff3  Cy:23450060
0740:  B1        OR   C              A:fb B:fb C:b3 D:00 E:d8 F:40 H:0b L:8f LY:4a SP:dff3  Cy:23450064
0741:  28 06     JR   Z,#06h         A:fb B:fb C:b3 D:00 E:d8 F:00 H:0b L:8f LY:4a SP:dff3  Cy:23450068
0743:  F0 44     LDH  A,(#44h)       A:fb B:fb C:b3 D:00 E:d8 F:00 H:0b L:8f LY:4a SP:dff3  Cy:23450080
0745:  FE 90     CP   #90h           A:fb B:fb C:b3 D:00 E:d8 F:00 H:0b L:8f LY:4b SP:dff3  Cy:23450092
0747:  20 F5     JR   NZ,#FFFFFFF5h  A:fb B:fb C:b3 D:00 E:d8 F:40 H:0b L:8f LY:4b SP:dff3  Cy:23450100
073E:  03        INC  BC             A:fb B:fb C:b3 D:00 E:d8 F:40 H:0b L:8f LY:4b SP:dff3  Cy:23450112
073F:  78        LD   A,B            A:fb B:fb C:b4 D:00 E:d8 F:40 H:0b L:8f LY:4c SP:dff3  Cy:23450120
0740:  B1        OR   C              A:fb B:fb C:b4 D:00 E:d8 F:40 H:0b L:8f LY:4c SP:dff3  Cy:23450124
0741:  28 06     JR   Z,#06h         A:ff B:fb C:b4 D:00 E:d8 F:00 H:0b L:8f LY:4c SP:dff3  Cy:23450128
0743:  F0 44     LDH  A,(#44h)       A:ff B:fb C:b4 D:00 E:d8 F:00 H:0b L:8f LY:4d SP:dff3  Cy:23450140
0745:  FE 90     CP   #90h           A:ff B:fb C:b4 D:00 E:d8 F:00 H:0b L:8f LY:4d SP:dff3  Cy:23450152
0747:  20 F5     JR   NZ,#FFFFFFF5h  A:ff B:fb C:b4 D:00 E:d8 F:40 H:0b L:8f LY:4d SP:dff3  Cy:23450160
073E:  03        INC  BC             A:ff B:fb C:b4 D:00 E:d8 F:40 H:0b L:8f LY:4e SP:dff3  Cy:23450172
073F:  78        LD   A,B            A:ff B:fb C:b5 D:00 E:d8 F:40 H:0b L:8f LY:4e SP:dff3  Cy:23450180
0740:  B1        OR   C              A:fb B:fb C:b5 D:00 E:d8 F:40 H:0b L:8f LY:4e SP:dff3  Cy:23450184
0741:  28 06     JR   Z,#06h         A:ff B:fb C:b5 D:00 E:d8 F:00 H:0b L:8f LY:4f SP:dff3  Cy:23450188
0743:  F0 44     LDH  A,(#44h)       A:ff B:fb C:b5 D:00 E:d8 F:00 H:0b L:8f LY:4f SP:dff3  Cy:23450200
0745:  FE 90     CP   #90h           A:ff B:fb C:b5 D:00 E:d8 F:00 H:0b L:8f LY:4f SP:dff3  Cy:23450212
0747:  20 F5     JR   NZ,#FFFFFFF5h  A:ff B:fb C:b5 D:00 E:d8 F:40 H:0b L:8f LY:50 SP:dff3  Cy:23450220
073E:  03        INC  BC             A:ff B:fb C:b5 D:00 E:d8 F:40 H:0b L:8f LY:50 SP:dff3  Cy:23450232
073F:  78        LD   A,B            A:ff B:fb C:b6 D:00 E:d8 F:40 H:0b L:8f LY:50 SP:dff3  Cy:23450240
0740:  B1        OR   C              A:fb B:fb C:b6 D:00 E:d8 F:40 H:0b L:8f LY:51 SP:dff3  Cy:23450244
0741:  28 06     JR   Z,#06h         A:ff B:fb C:b6 D:00 E:d8 F:00 H:0b L:8f LY:51 SP:dff3  Cy:23450248
0743:  F0 44     LDH  A,(#44h)       A:ff B:fb C:b6 D:00 E:d8 F:00 H:0b L:8f LY:51 SP:dff3  Cy:23450260
0745:  FE 90     CP   #90h           A:ff B:fb C:b6 D:00 E:d8 F:00 H:0b L:8f LY:52 SP:dff3  Cy:23450272
0747:  20 F5     JR   NZ,#FFFFFFF5h  A:ff B:fb C:b6 D:00 E:d8 F:40 H:0b L:8f LY:52 SP:dff3  Cy:23450280
073E:  03        INC  BC             A:ff B:fb C:b6 D:00 E:d8 F:40 H:0b L:8f LY:52 SP:dff3  Cy:23450292
073F:  78        LD   A,B            A:ff B:fb C:b7 D:00 E:d8 F:40 H:0b L:8f LY:53 SP:dff3  Cy:23450300
0740:  B1        OR   C              A:fb B:fb C:b7 D:00 E:d8 F:40 H:0b L:8f LY:53 SP:dff3  Cy:23450304
0741:  28 06     JR   Z,#06h         A:ff B:fb C:b7 D:00 E:d8 F:00 H:0b L:8f LY:53 SP:dff3  Cy:23450308
0743:  F0 44     LDH  A,(#44h)       A:ff B:fb C:b7 D:00 E:d8 F:00 H:0b L:8f LY:54 SP:dff3  Cy:23450320
0745:  FE 90     CP   #90h           A:ff B:fb C:b7 D:00 E:d8 F:00 H:0b L:8f LY:54 SP:dff3  Cy:23450332
0747:  20 F5     JR   NZ,#FFFFFFF5h  A:ff B:fb C:b7 D:00 E:d8 F:40 H:0b L:8f LY:54 SP:dff3  Cy:23450340
073E:  03        INC  BC             A:ff B:fb C:b7 D:00 E:d8 F:40 H:0b L:8f LY:55 SP:dff3  Cy:23450352
073F:  78        LD   A,B            A:ff B:fb C:b8 D:00 E:d8 F:40 H:0b L:8f LY:55 SP:dff3  Cy:23450360
0740:  B1        OR   C              A:fb B:fb C:b8 D:00 E:d8 F:40 H:0b L:8f LY:55 SP:dff3  Cy:23450364
0741:  28 06     JR   Z,#06h         A:fb B:fb C:b8 D:00 E:d8 F:00 H:0b L:8f LY:56 SP:dff3  Cy:23450368
0743:  F0 44     LDH  A,(#44h)       A:fb B:fb C:b8 D:00 E:d8 F:00 H:0b L:8f LY:56 SP:dff3  Cy:23450380
0745:  FE 90     CP   #90h           A:fb B:fb C:b8 D:00 E:d8 F:00 H:0b L:8f LY:56 SP:dff3  Cy:23450392
0747:  20 F5     JR   NZ,#FFFFFFF5h  A:fb B:fb C:b8 D:00 E:d8 F:40 H:0b L:8f LY:57 SP:dff3  Cy:23450400
073E:  03        INC  BC             A:fb B:fb C:b8 D:00 E:d8 F:40 H:0b L:8f LY:57 SP:dff3  Cy:23450412
073F:  78        LD   A,B            A:fb B:fb C:b9 D:00 E:d8 F:40 H:0b L:8f LY:57 SP:dff3  Cy:23450420
0740:  B1        OR   C              A:fb B:fb C:b9 D:00 E:d8 F:40 H:0b L:8f LY:58 SP:dff3  Cy:23450424
0741:  28 06     JR   Z,#06h         A:fb B:fb C:b9 D:00 E:d8 F:00 H:0b L:8f LY:58 SP:dff3  Cy:23450428
0743:  F0 44     LDH  A,(#44h)       A:fb B:fb C:b9 D:00 E:d8 F:00 H:0b L:8f LY:58 SP:dff3  Cy:23450440
0745:  FE 90     CP   #90h           A:fb B:fb C:b9 D:00 E:d8 F:00 H:0b L:8f LY:59 SP:dff3  Cy:23450452
0747:  20 F5     JR   NZ,#FFFFFFF5h  A:fb B:fb C:b9 D:00 E:d8 F:40 H:0b L:8f LY:59 SP:dff3  Cy:23450460
073E:  03        INC  BC             A:fb B:fb C:b9 D:00 E:d8 F:40 H:0b L:8f LY:59 SP:dff3  Cy:23450472
073F:  78        LD   A,B            A:fb B:fb C:ba D:00 E:d8 F:40 H:0b L:8f LY:5a SP:dff3  Cy:23450480
0740:  B1        OR   C              A:fb B:fb C:ba D:00 E:d8 F:40 H:0b L:8f LY:5a SP:dff3  Cy:23450484
0741:  28 06     JR   Z,#06h         A:fb B:fb C:ba D:00 E:d8 F:00 H:0b L:8f LY:5a SP:dff3  Cy:23450488
0743:  F0 44     LDH  A,(#44h)       A:fb B:fb C:ba D:00 E:d8 F:00 H:0b L:8f LY:5b SP:dff3  Cy:23450500
0745:  FE 90     CP   #90h           A:fb B:fb C:ba D:00 E:d8 F:00 H:0b L:8f LY:5b SP:dff3  Cy:23450512
0747:  20 F5     JR   NZ,#FFFFFFF5h  A:fb B:fb C:ba D:00 E:d8 F:40 H:0b L:8f LY:5b SP:dff3  Cy:23450520
073E:  03        INC  BC             A:fb B:fb C:ba D:00 E:d8 F:40 H:0b L:8f LY:5c SP:dff3  Cy:23450532
073F:  78        LD   A,B            A:fb B:fb C:bb D:00 E:d8 F:40 H:0b L:8f LY:5c SP:dff3  Cy:23450540
0740:  B1        OR   C              A:fb B:fb C:bb D:00 E:d8 F:40 H:0b L:8f LY:5c SP:dff3  Cy:23450544
0741:  28 06     JR   Z,#06h         A:fb B:fb C:bb D:00 E:d8 F:00 H:0b L:8f LY:5d SP:dff3  Cy:23450548
0743:  F0 44     LDH  A,(#44h)       A:fb B:fb C:bb D:00 E:d8 F:00 H:0b L:8f LY:5d SP:dff3  Cy:23450560
0745:  FE 90     CP   #90h           A:fb B:fb C:bb D:00 E:d8 F:00 H:0b L:8f LY:5d SP:dff3  Cy:23450572
0747:  20 F5     JR   NZ,#FFFFFFF5h  A:fb B:fb C:bb D:00 E:d8 F:40 H:0b L:8f LY:5e SP:dff3  Cy:23450580
073E:  03        INC  BC             A:fb B:fb C:bb D:00 E:d8 F:40 H:0b L:8f LY:5e SP:dff3  Cy:23450592
073F:  78        LD   A,B            A:fb B:fb C:bc D:00 E:d8 F:40 H:0b L:8f LY:5e SP:dff3  Cy:23450600
0740:  B1        OR   C              A:fb B:fb C:bc D:00 E:d8 F:40 H:0b L:8f LY:5f SP:dff3  Cy:23450604
0741:  28 06     JR   Z,#06h         A:ff B:fb C:bc D:00 E:d8 F:00 H:0b L:8f LY:5f SP:dff3  Cy:23450608
0743:  F0 44     LDH  A,(#44h)       A:ff B:fb C:bc D:00 E:d8 F:00 H:0b L:8f LY:5f SP:dff3  Cy:23450620
0745:  FE 90     CP   #90h           A:ff B:fb C:bc D:00 E:d8 F:00 H:0b L:8f LY:60 SP:dff3  Cy:23450632
0747:  20 F5     JR   NZ,#FFFFFFF5h  A:ff B:fb C:bc D:00 E:d8 F:40 H:0b L:8f LY:60 SP:dff3  Cy:23450640
073E:  03        INC  BC             A:ff B:fb C:bc D:00 E:d8 F:40 H:0b L:8f LY:60 SP:dff3  Cy:23450652
073F:  78        LD   A,B            A:ff B:fb C:bd D:00 E:d8 F:40 H:0b L:8f LY:61 SP:dff3  Cy:23450660
0740:  B1        OR   C              A:fb B:fb C:bd D:00 E:d8 F:40 H:0b L:8f LY:61 SP:dff3  Cy:23450664
0741:  28 06     JR   Z,#06h         A:ff B:fb C:bd D:00 E:d8 F:00 H:0b L:8f LY:61 SP:dff3  Cy:23450668
0743:  F0 44     LDH  A,(#44h)       A:ff B:fb C:bd D:00 E:d8 F:00 H:0b L:8f LY:62 SP:dff3  Cy:23450680
0745:  FE 90     CP   #90h           A:ff B:fb C:bd D:00 E:d8 F:00 H:0b L:8f LY:62 SP:dff3  Cy:23450692
0747:  20 F5     JR   NZ,#FFFFFFF5h  A:ff B:fb C:bd D:00 E:d8 F:40 H:0b L:8f LY:62 SP:dff3  Cy:23450700
073E:  03        INC  BC             A:ff B:fb C:bd D:00 E:d8 F:40 H:0b L:8f LY:63 SP:dff3  Cy:23450712
073F:  78        LD   A,B            A:ff B:fb C:be D:00 E:d8 F:40 H:0b L:8f LY:63 SP:dff3  Cy:23450720
0740:  B1        OR   C              A:fb B:fb C:be D:00 E:d8 F:40 H:0b L:8f LY:63 SP:dff3  Cy:23450724
0741:  28 06     JR   Z,#06h         A:ff B:fb C:be D:00 E:d8 F:00 H:0b L:8f LY:64 SP:dff3  Cy:23450728
0743:  F0 44     LDH  A,(#44h)       A:ff B:fb C:be D:00 E:d8 F:00 H:0b L:8f LY:64 SP:dff3  Cy:23450740
0745:  FE 90     CP   #90h           A:ff B:fb C:be D:00 E:d8 F:00 H:0b L:8f LY:64 SP:dff3  Cy:23450752
0747:  20 F5     JR   NZ,#FFFFFFF5h  A:ff B:fb C:be D:00 E:d8 F:40 H:0b L:8f LY:65 SP:dff3  Cy:23450760
073E:  03        INC  BC             A:ff B:fb C:be D:00 E:d8 F:40 H:0b L:8f LY:65 SP:dff3  Cy:23450772
073F:  78        LD   A,B            A:ff B:fb C:bf D:00 E:d8 F:40 H:0b L:8f LY:65 SP:dff3  Cy:23450780
0740:  B1        OR   C              A:fb B:fb C:bf D:00 E:d8 F:40 H:0b L:8f LY:66 SP:dff3  Cy:23450784
0741:  28 06     JR   Z,#06h         A:ff B:fb C:bf D:00 E:d8 F:00 H:0b L:8f LY:66 SP:dff3  Cy:23450788
0743:  F0 44     LDH  A,(#44h)       A:ff B:fb C:bf D:00 E:d8 F:00 H:0b L:8f LY:66 SP:dff3  Cy:23450800
0745:  FE 90     CP   #90h           A:ff B:fb C:bf D:00 E:d8 F:00 H:0b L:8f LY:67 SP:dff3  Cy:23450812
0747:  20 F5     JR   NZ,#FFFFFFF5h  A:ff B:fb C:bf D:00 E:d8 F:40 H:0b L:8f LY:67 SP:dff3  Cy:23450820
073E:  03        INC  BC             A:ff B:fb C:bf D:00 E:d8 F:40 H:0b L:8f LY:67 SP:dff3  Cy:23450832
073F:  78        LD   A,B            A:ff B:fb C:c0 D:00 E:d8 F:40 H:0b L:8f LY:68 SP:dff3  Cy:23450840
0740:  B1        OR   C              A:fb B:fb C:c0 D:00 E:d8 F:40 H:0b L:8f LY:68 SP:dff3  Cy:23450844
0741:  28 06     JR   Z,#06h         A:fb B:fb C:c0 D:00 E:d8 F:00 H:0b L:8f LY:68 SP:dff3  Cy:23450848
0743:  F0 44     LDH  A,(#44h)       A:fb B:fb C:c0 D:00 E:d8 F:00 H:0b L:8f LY:69 SP:dff3  Cy:23450860
0745:  FE 90     CP   #90h           A:fb B:fb C:c0 D:00 E:d8 F:00 H:0b L:8f LY:69 SP:dff3  Cy:23450872
0747:  20 F5     JR   NZ,#FFFFFFF5h  A:fb B:fb C:c0 D:00 E:d8 F:40 H:0b L:8f LY:69 SP:dff3  Cy:23450880
073E:  03        INC  BC             A:fb B:fb C:c0 D:00 E:d8 F:40 H:0b L:8f LY:6a SP:dff3  Cy:23450892
073F:  78        LD   A,B            A:fb B:fb C:c1 D:00 E:d8 F:40 H:0b L:8f LY:6a SP:dff3  Cy:23450900
0740:  B1        OR   C              A:fb B:fb C:c1 D:00 E:d8 F:40 H:0b L:8f LY:6a SP:dff3  Cy:23450904
0741:  28 06     JR   Z,#06h         A:fb B:fb C:c1 D:00 E:d8 F:00 H:0b L:8f LY:6b SP:dff3  Cy:23450908
0743:  F0 44     LDH  A,(#44h)       A:fb B:fb C:c1 D:00 E:d8 F:00 H:0b L:8f LY:6b SP:dff3  Cy:23450920
0745:  FE 90     CP   #90h           A:fb B:fb C:c1 D:00 E:d8 F:00 H:0b L:8f LY:6b SP:dff3  Cy:23450932
0747:  20 F5     JR   NZ,#FFFFFFF5h  A:fb B:fb C:c1 D:00 E:d8 F:40 H:0b L:8f LY:6c SP:dff3  Cy:23450940
073E:  03        INC  BC             A:fb B:fb C:c1 D:00 E:d8 F:40 H:0b L:8f LY:6c SP:dff3  Cy:23450952
073F:  78        LD   A,B            A:fb B:fb C:c2 D:00 E:d8 F:40 H:0b L:8f LY:6c SP:dff3  Cy:23450960
0740:  B1        OR   C              A:fb B:fb C:c2 D:00 E:d8 F:40 H:0b L:8f LY:6d SP:dff3  Cy:23450964
0741:  28 06     JR   Z,#06h         A:fb B:fb C:c2 D:00 E:d8 F:00 H:0b L:8f LY:6d SP:dff3  Cy:23450968
0743:  F0 44     LDH  A,(#44h)       A:fb B:fb C:c2 D:00 E:d8 F:00 H:0b L:8f LY:6d SP:dff3  Cy:23450980
0745:  FE 90     CP   #90h           A:fb B:fb C:c2 D:00 E:d8 F:00 H:0b L:8f LY:6e SP:dff3  Cy:23450992
0747:  20 F5     JR   NZ,#FFFFFFF5h  A:fb B:fb C:c2 D:00 E:d8 F:40 H:0b L:8f LY:6e SP:dff3  Cy:23451000
073E:  03        INC  BC             A:fb B:fb C:c2 D:00 E:d8 F:40 H:0b L:8f LY:6e SP:dff3  Cy:23451012
073F:  78        LD   A,B            A:fb B:fb C:c3 D:00 E:d8 F:40 H:0b L:8f LY:6f SP:dff3  Cy:23451020
0740:  B1        OR   C              A:fb B:fb C:c3 D:00 E:d8 F:40 H:0b L:8f LY:6f SP:dff3  Cy:23451024
0741:  28 06     JR   Z,#06h         A:fb B:fb C:c3 D:00 E:d8 F:00 H:0b L:8f LY:6f SP:dff3  Cy:23451028
0743:  F0 44     LDH  A,(#44h)       A:fb B:fb C:c3 D:00 E:d8 F:00 H:0b L:8f LY:70 SP:dff3  Cy:23451040
0745:  FE 90     CP   #90h           A:fb B:fb C:c3 D:00 E:d8 F:00 H:0b L:8f LY:70 SP:dff3  Cy:23451052
0747:  20 F5     JR   NZ,#FFFFFFF5h  A:fb B:fb C:c3 D:00 E:d8 F:40 H:0b L:8f LY:70 SP:dff3  Cy:23451060
073E:  03        INC  BC             A:fb B:fb C:c3 D:00 E:d8 F:40 H:0b L:8f LY:71 SP:dff3  Cy:23451072
073F:  78        LD   A,B            A:fb B:fb C:c4 D:00 E:d8 F:40 H:0b L:8f LY:71 SP:dff3  Cy:23451080
0740:  B1        OR   C              A:fb B:fb C:c4 D:00 E:d8 F:40 H:0b L:8f LY:71 SP:dff3  Cy:23451084
0741:  28 06     JR   Z,#06h         A:ff B:fb C:c4 D:00 E:d8 F:00 H:0b L:8f LY:72 SP:dff3  Cy:23451088
0743:  F0 44     LDH  A,(#44h)       A:ff B:fb C:c4 D:00 E:d8 F:00 H:0b L:8f LY:72 SP:dff3  Cy:23451100
0745:  FE 90     CP   #90h           A:ff B:fb C:c4 D:00 E:d8 F:00 H:0b L:8f LY:72 SP:dff3  Cy:23451112
0747:  20 F5     JR   NZ,#FFFFFFF5h  A:ff B:fb C:c4 D:00 E:d8 F:40 H:0b L:8f LY:73 SP:dff3  Cy:23451120
073E:  03        INC  BC             A:ff B:fb C:c4 D:00 E:d8 F:40 H:0b L:8f LY:73 SP:dff3  Cy:23451132
073F:  78        LD   A,B            A:ff B:fb C:c5 D:00 E:d8 F:40 H:0b L:8f LY:73 SP:dff3  Cy:23451140
0740:  B1        OR   C              A:fb B:fb C:c5 D:00 E:d8 F:40 H:0b L:8f LY:74 SP:dff3  Cy:23451144
0741:  28 06     JR   Z,#06h         A:ff B:fb C:c5 D:00 E:d8 F:00 H:0b L:8f LY:74 SP:dff3  Cy:23451148
0743:  F0 44     LDH  A,(#44h)       A:ff B:fb C:c5 D:00 E:d8 F:00 H:0b L:8f LY:74 SP:dff3  Cy:23451160
0745:  FE 90     CP   #90h           A:ff B:fb C:c5 D:00 E:d8 F:00 H:0b L:8f LY:75 SP:dff3  Cy:23451172
0747:  20 F5     JR   NZ,#FFFFFFF5h  A:ff B:fb C:c5 D:00 E:d8 F:40 H:0b L:8f LY:75 SP:dff3  Cy:23451180
073E:  03        INC  BC             A:ff B:fb C:c5 D:00 E:d8 F:40 H:0b L:8f LY:75 SP:dff3  Cy:23451192
073F:  78        LD   A,B            A:ff B:fb C:c6 D:00 E:d8 F:40 H:0b L:8f LY:76 SP:dff3  Cy:23451200
0740:  B1        OR   C              A:fb B:fb C:c6 D:00 E:d8 F:40 H:0b L:8f LY:76 SP:dff3  Cy:23451204
0741:  28 06     JR   Z,#06h         A:ff B:fb C:c6 D:00 E:d8 F:00 H:0b L:8f LY:76 SP:dff3  Cy:23451208
0743:  F0 44     LDH  A,(#44h)       A:ff B:fb C:c6 D:00 E:d8 F:00 H:0b L:8f LY:77 SP:dff3  Cy:23451220
0745:  FE 90     CP   #90h           A:ff B:fb C:c6 D:00 E:d8 F:00 H:0b L:8f LY:77 SP:dff3  Cy:23451232
0747:  20 F5     JR   NZ,#FFFFFFF5h  A:ff B:fb C:c6 D:00 E:d8 F:40 H:0b L:8f LY:77 SP:dff3  Cy:23451240
073E:  03        INC  BC             A:ff B:fb C:c6 D:00 E:d8 F:40 H:0b L:8f LY:78 SP:dff3  Cy:23451252
073F:  78        LD   A,B            A:ff B:fb C:c7 D:00 E:d8 F:40 H:0b L:8f LY:78 SP:dff3  Cy:23451260
0740:  B1        OR   C              A:fb B:fb C:c7 D:00 E:d8 F:40 H:0b L:8f LY:78 SP:dff3  Cy:23451264
0741:  28 06     JR   Z,#06h         A:ff B:fb C:c7 D:00 E:d8 F:00 H:0b L:8f LY:79 SP:dff3  Cy:23451268
0743:  F0 44     LDH  A,(#44h)       A:ff B:fb C:c7 D:00 E:d8 F:00 H:0b L:8f LY:79 SP:dff3  Cy:23451280
0745:  FE 90     CP   #90h           A:ff B:fb C:c7 D:00 E:d8 F:00 H:0b L:8f LY:79 SP:dff3  Cy:23451292
0747:  20 F5     JR   NZ,#FFFFFFF5h  A:ff B:fb C:c7 D:00 E:d8 F:40 H:0b L:8f LY:7a SP:dff3  Cy:23451300
073E:  03        INC  BC             A:ff B:fb C:c7 D:00 E:d8 F:40 H:0b L:8f LY:7a SP:dff3  Cy:23451312
073F:  78        LD   A,B            A:ff B:fb C:c8 D:00 E:d8 F:40 H:0b L:8f LY:7a SP:dff3  Cy:23451320
0740:  B1        OR   C              A:fb B:fb C:c8 D:00 E:d8 F:40 H:0b L:8f LY:7b SP:dff3  Cy:23451324
0741:  28 06     JR   Z,#06h         A:fb B:fb C:c8 D:00 E:d8 F:00 H:0b L:8f LY:7b SP:dff3  Cy:23451328
0743:  F0 44     LDH  A,(#44h)       A:fb B:fb C:c8 D:00 E:d8 F:00 H:0b L:8f LY:7b SP:dff3  Cy:23451340
0745:  FE 90     CP   #90h           A:fb B:fb C:c8 D:00 E:d8 F:00 H:0b L:8f LY:7c SP:dff3  Cy:23451352
0747:  20 F5     JR   NZ,#FFFFFFF5h  A:fb B:fb C:c8 D:00 E:d8 F:40 H:0b L:8f LY:7c SP:dff3  Cy:23451360
073E:  03        INC  BC             A:fb B:fb C:c8 D:00 E:d8 F:40 H:0b L:8f LY:7c SP:dff3  Cy:23451372
073F:  78        LD   A,B            A:fb B:fb C:c9 D:00 E:d8 F:40 H:0b L:8f LY:7d SP:dff3  Cy:23451380
0740:  B1        OR   C              A:fb B:fb C:c9 D:00 E:d8 F:40 H:0b L:8f LY:7d SP:dff3  Cy:23451384
0741:  28 06     JR   Z,#06h         A:fb B:fb C:c9 D:00 E:d8 F:00 H:0b L:8f LY:7d SP:dff3  Cy:23451388
0743:  F0 44     LDH  A,(#44h)       A:fb B:fb C:c9 D:00 E:d8 F:00 H:0b L:8f LY:7e SP:dff3  Cy:23451400
0745:  FE 90     CP   #90h           A:fb B:fb C:c9 D:00 E:d8 F:00 H:0b L:8f LY:7e SP:dff3  Cy:23451412
0747:  20 F5     JR   NZ,#FFFFFFF5h  A:fb B:fb C:c9 D:00 E:d8 F:40 H:0b L:8f LY:7e SP:dff3  Cy:23451420
073E:  03        INC  BC             A:fb B:fb C:c9 D:00 E:d8 F:40 H:0b L:8f LY:7f SP:dff3  Cy:23451432
073F:  78        LD   A,B            A:fb B:fb C:ca D:00 E:d8 F:40 H:0b L:8f LY:7f SP:dff3  Cy:23451440
0740:  B1        OR   C              A:fb B:fb C:ca D:00 E:d8 F:40 H:0b L:8f LY:7f SP:dff3  Cy:23451444
0741:  28 06     JR   Z,#06h         A:fb B:fb C:ca D:00 E:d8 F:00 H:0b L:8f LY:80 SP:dff3  Cy:23451448
0743:  F0 44     LDH  A,(#44h)       A:fb B:fb C:ca D:00 E:d8 F:00 H:0b L:8f LY:80 SP:dff3  Cy:23451460
0745:  FE 90     CP   #90h           A:fb B:fb C:ca D:00 E:d8 F:00 H:0b L:8f LY:80 SP:dff3  Cy:23451472
0747:  20 F5     JR   NZ,#FFFFFFF5h  A:fb B:fb C:ca D:00 E:d8 F:40 H:0b L:8f LY:81 SP:dff3  Cy:23451480
073E:  03        INC  BC             A:fb B:fb C:ca D:00 E:d8 F:40 H:0b L:8f LY:81 SP:dff3  Cy:23451492
073F:  78        LD   A,B            A:fb B:fb C:cb D:00 E:d8 F:40 H:0b L:8f LY:81 SP:dff3  Cy:23451500
0740:  B1        OR   C              A:fb B:fb C:cb D:00 E:d8 F:40 H:0b L:8f LY:82 SP:dff3  Cy:23451504
0741:  28 06     JR   Z,#06h         A:fb B:fb C:cb D:00 E:d8 F:00 H:0b L:8f LY:82 SP:dff3  Cy:23451508
0743:  F0 44     LDH  A,(#44h)       A:fb B:fb C:cb D:00 E:d8 F:00 H:0b L:8f LY:82 SP:dff3  Cy:23451520
0745:  FE 90     CP   #90h           A:fb B:fb C:cb D:00 E:d8 F:00 H:0b L:8f LY:83 SP:dff3  Cy:23451532
0747:  20 F5     JR   NZ,#FFFFFFF5h  A:fb B:fb C:cb D:00 E:d8 F:40 H:0b L:8f LY:83 SP:dff3  Cy:23451540
073E:  03        INC  BC             A:fb B:fb C:cb D:00 E:d8 F:40 H:0b L:8f LY:83 SP:dff3  Cy:23451552
073F:  78        LD   A,B            A:fb B:fb C:cc D:00 E:d8 F:40 H:0b L:8f LY:84 SP:dff3  Cy:23451560
0740:  B1        OR   C              A:fb B:fb C:cc D:00 E:d8 F:40 H:0b L:8f LY:84 SP:dff3  Cy:23451564
0741:  28 06     JR   Z,#06h         A:ff B:fb C:cc D:00 E:d8 F:00 H:0b L:8f LY:84 SP:dff3  Cy:23451568
0743:  F0 44     LDH  A,(#44h)       A:ff B:fb C:cc D:00 E:d8 F:00 H:0b L:8f LY:85 SP:dff3  Cy:23451580
0745:  FE 90     CP   #90h           A:ff B:fb C:cc D:00 E:d8 F:00 H:0b L:8f LY:85 SP:dff3  Cy:23451592
0747:  20 F5     JR   NZ,#FFFFFFF5h  A:ff B:fb C:cc D:00 E:d8 F:40 H:0b L:8f LY:85 SP:dff3  Cy:23451600
073E:  03        INC  BC             A:ff B:fb C:cc D:00 E:d8 F:40 H:0b L:8f LY:86 SP:dff3  Cy:23451612
073F:  78        LD   A,B            A:ff B:fb C:cd D:00 E:d8 F:40 H:0b L:8f LY:86 SP:dff3  Cy:23451620
0740:  B1        OR   C              A:fb B:fb C:cd D:00 E:d8 F:40 H:0b L:8f LY:86 SP:dff3  Cy:23451624
0741:  28 06     JR   Z,#06h         A:ff B:fb C:cd D:00 E:d8 F:00 H:0b L:8f LY:87 SP:dff3  Cy:23451628
0743:  F0 44     LDH  A,(#44h)       A:ff B:fb C:cd D:00 E:d8 F:00 H:0b L:8f LY:87 SP:dff3  Cy:23451640
0745:  FE 90     CP   #90h           A:ff B:fb C:cd D:00 E:d8 F:00 H:0b L:8f LY:87 SP:dff3  Cy:23451652
0747:  20 F5     JR   NZ,#FFFFFFF5h  A:ff B:fb C:cd D:00 E:d8 F:40 H:0b L:8f LY:88 SP:dff3  Cy:23451660
073E:  03        INC  BC             A:ff B:fb C:cd D:00 E:d8 F:40 H:0b L:8f LY:88 SP:dff3  Cy:23451672
073F:  78        LD   A,B            A:ff B:fb C:ce D:00 E:d8 F:40 H:0b L:8f LY:88 SP:dff3  Cy:23451680
0740:  B1        OR   C              A:fb B:fb C:ce D:00 E:d8 F:40 H:0b L:8f LY:89 SP:dff3  Cy:23451684
0741:  28 06     JR   Z,#06h         A:ff B:fb C:ce D:00 E:d8 F:00 H:0b L:8f LY:89 SP:dff3  Cy:23451688
0743:  F0 44     LDH  A,(#44h)       A:ff B:fb C:ce D:00 E:d8 F:00 H:0b L:8f LY:89 SP:dff3  Cy:23451700
0745:  FE 90     CP   #90h           A:ff B:fb C:ce D:00 E:d8 F:00 H:0b L:8f LY:8a SP:dff3  Cy:23451712
0747:  20 F5     JR   NZ,#FFFFFFF5h  A:ff B:fb C:ce D:00 E:d8 F:40 H:0b L:8f LY:8a SP:dff3  Cy:23451720
073E:  03        INC  BC             A:ff B:fb C:ce D:00 E:d8 F:40 H:0b L:8f LY:8a SP:dff3  Cy:23451732
073F:  78        LD   A,B            A:ff B:fb C:cf D:00 E:d8 F:40 H:0b L:8f LY:8b SP:dff3  Cy:23451740
0740:  B1        OR   C              A:fb B:fb C:cf D:00 E:d8 F:40 H:0b L:8f LY:8b SP:dff3  Cy:23451744
0741:  28 06     JR   Z,#06h         A:ff B:fb C:cf D:00 E:d8 F:00 H:0b L:8f LY:8b SP:dff3  Cy:23451748
0743:  F0 44     LDH  A,(#44h)       A:ff B:fb C:cf D:00 E:d8 F:00 H:0b L:8f LY:8c SP:dff3  Cy:23451760
0745:  FE 90     CP   #90h           A:ff B:fb C:cf D:00 E:d8 F:00 H:0b L:8f LY:8c SP:dff3  Cy:23451772
0747:  20 F5     JR   NZ,#FFFFFFF5h  A:ff B:fb C:cf D:00 E:d8 F:40 H:0b L:8f LY:8c SP:dff3  Cy:23451780
073E:  03        INC  BC             A:ff B:fb C:cf D:00 E:d8 F:40 H:0b L:8f LY:8d SP:dff3  Cy:23451792
073F:  78        LD   A,B            A:ff B:fb C:d0 D:00 E:d8 F:40 H:0b L:8f LY:8d SP:dff3  Cy:23451800
0740:  B1        OR   C              A:fb B:fb C:d0 D:00 E:d8 F:40 H:0b L:8f LY:8d SP:dff3  Cy:23451804
0741:  28 06     JR   Z,#06h         A:fb B:fb C:d0 D:00 E:d8 F:00 H:0b L:8f LY:8e SP:dff3  Cy:23451808
0743:  F0 44     LDH  A,(#44h)       A:fb B:fb C:d0 D:00 E:d8 F:00 H:0b L:8f LY:8e SP:dff3  Cy:23451820
0745:  FE 90     CP   #90h           A:fb B:fb C:d0 D:00 E:d8 F:00 H:0b L:8f LY:8e SP:dff3  Cy:23451832
0747:  20 F5     JR   NZ,#FFFFFFF5h  A:fb B:fb C:d0 D:00 E:d8 F:40 H:0b L:8f LY:8e SP:dff3  Cy:23451840
073E:  03        INC  BC             A:fb B:fb C:d0 D:00 E:d8 F:40 H:0b L:8f LY:90 SP:dff3  Cy:23451852
073F:  78        LD   A,B            A:fb B:fb C:d1 D:00 E:d8 F:40 H:0b L:8f LY:91 SP:dff3  Cy:23451860
0740:  B1        OR   C              A:fb B:fb C:d1 D:00 E:d8 F:40 H:0b L:8f LY:92 SP:dff3  Cy:23451864
0741:  28 06     JR   Z,#06h         A:fb B:fb C:d1 D:00 E:d8 F:00 H:0b L:8f LY:93 SP:dff3  Cy:23451868
0743:  F0 44     LDH  A,(#44h)       A:fb B:fb C:d1 D:00 E:d8 F:00 H:0b L:8f LY:94 SP:dff3  Cy:23451880
0745:  FE 90     CP   #90h           A:fb B:fb C:d1 D:00 E:d8 F:00 H:0b L:8f LY:95 SP:dff3  Cy:23451892
0747:  20 F5     JR   NZ,#FFFFFFF5h  A:fb B:fb C:d1 D:00 E:d8 F:40 H:0b L:8f LY:96 SP:dff3  Cy:23451900
073E:  03        INC  BC             A:fb B:fb C:d1 D:00 E:d8 F:40 H:0b L:8f LY:97 SP:dff3  Cy:23451912
073F:  78        LD   A,B            A:fb B:fb C:d2 D:00 E:d8 F:40 H:0b L:8f LY:98 SP:dff3  Cy:23451920
0740:  B1        OR   C              A:fb B:fb C:d2 D:00 E:d8 F:40 H:0b L:8f LY:99 SP:dff3  Cy:23451924
0741:  28 06     JR   Z,#06h         A:fb B:fb C:d2 D:00 E:d8 F:00 H:0b L:8f LY:00 SP:dff3  Cy:23451928
0743:  F0 44     LDH  A,(#44h)       A:fb B:fb C:d2 D:00 E:d8 F:00 H:0b L:8f LY:00 SP:dff3  Cy:23451940
0745:  FE 90     CP   #90h           A:fb B:fb C:d2 D:00 E:d8 F:00 H:0b L:8f LY:00 SP:dff3  Cy:23451952
0747:  20 F5     JR   NZ,#FFFFFFF5h  A:fb B:fb C:d2 D:00 E:d8 F:40 H:0b L:8f LY:01 SP:dff3  Cy:23451960
073E:  03        INC  BC             A:fb B:fb C:d2 D:00 E:d8 F:40 H:0b L:8f LY:01 SP:dff3  Cy:23451972
073F:  78        LD   A,B            A:fb B:fb C:d3 D:00 E:d8 F:40 H:0b L:8f LY:01 SP:dff3  Cy:23451980
0740:  B1        OR   C              A:fb B:fb C:d3 D:00 E:d8 F:40 H:0b L:8f LY:02 SP:dff3  Cy:23451984
0741:  28 06     JR   Z,#06h         A:fb B:fb C:d3 D:00 E:d8 F:00 H:0b L:8f LY:02 SP:dff3  Cy:23451988
0743:  F0 44     LDH  A,(#44h)       A:fb B:fb C:d3 D:00 E:d8 F:00 H:0b L:8f LY:02 SP:dff3  Cy:23452000
0745:  FE 90     CP   #90h           A:fb B:fb C:d3 D:00 E:d8 F:00 H:0b L:8f LY:03 SP:dff3  Cy:23452012
0747:  20 F5     JR   NZ,#FFFFFFF5h  A:fb B:fb C:d3 D:00 E:d8 F:40 H:0b L:8f LY:03 SP:dff3  Cy:23452020
073E:  03        INC  BC             A:fb B:fb C:d3 D:00 E:d8 F:40 H:0b L:8f LY:03 SP:dff3  Cy:23452032
073F:  78        LD   A,B            A:fb B:fb C:d4 D:00 E:d8 F:40 H:0b L:8f LY:04 SP:dff3  Cy:23452040
0740:  B1        OR   C              A:fb B:fb C:d4 D:00 E:d8 F:40 H:0b L:8f LY:04 SP:dff3  Cy:23452044
0741:  28 06     JR   Z,#06h         A:ff B:fb C:d4 D:00 E:d8 F:00 H:0b L:8f LY:04 SP:dff3  Cy:23452048
0743:  F0 44     LDH  A,(#44h)       A:ff B:fb C:d4 D:00 E:d8 F:00 H:0b L:8f LY:05 SP:dff3  Cy:23452060
0745:  FE 90     CP   #90h           A:ff B:fb C:d4 D:00 E:d8 F:00 H:0b L:8f LY:05 SP:dff3  Cy:23452072
0747:  20 F5     JR   NZ,#FFFFFFF5h  A:ff B:fb C:d4 D:00 E:d8 F:40 H:0b L:8f LY:05 SP:dff3  Cy:23452080
073E:  03        INC  BC             A:ff B:fb C:d4 D:00 E:d8 F:40 H:0b L:8f LY:06 SP:dff3  Cy:23452092
073F:  78        LD   A,B            A:ff B:fb C:d5 D:00 E:d8 F:40 H:0b L:8f LY:06 SP:dff3  Cy:23452100
0740:  B1        OR   C              A:fb B:fb C:d5 D:00 E:d8 F:40 H:0b L:8f LY:06 SP:dff3  Cy:23452104
0741:  28 06     JR   Z,#06h         A:ff B:fb C:d5 D:00 E:d8 F:00 H:0b L:8f LY:07 SP:dff3  Cy:23452108
0743:  F0 44     LDH  A,(#44h)       A:ff B:fb C:d5 D:00 E:d8 F:00 H:0b L:8f LY:07 SP:dff3  Cy:23452120
0745:  FE 90     CP   #90h           A:ff B:fb C:d5 D:00 E:d8 F:00 H:0b L:8f LY:07 SP:dff3  Cy:23452132
0747:  20 F5     JR   NZ,#FFFFFFF5h  A:ff B:fb C:d5 D:00 E:d8 F:40 H:0b L:8f LY:08 SP:dff3  Cy:23452140
073E:  03        INC  BC             A:ff B:fb C:d5 D:00 E:d8 F:40 H:0b L:8f LY:08 SP:dff3  Cy:23452152
073F:  78        LD   A,B            A:ff B:fb C:d6 D:00 E:d8 F:40 H:0b L:8f LY:08 SP:dff3  Cy:23452160
0740:  B1        OR   C              A:fb B:fb C:d6 D:00 E:d8 F:40 H:0b L:8f LY:09 SP:dff3  Cy:23452164
0741:  28 06     JR   Z,#06h         A:ff B:fb C:d6 D:00 E:d8 F:00 H:0b L:8f LY:09 SP:dff3  Cy:23452168
0743:  F0 44     LDH  A,(#44h)       A:ff B:fb C:d6 D:00 E:d8 F:00 H:0b L:8f LY:09 SP:dff3  Cy:23452180
0745:  FE 90     CP   #90h           A:ff B:fb C:d6 D:00 E:d8 F:00 H:0b L:8f LY:0a SP:dff3  Cy:23452192
0747:  20 F5     JR   NZ,#FFFFFFF5h  A:ff B:fb C:d6 D:00 E:d8 F:40 H:0b L:8f LY:0a SP:dff3  Cy:23452200
073E:  03        INC  BC             A:ff B:fb C:d6 D:00 E:d8 F:40 H:0b L:8f LY:0a SP:dff3  Cy:23452212
073F:  78        LD   A,B            A:ff B:fb C:d7 D:00 E:d8 F:40 H:0b L:8f LY:0b SP:dff3  Cy:23452220
0740:  B1        OR   C              A:fb B:fb C:d7 D:00 E:d8 F:40 H:0b L:8f LY:0b SP:dff3  Cy:23452224
0741:  28 06     JR   Z,#06h         A:ff B:fb C:d7 D:00 E:d8 F:00 H:0b L:8f LY:0b SP:dff3  Cy:23452228
0743:  F0 44     LDH  A,(#44h)       A:ff B:fb C:d7 D:00 E:d8 F:00 H:0b L:8f LY:0c SP:dff3  Cy:23452240
0745:  FE 90     CP   #90h           A:ff B:fb C:d7 D:00 E:d8 F:00 H:0b L:8f LY:0c SP:dff3  Cy:23452252
0747:  20 F5     JR   NZ,#FFFFFFF5h  A:ff B:fb C:d7 D:00 E:d8 F:40 H:0b L:8f LY:0c SP:dff3  Cy:23452260
073E:  03        INC  BC             A:ff B:fb C:d7 D:00 E:d8 F:40 H:0b L:8f LY:0d SP:dff3  Cy:23452272
073F:  78        LD   A,B            A:ff B:fb C:d8 D:00 E:d8 F:40 H:0b L:8f LY:0d SP:dff3  Cy:23452280
0740:  B1        OR   C              A:fb B:fb C:d8 D:00 E:d8 F:40 H:0b L:8f LY:0d SP:dff3  Cy:23452284
0741:  28 06     JR   Z,#06h         A:fb B:fb C:d8 D:00 E:d8 F:00 H:0b L:8f LY:0e SP:dff3  Cy:23452288
0743:  F0 44     LDH  A,(#44h)       A:fb B:fb C:d8 D:00 E:d8 F:00 H:0b L:8f LY:0e SP:dff3  Cy:23452300
0745:  FE 90     CP   #90h           A:fb B:fb C:d8 D:00 E:d8 F:00 H:0b L:8f LY:0e SP:dff3  Cy:23452312
0747:  20 F5     JR   NZ,#FFFFFFF5h  A:fb B:fb C:d8 D:00 E:d8 F:40 H:0b L:8f LY:0f SP:dff3  Cy:23452320
073E:  03        INC  BC             A:fb B:fb C:d8 D:00 E:d8 F:40 H:0b L:8f LY:0f SP:dff3  Cy:23452332
073F:  78        LD   A,B            A:fb B:fb C:d9 D:00 E:d8 F:40 H:0b L:8f LY:0f SP:dff3  Cy:23452340
0740:  B1        OR   C              A:fb B:fb C:d9 D:00 E:d8 F:40 H:0b L:8f LY:10 SP:dff3  Cy:23452344
0741:  28 06     JR   Z,#06h         A:fb B:fb C:d9 D:00 E:d8 F:00 H:0b L:8f LY:10 SP:dff3  Cy:23452348
0743:  F0 44     LDH  A,(#44h)       A:fb B:fb C:d9 D:00 E:d8 F:00 H:0b L:8f LY:10 SP:dff3  Cy:23452360
0745:  FE 90     CP   #90h           A:fb B:fb C:d9 D:00 E:d8 F:00 H:0b L:8f LY:11 SP:dff3  Cy:23452372
0747:  20 F5     JR   NZ,#FFFFFFF5h  A:fb B:fb C:d9 D:00 E:d8 F:40 H:0b L:8f LY:11 SP:dff3  Cy:23452380
073E:  03        INC  BC             A:fb B:fb C:d9 D:00 E:d8 F:40 H:0b L:8f LY:11 SP:dff3  Cy:23452392
073F:  78        LD   A,B            A:fb B:fb C:da D:00 E:d8 F:40 H:0b L:8f LY:12 SP:dff3  Cy:23452400
0740:  B1        OR   C              A:fb B:fb C:da D:00 E:d8 F:40 H:0b L:8f LY:12 SP:dff3  Cy:23452404
0741:  28 06     JR   Z,#06h         A:fb B:fb C:da D:00 E:d8 F:00 H:0b L:8f LY:12 SP:dff3  Cy:23452408
0743:  F0 44     LDH  A,(#44h)       A:fb B:fb C:da D:00 E:d8 F:00 H:0b L:8f LY:13 SP:dff3  Cy:23452420
0745:  FE 90     CP   #90h           A:fb B:fb C:da D:00 E:d8 F:00 H:0b L:8f LY:13 SP:dff3  Cy:23452432
0747:  20 F5     JR   NZ,#FFFFFFF5h  A:fb B:fb C:da D:00 E:d8 F:40 H:0b L:8f LY:13 SP:dff3  Cy:23452440
073E:  03        INC  BC             A:fb B:fb C:da D:00 E:d8 F:40 H:0b L:8f LY:14 SP:dff3  Cy:23452452
073F:  78        LD   A,B            A:fb B:fb C:db D:00 E:d8 F:40 H:0b L:8f LY:14 SP:dff3  Cy:23452460
0740:  B1        OR   C              A:fb B:fb C:db D:00 E:d8 F:40 H:0b L:8f LY:14 SP:dff3  Cy:23452464
0741:  28 06     JR   Z,#06h         A:fb B:fb C:db D:00 E:d8 F:00 H:0b L:8f LY:15 SP:dff3  Cy:23452468
0743:  F0 44     LDH  A,(#44h)       A:fb B:fb C:db D:00 E:d8 F:00 H:0b L:8f LY:15 SP:dff3  Cy:23452480
0745:  FE 90     CP   #90h           A:fb B:fb C:db D:00 E:d8 F:00 H:0b L:8f LY:15 SP:dff3  Cy:23452492
0747:  20 F5     JR   NZ,#FFFFFFF5h  A:fb B:fb C:db D:00 E:d8 F:40 H:0b L:8f LY:16 SP:dff3  Cy:23452500
073E:  03        INC  BC             A:fb B:fb C:db D:00 E:d8 F:40 H:0b L:8f LY:16 SP:dff3  Cy:23452512
073F:  78        LD   A,B            A:fb B:fb C:dc D:00 E:d8 F:40 H:0b L:8f LY:16 SP:dff3  Cy:23452520
0740:  B1        OR   C              A:fb B:fb C:dc D:00 E:d8 F:40 H:0b L:8f LY:17 SP:dff3  Cy:23452524
0741:  28 06     JR   Z,#06h         A:ff B:fb C:dc D:00 E:d8 F:00 H:0b L:8f LY:17 SP:dff3  Cy:23452528
0743:  F0 44     LDH  A,(#44h)       A:ff B:fb C:dc D:00 E:d8 F:00 H:0b L:8f LY:17 SP:dff3  Cy:23452540
0745:  FE 90     CP   #90h           A:ff B:fb C:dc D:00 E:d8 F:00 H:0b L:8f LY:18 SP:dff3  Cy:23452552
0747:  20 F5     JR   NZ,#FFFFFFF5h  A:ff B:fb C:dc D:00 E:d8 F:40 H:0b L:8f LY:18 SP:dff3  Cy:23452560
073E:  03        INC  BC             A:ff B:fb C:dc D:00 E:d8 F:40 H:0b L:8f LY:18 SP:dff3  Cy:23452572
073F:  78        LD   A,B            A:ff B:fb C:dd D:00 E:d8 F:40 H:0b L:8f LY:19 SP:dff3  Cy:23452580
0740:  B1        OR   C              A:fb B:fb C:dd D:00 E:d8 F:40 H:0b L:8f LY:19 SP:dff3  Cy:23452584
0741:  28 06     JR   Z,#06h         A:ff B:fb C:dd D:00 E:d8 F:00 H:0b L:8f LY:19 SP:dff3  Cy:23452588
0743:  F0 44     LDH  A,(#44h)       A:ff B:fb C:dd D:00 E:d8 F:00 H:0b L:8f LY:1a SP:dff3  Cy:23452600
0745:  FE 90     CP   #90h           A:ff B:fb C:dd D:00 E:d8 F:00 H:0b L:8f LY:1a SP:dff3  Cy:23452612
0747:  20 F5     JR   NZ,#FFFFFFF5h  A:ff B:fb C:dd D:00 E:d8 F:40 H:0b L:8f LY:1a SP:dff3  Cy:23452620
073E:  03        INC  BC             A:ff B:fb C:dd D:00 E:d8 F:40 H:0b L:8f LY:1b SP:dff3  Cy:23452632
073F:  78        LD   A,B            A:ff B:fb C:de D:00 E:d8 F:40 H:0b L:8f LY:1b SP:dff3  Cy:23452640
0740:  B1        OR   C              A:fb B:fb C:de D:00 E:d8 F:40 H:0b L:8f LY:1b SP:dff3  Cy:23452644
0741:  28 06     JR   Z,#06h         A:ff B:fb C:de D:00 E:d8 F:00 H:0b L:8f LY:1c SP:dff3  Cy:23452648
0743:  F0 44     LDH  A,(#44h)       A:ff B:fb C:de D:00 E:d8 F:00 H:0b L:8f LY:1c SP:dff3  Cy:23452660
0745:  FE 90     CP   #90h           A:ff B:fb C:de D:00 E:d8 F:00 H:0b L:8f LY:1c SP:dff3  Cy:23452672
0747:  20 F5     JR   NZ,#FFFFFFF5h  A:ff B:fb C:de D:00 E:d8 F:40 H:0b L:8f LY:1d SP:dff3  Cy:23452680
073E:  03        INC  BC             A:ff B:fb C:de D:00 E:d8 F:40 H:0b L:8f LY:1d SP:dff3  Cy:23452692
073F:  78        LD   A,B            A:ff B:fb C:df D:00 E:d8 F:40 H:0b L:8f LY:1d SP:dff3  Cy:23452700
0740:  B1        OR   C              A:fb B:fb C:df D:00 E:d8 F:40 H:0b L:8f LY:1e SP:dff3  Cy:23452704
0741:  28 06     JR   Z,#06h         A:ff B:fb C:df D:00 E:d8 F:00 H:0b L:8f LY:1e SP:dff3  Cy:23452708
0743:  F0 44     LDH  A,(#44h)       A:ff B:fb C:df D:00 E:d8 F:00 H:0b L:8f LY:1e SP:dff3  Cy:23452720
0745:  FE 90     CP   #90h           A:ff B:fb C:df D:00 E:d8 F:00 H:0b L:8f LY:1f SP:dff3  Cy:23452732
0747:  20 F5     JR   NZ,#FFFFFFF5h  A:ff B:fb C:df D:00 E:d8 F:40 H:0b L:8f LY:1f SP:dff3  Cy:23452740
073E:  03        INC  BC             A:ff B:fb C:df D:00 E:d8 F:40 H:0b L:8f LY:1f SP:dff3  Cy:23452752
073F:  78        LD   A,B            A:ff B:fb C:e0 D:00 E:d8 F:40 H:0b L:8f LY:20 SP:dff3  Cy:23452760
0740:  B1        OR   C              A:fb B:fb C:e0 D:00 E:d8 F:40 H:0b L:8f LY:20 SP:dff3  Cy:23452764
0741:  28 06     JR   Z,#06h         A:fb B:fb C:e0 D:00 E:d8 F:00 H:0b L:8f LY:20 SP:dff3  Cy:23452768
0743:  F0 44     LDH  A,(#44h)       A:fb B:fb C:e0 D:00 E:d8 F:00 H:0b L:8f LY:21 SP:dff3  Cy:23452780
0745:  FE 90     CP   #90h           A:fb B:fb C:e0 D:00 E:d8 F:00 H:0b L:8f LY:21 SP:dff3  Cy:23452792
0747:  20 F5     JR   NZ,#FFFFFFF5h  A:fb B:fb C:e0 D:00 E:d8 F:40 H:0b L:8f LY:21 SP:dff3  Cy:23452800
073E:  03        INC  BC             A:fb B:fb C:e0 D:00 E:d8 F:40 H:0b L:8f LY:22 SP:dff3  Cy:23452812
073F:  78        LD   A,B            A:fb B:fb C:e1 D:00 E:d8 F:40 H:0b L:8f LY:22 SP:dff3  Cy:23452820
0740:  B1        OR   C              A:fb B:fb C:e1 D:00 E:d8 F:40 H:0b L:8f LY:22 SP:dff3  Cy:23452824
0741:  28 06     JR   Z,#06h         A:fb B:fb C:e1 D:00 E:d8 F:00 H:0b L:8f LY:23 SP:dff3  Cy:23452828
0743:  F0 44     LDH  A,(#44h)       A:fb B:fb C:e1 D:00 E:d8 F:00 H:0b L:8f LY:23 SP:dff3  Cy:23452840
0745:  FE 90     CP   #90h           A:fb B:fb C:e1 D:00 E:d8 F:00 H:0b L:8f LY:23 SP:dff3  Cy:23452852
0747:  20 F5     JR   NZ,#FFFFFFF5h  A:fb B:fb C:e1 D:00 E:d8 F:40 H:0b L:8f LY:24 SP:dff3  Cy:23452860
073E:  03        INC  BC             A:fb B:fb C:e1 D:00 E:d8 F:40 H:0b L:8f LY:24 SP:dff3  Cy:23452872
073F:  78        LD   A,B            A:fb B:fb C:e2 D:00 E:d8 F:40 H:0b L:8f LY:24 SP:dff3  Cy:23452880
0740:  B1        OR   C              A:fb B:fb C:e2 D:00 E:d8 F:40 H:0b L:8f LY:25 SP:dff3  Cy:23452884
0741:  28 06     JR   Z,#06h         A:fb B:fb C:e2 D:00 E:d8 F:00 H:0b L:8f LY:25 SP:dff3  Cy:23452888
0743:  F0 44     LDH  A,(#44h)       A:fb B:fb C:e2 D:00 E:d8 F:00 H:0b L:8f LY:25 SP:dff3  Cy:23452900
0745:  FE 90     CP   #90h           A:fb B:fb C:e2 D:00 E:d8 F:00 H:0b L:8f LY:26 SP:dff3  Cy:23452912
0747:  20 F5     JR   NZ,#FFFFFFF5h  A:fb B:fb C:e2 D:00 E:d8 F:40 H:0b L:8f LY:26 SP:dff3  Cy:23452920
073E:  03        INC  BC             A:fb B:fb C:e2 D:00 E:d8 F:40 H:0b L:8f LY:26 SP:dff3  Cy:23452932
073F:  78        LD   A,B            A:fb B:fb C:e3 D:00 E:d8 F:40 H:0b L:8f LY:27 SP:dff3  Cy:23452940
0740:  B1        OR   C              A:fb B:fb C:e3 D:00 E:d8 F:40 H:0b L:8f LY:27 SP:dff3  Cy:23452944
0741:  28 06     JR   Z,#06h         A:fb B:fb C:e3 D:00 E:d8 F:00 H:0b L:8f LY:27 SP:dff3  Cy:23452948
0743:  F0 44     LDH  A,(#44h)       A:fb B:fb C:e3 D:00 E:d8 F:00 H:0b L:8f LY:28 SP:dff3  Cy:23452960
0745:  FE 90     CP   #90h           A:fb B:fb C:e3 D:00 E:d8 F:00 H:0b L:8f LY:28 SP:dff3  Cy:23452972
0747:  20 F5     JR   NZ,#FFFFFFF5h  A:fb B:fb C:e3 D:00 E:d8 F:40 H:0b L:8f LY:28 SP:dff3  Cy:23452980
073E:  03        INC  BC             A:fb B:fb C:e3 D:00 E:d8 F:40 H:0b L:8f LY:29 SP:dff3  Cy:23452992
073F:  78        LD   A,B            A:fb B:fb C:e4 D:00 E:d8 F:40 H:0b L:8f LY:29 SP:dff3  Cy:23453000
0740:  B1        OR   C              A:fb B:fb C:e4 D:00 E:d8 F:40 H:0b L:8f LY:29 SP:dff3  Cy:23453004
0741:  28 06     JR   Z,#06h         A:ff B:fb C:e4 D:00 E:d8 F:00 H:0b L:8f LY:2a SP:dff3  Cy:23453008
0743:  F0 44     LDH  A,(#44h)       A:ff B:fb C:e4 D:00 E:d8 F:00 H:0b L:8f LY:2a SP:dff3  Cy:23453020
0745:  FE 90     CP   #90h           A:ff B:fb C:e4 D:00 E:d8 F:00 H:0b L:8f LY:2a SP:dff3  Cy:23453032
0747:  20 F5     JR   NZ,#FFFFFFF5h  A:ff B:fb C:e4 D:00 E:d8 F:40 H:0b L:8f LY:2b SP:dff3  Cy:23453040
073E:  03        INC  BC             A:ff B:fb C:e4 D:00 E:d8 F:40 H:0b L:8f LY:2b SP:dff3  Cy:23453052
073F:  78        LD   A,B            A:ff B:fb C:e5 D:00 E:d8 F:40 H:0b L:8f LY:2b SP:dff3  Cy:23453060
0740:  B1        OR   C              A:fb B:fb C:e5 D:00 E:d8 F:40 H:0b L:8f LY:2c SP:dff3  Cy:23453064
0741:  28 06     JR   Z,#06h         A:ff B:fb C:e5 D:00 E:d8 F:00 H:0b L:8f LY:2c SP:dff3  Cy:23453068
0743:  F0 44     LDH  A,(#44h)       A:ff B:fb C:e5 D:00 E:d8 F:00 H:0b L:8f LY:2c SP:dff3  Cy:23453080
0745:  FE 90     CP   #90h           A:ff B:fb C:e5 D:00 E:d8 F:00 H:0b L:8f LY:2d SP:dff3  Cy:23453092
0747:  20 F5     JR   NZ,#FFFFFFF5h  A:ff B:fb C:e5 D:00 E:d8 F:40 H:0b L:8f LY:2d SP:dff3  Cy:23453100
073E:  03        INC  BC             A:ff B:fb C:e5 D:00 E:d8 F:40 H:0b L:8f LY:2d SP:dff3  Cy:23453112
073F:  78        LD   A,B            A:ff B:fb C:e6 D:00 E:d8 F:40 H:0b L:8f LY:2e SP:dff3  Cy:23453120
0740:  B1        OR   C              A:fb B:fb C:e6 D:00 E:d8 F:40 H:0b L:8f LY:2e SP:dff3  Cy:23453124
0741:  28 06     JR   Z,#06h         A:ff B:fb C:e6 D:00 E:d8 F:00 H:0b L:8f LY:2e SP:dff3  Cy:23453128
0743:  F0 44     LDH  A,(#44h)       A:ff B:fb C:e6 D:00 E:d8 F:00 H:0b L:8f LY:2f SP:dff3  Cy:23453140
0745:  FE 90     CP   #90h           A:ff B:fb C:e6 D:00 E:d8 F:00 H:0b L:8f LY:2f SP:dff3  Cy:23453152
0747:  20 F5     JR   NZ,#FFFFFFF5h  A:ff B:fb C:e6 D:00 E:d8 F:40 H:0b L:8f LY:2f SP:dff3  Cy:23453160
073E:  03        INC  BC             A:ff B:fb C:e6 D:00 E:d8 F:40 H:0b L:8f LY:30 SP:dff3  Cy:23453172
073F:  78        LD   A,B            A:ff B:fb C:e7 D:00 E:d8 F:40 H:0b L:8f LY:30 SP:dff3  Cy:23453180
0740:  B1        OR   C              A:fb B:fb C:e7 D:00 E:d8 F:40 H:0b L:8f LY:30 SP:dff3  Cy:23453184
0741:  28 06     JR   Z,#06h         A:ff B:fb C:e7 D:00 E:d8 F:00 H:0b L:8f LY:31 SP:dff3  Cy:23453188
0743:  F0 44     LDH  A,(#44h)       A:ff B:fb C:e7 D:00 E:d8 F:00 H:0b L:8f LY:31 SP:dff3  Cy:23453200
0745:  FE 90     CP   #90h           A:ff B:fb C:e7 D:00 E:d8 F:00 H:0b L:8f LY:31 SP:dff3  Cy:23453212
0747:  20 F5     JR   NZ,#FFFFFFF5h  A:ff B:fb C:e7 D:00 E:d8 F:40 H:0b L:8f LY:32 SP:dff3  Cy:23453220
073E:  03        INC  BC             A:ff B:fb C:e7 D:00 E:d8 F:40 H:0b L:8f LY:32 SP:dff3  Cy:23453232
073F:  78        LD   A,B            A:ff B:fb C:e8 D:00 E:d8 F:40 H:0b L:8f LY:32 SP:dff3  Cy:23453240
0740:  B1        OR   C              A:fb B:fb C:e8 D:00 E:d8 F:40 H:0b L:8f LY:33 SP:dff3  Cy:23453244
0741:  28 06     JR   Z,#06h         A:fb B:fb C:e8 D:00 E:d8 F:00 H:0b L:8f LY:33 SP:dff3  Cy:23453248
0743:  F0 44     LDH  A,(#44h)       A:fb B:fb C:e8 D:00 E:d8 F:00 H:0b L:8f LY:33 SP:dff3  Cy:23453260
0745:  FE 90     CP   #90h           A:fb B:fb C:e8 D:00 E:d8 F:00 H:0b L:8f LY:34 SP:dff3  Cy:23453272
0747:  20 F5     JR   NZ,#FFFFFFF5h  A:fb B:fb C:e8 D:00 E:d8 F:40 H:0b L:8f LY:34 SP:dff3  Cy:23453280
073E:  03        INC  BC             A:fb B:fb C:e8 D:00 E:d8 F:40 H:0b L:8f LY:34 SP:dff3  Cy:23453292
073F:  78        LD   A,B            A:fb B:fb C:e9 D:00 E:d8 F:40 H:0b L:8f LY:35 SP:dff3  Cy:23453300
0740:  B1        OR   C              A:fb B:fb C:e9 D:00 E:d8 F:40 H:0b L:8f LY:35 SP:dff3  Cy:23453304
0741:  28 06     JR   Z,#06h         A:fb B:fb C:e9 D:00 E:d8 F:00 H:0b L:8f LY:35 SP:dff3  Cy:23453308
0743:  F0 44     LDH  A,(#44h)       A:fb B:fb C:e9 D:00 E:d8 F:00 H:0b L:8f LY:36 SP:dff3  Cy:23453320
0745:  FE 90     CP   #90h           A:fb B:fb C:e9 D:00 E:d8 F:00 H:0b L:8f LY:36 SP:dff3  Cy:23453332
0747:  20 F5     JR   NZ,#FFFFFFF5h  A:fb B:fb C:e9 D:00 E:d8 F:40 H:0b L:8f LY:36 SP:dff3  Cy:23453340
073E:  03        INC  BC             A:fb B:fb C:e9 D:00 E:d8 F:40 H:0b L:8f LY:37 SP:dff3  Cy:23453352
073F:  78        LD   A,B            A:fb B:fb C:ea D:00 E:d8 F:40 H:0b L:8f LY:37 SP:dff3  Cy:23453360
0740:  B1        OR   C              A:fb B:fb C:ea D:00 E:d8 F:40 H:0b L:8f LY:37 SP:dff3  Cy:23453364
0741:  28 06     JR   Z,#06h         A:fb B:fb C:ea D:00 E:d8 F:00 H:0b L:8f LY:38 SP:dff3  Cy:23453368
0743:  F0 44     LDH  A,(#44h)       A:fb B:fb C:ea D:00 E:d8 F:00 H:0b L:8f LY:38 SP:dff3  Cy:23453380
0745:  FE 90     CP   #90h           A:fb B:fb C:ea D:00 E:d8 F:00 H:0b L:8f LY:38 SP:dff3  Cy:23453392
0747:  20 F5     JR   NZ,#FFFFFFF5h  A:fb B:fb C:ea D:00 E:d8 F:40 H:0b L:8f LY:39 SP:dff3  Cy:23453400
073E:  03        INC  BC             A:fb B:fb C:ea D:00 E:d8 F:40 H:0b L:8f LY:39 SP:dff3  Cy:23453412
073F:  78        LD   A,B            A:fb B:fb C:eb D:00 E:d8 F:40 H:0b L:8f LY:39 SP:dff3  Cy:23453420
0740:  B1        OR   C              A:fb B:fb C:eb D:00 E:d8 F:40 H:0b L:8f LY:3a SP:dff3  Cy:23453424
0741:  28 06     JR   Z,#06h         A:fb B:fb C:eb D:00 E:d8 F:00 H:0b L:8f LY:3a SP:dff3  Cy:23453428
0743:  F0 44     LDH  A,(#44h)       A:fb B:fb C:eb D:00 E:d8 F:00 H:0b L:8f LY:3a SP:dff3  Cy:23453440
0745:  FE 90     CP   #90h           A:fb B:fb C:eb D:00 E:d8 F:00 H:0b L:8f LY:3b SP:dff3  Cy:23453452
0747:  20 F5     JR   NZ,#FFFFFFF5h  A:fb B:fb C:eb D:00 E:d8 F:40 H:0b L:8f LY:3b SP:dff3  Cy:23453460
073E:  03        INC  BC             A:fb B:fb C:eb D:00 E:d8 F:40 H:0b L:8f LY:3b SP:dff3  Cy:23453472
073F:  78        LD   A,B            A:fb B:fb C:ec D:00 E:d8 F:40 H:0b L:8f LY:3c SP:dff3  Cy:23453480
0740:  B1        OR   C              A:fb B:fb C:ec D:00 E:d8 F:40 H:0b L:8f LY:3c SP:dff3  Cy:23453484
0741:  28 06     JR   Z,#06h         A:ff B:fb C:ec D:00 E:d8 F:00 H:0b L:8f LY:3c SP:dff3  Cy:23453488
0743:  F0 44     LDH  A,(#44h)       A:ff B:fb C:ec D:00 E:d8 F:00 H:0b L:8f LY:3d SP:dff3  Cy:23453500
0745:  FE 90     CP   #90h           A:ff B:fb C:ec D:00 E:d8 F:00 H:0b L:8f LY:3d SP:dff3  Cy:23453512
0747:  20 F5     JR   NZ,#FFFFFFF5h  A:ff B:fb C:ec D:00 E:d8 F:40 H:0b L:8f LY:3d SP:dff3  Cy:23453520
073E:  03        INC  BC             A:ff B:fb C:ec D:00 E:d8 F:40 H:0b L:8f LY:3e SP:dff3  Cy:23453532
073F:  78        LD   A,B            A:ff B:fb C:ed D:00 E:d8 F:40 H:0b L:8f LY:3e SP:dff3  Cy:23453540
0740:  B1        OR   C              A:fb B:fb C:ed D:00 E:d8 F:40 H:0b L:8f LY:3e SP:dff3  Cy:23453544
0741:  28 06     JR   Z,#06h         A:ff B:fb C:ed D:00 E:d8 F:00 H:0b L:8f LY:3f SP:dff3  Cy:23453548
0743:  F0 44     LDH  A,(#44h)       A:ff B:fb C:ed D:00 E:d8 F:00 H:0b L:8f LY:3f SP:dff3  Cy:23453560
0745:  FE 90     CP   #90h           A:ff B:fb C:ed D:00 E:d8 F:00 H:0b L:8f LY:3f SP:dff3  Cy:23453572
0747:  20 F5     JR   NZ,#FFFFFFF5h  A:ff B:fb C:ed D:00 E:d8 F:40 H:0b L:8f LY:40 SP:dff3  Cy:23453580
073E:  03        INC  BC             A:ff B:fb C:ed D:00 E:d8 F:40 H:0b L:8f LY:40 SP:dff3  Cy:23453592
073F:  78        LD   A,B            A:ff B:fb C:ee D:00 E:d8 F:40 H:0b L:8f LY:40 SP:dff3  Cy:23453600
0740:  B1        OR   C              A:fb B:fb C:ee D:00 E:d8 F:40 H:0b L:8f LY:41 SP:dff3  Cy:23453604
0741:  28 06     JR   Z,#06h         A:ff B:fb C:ee D:00 E:d8 F:00 H:0b L:8f LY:41 SP:dff3  Cy:23453608
0743:  F0 44     LDH  A,(#44h)       A:ff B:fb C:ee D:00 E:d8 F:00 H:0b L:8f LY:41 SP:dff3  Cy:23453620
0745:  FE 90     CP   #90h           A:ff B:fb C:ee D:00 E:d8 F:00 H:0b L:8f LY:42 SP:dff3  Cy:23453632
0747:  20 F5     JR   NZ,#FFFFFFF5h  A:ff B:fb C:ee D:00 E:d8 F:40 H:0b L:8f LY:42 SP:dff3  Cy:23453640
073E:  03        INC  BC             A:ff B:fb C:ee D:00 E:d8 F:40 H:0b L:8f LY:42 SP:dff3  Cy:23453652
073F:  78        LD   A,B            A:ff B:fb C:ef D:00 E:d8 F:40 H:0b L:8f LY:43 SP:dff3  Cy:23453660
0740:  B1        OR   C              A:fb B:fb C:ef D:00 E:d8 F:40 H:0b L:8f LY:43 SP:dff3  Cy:23453664
0741:  28 06     JR   Z,#06h         A:ff B:fb C:ef D:00 E:d8 F:00 H:0b L:8f LY:43 SP:dff3  Cy:23453668
0743:  F0 44     LDH  A,(#44h)       A:ff B:fb C:ef D:00 E:d8 F:00 H:0b L:8f LY:44 SP:dff3  Cy:23453680
0745:  FE 90     CP   #90h           A:ff B:fb C:ef D:00 E:d8 F:00 H:0b L:8f LY:44 SP:dff3  Cy:23453692
0747:  20 F5     JR   NZ,#FFFFFFF5h  A:ff B:fb C:ef D:00 E:d8 F:40 H:0b L:8f LY:44 SP:dff3  Cy:23453700
073E:  03        INC  BC             A:ff B:fb C:ef D:00 E:d8 F:40 H:0b L:8f LY:45 SP:dff3  Cy:23453712
073F:  78        LD   A,B            A:ff B:fb C:f0 D:00 E:d8 F:40 H:0b L:8f LY:45 SP:dff3  Cy:23453720
0740:  B1        OR   C              A:fb B:fb C:f0 D:00 E:d8 F:40 H:0b L:8f LY:45 SP:dff3  Cy:23453724
0741:  28 06     JR   Z,#06h         A:fb B:fb C:f0 D:00 E:d8 F:00 H:0b L:8f LY:46 SP:dff3  Cy:23453728
0743:  F0 44     LDH  A,(#44h)       A:fb B:fb C:f0 D:00 E:d8 F:00 H:0b L:8f LY:46 SP:dff3  Cy:23453740
0745:  FE 90     CP   #90h           A:fb B:fb C:f0 D:00 E:d8 F:00 H:0b L:8f LY:46 SP:dff3  Cy:23453752
0747:  20 F5     JR   NZ,#FFFFFFF5h  A:fb B:fb C:f0 D:00 E:d8 F:40 H:0b L:8f LY:47 SP:dff3  Cy:23453760
073E:  03        INC  BC             A:fb B:fb C:f0 D:00 E:d8 F:40 H:0b L:8f LY:47 SP:dff3  Cy:23453772
073F:  78        LD   A,B            A:fb B:fb C:f1 D:00 E:d8 F:40 H:0b L:8f LY:47 SP:dff3  Cy:23453780
0740:  B1        OR   C              A:fb B:fb C:f1 D:00 E:d8 F:40 H:0b L:8f LY:48 SP:dff3  Cy:23453784
0741:  28 06     JR   Z,#06h         A:fb B:fb C:f1 D:00 E:d8 F:00 H:0b L:8f LY:48 SP:dff3  Cy:23453788
0743:  F0 44     LDH  A,(#44h)       A:fb B:fb C:f1 D:00 E:d8 F:00 H:0b L:8f LY:48 SP:dff3  Cy:23453800
0745:  FE 90     CP   #90h           A:fb B:fb C:f1 D:00 E:d8 F:00 H:0b L:8f LY:49 SP:dff3  Cy:23453812
0747:  20 F5     JR   NZ,#FFFFFFF5h  A:fb B:fb C:f1 D:00 E:d8 F:40 H:0b L:8f LY:49 SP:dff3  Cy:23453820
073E:  03        INC  BC             A:fb B:fb C:f1 D:00 E:d8 F:40 H:0b L:8f LY:49 SP:dff3  Cy:23453832
073F:  78        LD   A,B            A:fb B:fb C:f2 D:00 E:d8 F:40 H:0b L:8f LY:4a SP:dff3  Cy:23453840
0740:  B1        OR   C              A:fb B:fb C:f2 D:00 E:d8 F:40 H:0b L:8f LY:4a SP:dff3  Cy:23453844
0741:  28 06     JR   Z,#06h         A:fb B:fb C:f2 D:00 E:d8 F:00 H:0b L:8f LY:4a SP:dff3  Cy:23453848
0743:  F0 44     LDH  A,(#44h)       A:fb B:fb C:f2 D:00 E:d8 F:00 H:0b L:8f LY:4b SP:dff3  Cy:23453860
0745:  FE 90     CP   #90h           A:fb B:fb C:f2 D:00 E:d8 F:00 H:0b L:8f LY:4b SP:dff3  Cy:23453872
0747:  20 F5     JR   NZ,#FFFFFFF5h  A:fb B:fb C:f2 D:00 E:d8 F:40 H:0b L:8f LY:4b SP:dff3  Cy:23453880
073E:  03        INC  BC             A:fb B:fb C:f2 D:00 E:d8 F:40 H:0b L:8f LY:4c SP:dff3  Cy:23453892
073F:  78        LD   A,B            A:fb B:fb C:f3 D:00 E:d8 F:40 H:0b L:8f LY:4c SP:dff3  Cy:23453900
0740:  B1        OR   C              A:fb B:fb C:f3 D:00 E:d8 F:40 H:0b L:8f LY:4c SP:dff3  Cy:23453904
0741:  28 06     JR   Z,#06h         A:fb B:fb C:f3 D:00 E:d8 F:00 H:0b L:8f LY:4d SP:dff3  Cy:23453908
0743:  F0 44     LDH  A,(#44h)       A:fb B:fb C:f3 D:00 E:d8 F:00 H:0b L:8f LY:4d SP:dff3  Cy:23453920
0745:  FE 90     CP   #90h           A:fb B:fb C:f3 D:00 E:d8 F:00 H:0b L:8f LY:4d SP:dff3  Cy:23453932
0747:  20 F5     JR   NZ,#FFFFFFF5h  A:fb B:fb C:f3 D:00 E:d8 F:40 H:0b L:8f LY:4e SP:dff3  Cy:23453940
073E:  03        INC  BC             A:fb B:fb C:f3 D:00 E:d8 F:40 H:0b L:8f LY:4e SP:dff3  Cy:23453952
073F:  78        LD   A,B            A:fb B:fb C:f4 D:00 E:d8 F:40 H:0b L:8f LY:4e SP:dff3  Cy:23453960
0740:  B1        OR   C              A:fb B:fb C:f4 D:00 E:d8 F:40 H:0b L:8f LY:4f SP:dff3  Cy:23453964
0741:  28 06     JR   Z,#06h         A:ff B:fb C:f4 D:00 E:d8 F:00 H:0b L:8f LY:4f SP:dff3  Cy:23453968
0743:  F0 44     LDH  A,(#44h)       A:ff B:fb C:f4 D:00 E:d8 F:00 H:0b L:8f LY:4f SP:dff3  Cy:23453980
0745:  FE 90     CP   #90h           A:ff B:fb C:f4 D:00 E:d8 F:00 H:0b L:8f LY:50 SP:dff3  Cy:23453992
0747:  20 F5     JR   NZ,#FFFFFFF5h  A:ff B:fb C:f4 D:00 E:d8 F:40 H:0b L:8f LY:50 SP:dff3  Cy:23454000
073E:  03        INC  BC             A:ff B:fb C:f4 D:00 E:d8 F:40 H:0b L:8f LY:50 SP:dff3  Cy:23454012
073F:  78        LD   A,B            A:ff B:fb C:f5 D:00 E:d8 F:40 H:0b L:8f LY:51 SP:dff3  Cy:23454020
0740:  B1        OR   C              A:fb B:fb C:f5 D:00 E:d8 F:40 H:0b L:8f LY:51 SP:dff3  Cy:23454024
0741:  28 06     JR   Z,#06h         A:ff B:fb C:f5 D:00 E:d8 F:00 H:0b L:8f LY:51 SP:dff3  Cy:23454028
0743:  F0 44     LDH  A,(#44h)       A:ff B:fb C:f5 D:00 E:d8 F:00 H:0b L:8f LY:52 SP:dff3  Cy:23454040
0745:  FE 90     CP   #90h           A:ff B:fb C:f5 D:00 E:d8 F:00 H:0b L:8f LY:52 SP:dff3  Cy:23454052
0747:  20 F5     JR   NZ,#FFFFFFF5h  A:ff B:fb C:f5 D:00 E:d8 F:40 H:0b L:8f LY:52 SP:dff3  Cy:23454060
073E:  03        INC  BC             A:ff B:fb C:f5 D:00 E:d8 F:40 H:0b L:8f LY:53 SP:dff3  Cy:23454072
073F:  78        LD   A,B            A:ff B:fb C:f6 D:00 E:d8 F:40 H:0b L:8f LY:53 SP:dff3  Cy:23454080
0740:  B1        OR   C              A:fb B:fb C:f6 D:00 E:d8 F:40 H:0b L:8f LY:53 SP:dff3  Cy:23454084
0741:  28 06     JR   Z,#06h         A:ff B:fb C:f6 D:00 E:d8 F:00 H:0b L:8f LY:54 SP:dff3  Cy:23454088
0743:  F0 44     LDH  A,(#44h)       A:ff B:fb C:f6 D:00 E:d8 F:00 H:0b L:8f LY:54 SP:dff3  Cy:23454100
0745:  FE 90     CP   #90h           A:ff B:fb C:f6 D:00 E:d8 F:00 H:0b L:8f LY:54 SP:dff3  Cy:23454112
0747:  20 F5     JR   NZ,#FFFFFFF5h  A:ff B:fb C:f6 D:00 E:d8 F:40 H:0b L:8f LY:55 SP:dff3  Cy:23454120
073E:  03        INC  BC             A:ff B:fb C:f6 D:00 E:d8 F:40 H:0b L:8f LY:55 SP:dff3  Cy:23454132
073F:  78        LD   A,B            A:ff B:fb C:f7 D:00 E:d8 F:40 H:0b L:8f LY:55 SP:dff3  Cy:23454140
0740:  B1        OR   C              A:fb B:fb C:f7 D:00 E:d8 F:40 H:0b L:8f LY:56 SP:dff3  Cy:23454144
0741:  28 06     JR   Z,#06h         A:ff B:fb C:f7 D:00 E:d8 F:00 H:0b L:8f LY:56 SP:dff3  Cy:23454148
0743:  F0 44     LDH  A,(#44h)       A:ff B:fb C:f7 D:00 E:d8 F:00 H:0b L:8f LY:56 SP:dff3  Cy:23454160
0745:  FE 90     CP   #90h           A:ff B:fb C:f7 D:00 E:d8 F:00 H:0b L:8f LY:57 SP:dff3  Cy:23454172
0747:  20 F5     JR   NZ,#FFFFFFF5h  A:ff B:fb C:f7 D:00 E:d8 F:40 H:0b L:8f LY:57 SP:dff3  Cy:23454180
073E:  03        INC  BC             A:ff B:fb C:f7 D:00 E:d8 F:40 H:0b L:8f LY:57 SP:dff3  Cy:23454192
073F:  78        LD   A,B            A:ff B:fb C:f8 D:00 E:d8 F:40 H:0b L:8f LY:58 SP:dff3  Cy:23454200
0740:  B1        OR   C              A:fb B:fb C:f8 D:00 E:d8 F:40 H:0b L:8f LY:58 SP:dff3  Cy:23454204
0741:  28 06     JR   Z,#06h         A:fb B:fb C:f8 D:00 E:d8 F:00 H:0b L:8f LY:58 SP:dff3  Cy:23454208
0743:  F0 44     LDH  A,(#44h)       A:fb B:fb C:f8 D:00 E:d8 F:00 H:0b L:8f LY:59 SP:dff3  Cy:23454220
0745:  FE 90     CP   #90h           A:fb B:fb C:f8 D:00 E:d8 F:00 H:0b L:8f LY:59 SP:dff3  Cy:23454232
0747:  20 F5     JR   NZ,#FFFFFFF5h  A:fb B:fb C:f8 D:00 E:d8 F:40 H:0b L:8f LY:59 SP:dff3  Cy:23454240
073E:  03        INC  BC             A:fb B:fb C:f8 D:00 E:d8 F:40 H:0b L:8f LY:5a SP:dff3  Cy:23454252
073F:  78        LD   A,B            A:fb B:fb C:f9 D:00 E:d8 F:40 H:0b L:8f LY:5a SP:dff3  Cy:23454260
0740:  B1        OR   C              A:fb B:fb C:f9 D:00 E:d8 F:40 H:0b L:8f LY:5a SP:dff3  Cy:23454264
0741:  28 06     JR   Z,#06h         A:fb B:fb C:f9 D:00 E:d8 F:00 H:0b L:8f LY:5b SP:dff3  Cy:23454268
0743:  F0 44     LDH  A,(#44h)       A:fb B:fb C:f9 D:00 E:d8 F:00 H:0b L:8f LY:5b SP:dff3  Cy:23454280
0745:  FE 90     CP   #90h           A:fb B:fb C:f9 D:00 E:d8 F:00 H:0b L:8f LY:5b SP:dff3  Cy:23454292
0747:  20 F5     JR   NZ,#FFFFFFF5h  A:fb B:fb C:f9 D:00 E:d8 F:40 H:0b L:8f LY:5c SP:dff3  Cy:23454300
073E:  03        INC  BC             A:fb B:fb C:f9 D:00 E:d8 F:40 H:0b L:8f LY:5c SP:dff3  Cy:23454312
073F:  78        LD   A,B            A:fb B:fb C:fa D:00 E:d8 F:40 H:0b L:8f LY:5c SP:dff3  Cy:23454320
0740:  B1        OR   C              A:fb B:fb C:fa D:00 E:d8 F:40 H:0b L:8f LY:5d SP:dff3  Cy:23454324
0741:  28 06     JR   Z,#06h         A:fb B:fb C:fa D:00 E:d8 F:00 H:0b L:8f LY:5d SP:dff3  Cy:23454328
0743:  F0 44     LDH  A,(#44h)       A:fb B:fb C:fa D:00 E:d8 F:00 H:0b L:8f LY:5d SP:dff3  Cy:23454340
0745:  FE 90     CP   #90h           A:fb B:fb C:fa D:00 E:d8 F:00 H:0b L:8f LY:5e SP:dff3  Cy:23454352
0747:  20 F5     JR   NZ,#FFFFFFF5h  A:fb B:fb C:fa D:00 E:d8 F:40 H:0b L:8f LY:5e SP:dff3  Cy:23454360
073E:  03        INC  BC             A:fb B:fb C:fa D:00 E:d8 F:40 H:0b L:8f LY:5e SP:dff3  Cy:23454372
073F:  78        LD   A,B            A:fb B:fb C:fb D:00 E:d8 F:40 H:0b L:8f LY:5f SP:dff3  Cy:23454380
0740:  B1        OR   C              A:fb B:fb C:fb D:00 E:d8 F:40 H:0b L:8f LY:5f SP:dff3  Cy:23454384
0741:  28 06     JR   Z,#06h         A:fb B:fb C:fb D:00 E:d8 F:00 H:0b L:8f LY:5f SP:dff3  Cy:23454388
0743:  F0 44     LDH  A,(#44h)       A:fb B:fb C:fb D:00 E:d8 F:00 H:0b L:8f LY:60 SP:dff3  Cy:23454400
0745:  FE 90     CP   #90h           A:fb B:fb C:fb D:00 E:d8 F:00 H:0b L:8f LY:60 SP:dff3  Cy:23454412
0747:  20 F5     JR   NZ,#FFFFFFF5h  A:fb B:fb C:fb D:00 E:d8 F:40 H:0b L:8f LY:60 SP:dff3  Cy:23454420
073E:  03        INC  BC             A:fb B:fb C:fb D:00 E:d8 F:40 H:0b L:8f LY:61 SP:dff3  Cy:23454432
073F:  78        LD   A,B            A:fb B:fb C:fc D:00 E:d8 F:40 H:0b L:8f LY:61 SP:dff3  Cy:23454440
0740:  B1        OR   C              A:fb B:fb C:fc D:00 E:d8 F:40 H:0b L:8f LY:61 SP:dff3  Cy:23454444
0741:  28 06     JR   Z,#06h         A:ff B:fb C:fc D:00 E:d8 F:00 H:0b L:8f LY:62 SP:dff3  Cy:23454448
0743:  F0 44     LDH  A,(#44h)       A:ff B:fb C:fc D:00 E:d8 F:00 H:0b L:8f LY:62 SP:dff3  Cy:23454460
0745:  FE 90     CP   #90h           A:ff B:fb C:fc D:00 E:d8 F:00 H:0b L:8f LY:62 SP:dff3  Cy:23454472
0747:  20 F5     JR   NZ,#FFFFFFF5h  A:ff B:fb C:fc D:00 E:d8 F:40 H:0b L:8f LY:63 SP:dff3  Cy:23454480
073E:  03        INC  BC             A:ff B:fb C:fc D:00 E:d8 F:40 H:0b L:8f LY:63 SP:dff3  Cy:23454492
073F:  78        LD   A,B            A:ff B:fb C:fd D:00 E:d8 F:40 H:0b L:8f LY:63 SP:dff3  Cy:23454500
0740:  B1        OR   C              A:fb B:fb C:fd D:00 E:d8 F:40 H:0b L:8f LY:64 SP:dff3  Cy:23454504
0741:  28 06     JR   Z,#06h         A:ff B:fb C:fd D:00 E:d8 F:00 H:0b L:8f LY:64 SP:dff3  Cy:23454508
0743:  F0 44     LDH  A,(#44h)       A:ff B:fb C:fd D:00 E:d8 F:00 H:0b L:8f LY:64 SP:dff3  Cy:23454520
0745:  FE 90     CP   #90h           A:ff B:fb C:fd D:00 E:d8 F:00 H:0b L:8f LY:65 SP:dff3  Cy:23454532
0747:  20 F5     JR   NZ,#FFFFFFF5h  A:ff B:fb C:fd D:00 E:d8 F:40 H:0b L:8f LY:65 SP:dff3  Cy:23454540
073E:  03        INC  BC             A:ff B:fb C:fd D:00 E:d8 F:40 H:0b L:8f LY:65 SP:dff3  Cy:23454552
073F:  78        LD   A,B            A:ff B:fb C:fe D:00 E:d8 F:40 H:0b L:8f LY:66 SP:dff3  Cy:23454560
0740:  B1        OR   C              A:fb B:fb C:fe D:00 E:d8 F:40 H:0b L:8f LY:66 SP:dff3  Cy:23454564
0741:  28 06     JR   Z,#06h         A:ff B:fb C:fe D:00 E:d8 F:00 H:0b L:8f LY:66 SP:dff3  Cy:23454568
0743:  F0 44     LDH  A,(#44h)       A:ff B:fb C:fe D:00 E:d8 F:00 H:0b L:8f LY:67 SP:dff3  Cy:23454580
0745:  FE 90     CP   #90h           A:ff B:fb C:fe D:00 E:d8 F:00 H:0b L:8f LY:67 SP:dff3  Cy:23454592
0747:  20 F5     JR   NZ,#FFFFFFF5h  A:ff B:fb C:fe D:00 E:d8 F:40 H:0b L:8f LY:67 SP:dff3  Cy:23454600
073E:  03        INC  BC             A:ff B:fb C:fe D:00 E:d8 F:40 H:0b L:8f LY:68 SP:dff3  Cy:23454612
073F:  78        LD   A,B            A:ff B:fb C:ff D:00 E:d8 F:40 H:0b L:8f LY:68 SP:dff3  Cy:23454620
0740:  B1        OR   C              A:fb B:fb C:ff D:00 E:d8 F:40 H:0b L:8f LY:68 SP:dff3  Cy:23454624
0741:  28 06     JR   Z,#06h         A:ff B:fb C:ff D:00 E:d8 F:00 H:0b L:8f LY:69 SP:dff3  Cy:23454628
0743:  F0 44     LDH  A,(#44h)       A:ff B:fb C:ff D:00 E:d8 F:00 H:0b L:8f LY:69 SP:dff3  Cy:23454640
0745:  FE 90     CP   #90h           A:ff B:fb C:ff D:00 E:d8 F:00 H:0b L:8f LY:69 SP:dff3  Cy:23454652
0747:  20 F5     JR   NZ,#FFFFFFF5h  A:ff B:fb C:ff D:00 E:d8 F:40 H:0b L:8f LY:6a SP:dff3  Cy:23454660
073E:  03        INC  BC             A:ff B:fb C:ff D:00 E:d8 F:40 H:0b L:8f LY:6a SP:dff3  Cy:23454672
073F:  78        LD   A,B            A:ff B:fc C:00 D:00 E:d8 F:40 H:0b L:8f LY:6a SP:dff3  Cy:23454680
0740:  B1        OR   C              A:fc B:fc C:00 D:00 E:d8 F:40 H:0b L:8f LY:6b SP:dff3  Cy:23454684
0741:  28 06     JR   Z,#06h         A:fc B:fc C:00 D:00 E:d8 F:00 H:0b L:8f LY:6b SP:dff3  Cy:23454688
0743:  F0 44     LDH  A,(#44h)       A:fc B:fc C:00 D:00 E:d8 F:00 H:0b L:8f LY:6b SP:dff3  Cy:23454700
0745:  FE 90     CP   #90h           A:fc B:fc C:00 D:00 E:d8 F:00 H:0b L:8f LY:6c SP:dff3  Cy:23454712
0747:  20 F5     JR   NZ,#FFFFFFF5h  A:fc B:fc C:00 D:00 E:d8 F:40 H:0b L:8f LY:6c SP:dff3  Cy:23454720
073E:  03        INC  BC             A:fc B:fc C:00 D:00 E:d8 F:40 H:0b L:8f LY:6c SP:dff3  Cy:23454732
073F:  78        LD   A,B            A:fc B:fc C:01 D:00 E:d8 F:40 H:0b L:8f LY:6d SP:dff3  Cy:23454740
0740:  B1        OR   C              A:fc B:fc C:01 D:00 E:d8 F:40 H:0b L:8f LY:6d SP:dff3  Cy:23454744
0741:  28 06     JR   Z,#06h         A:fd B:fc C:01 D:00 E:d8 F:00 H:0b L:8f LY:6d SP:dff3  Cy:23454748
0743:  F0 44     LDH  A,(#44h)       A:fd B:fc C:01 D:00 E:d8 F:00 H:0b L:8f LY:6e SP:dff3  Cy:23454760
0745:  FE 90     CP   #90h           A:fd B:fc C:01 D:00 E:d8 F:00 H:0b L:8f LY:6e SP:dff3  Cy:23454772
0747:  20 F5     JR   NZ,#FFFFFFF5h  A:fd B:fc C:01 D:00 E:d8 F:40 H:0b L:8f LY:6e SP:dff3  Cy:23454780
073E:  03        INC  BC             A:fd B:fc C:01 D:00 E:d8 F:40 H:0b L:8f LY:6f SP:dff3  Cy:23454792
073F:  78        LD   A,B            A:fd B:fc C:02 D:00 E:d8 F:40 H:0b L:8f LY:6f SP:dff3  Cy:23454800
0740:  B1        OR   C              A:fc B:fc C:02 D:00 E:d8 F:40 H:0b L:8f LY:6f SP:dff3  Cy:23454804
0741:  28 06     JR   Z,#06h         A:fe B:fc C:02 D:00 E:d8 F:00 H:0b L:8f LY:70 SP:dff3  Cy:23454808
0743:  F0 44     LDH  A,(#44h)       A:fe B:fc C:02 D:00 E:d8 F:00 H:0b L:8f LY:70 SP:dff3  Cy:23454820
0745:  FE 90     CP   #90h           A:fe B:fc C:02 D:00 E:d8 F:00 H:0b L:8f LY:70 SP:dff3  Cy:23454832
0747:  20 F5     JR   NZ,#FFFFFFF5h  A:fe B:fc C:02 D:00 E:d8 F:40 H:0b L:8f LY:71 SP:dff3  Cy:23454840
073E:  03        INC  BC             A:fe B:fc C:02 D:00 E:d8 F:40 H:0b L:8f LY:71 SP:dff3  Cy:23454852
073F:  78        LD   A,B            A:fe B:fc C:03 D:00 E:d8 F:40 H:0b L:8f LY:71 SP:dff3  Cy:23454860
0740:  B1        OR   C              A:fc B:fc C:03 D:00 E:d8 F:40 H:0b L:8f LY:72 SP:dff3  Cy:23454864
0741:  28 06     JR   Z,#06h         A:ff B:fc C:03 D:00 E:d8 F:00 H:0b L:8f LY:72 SP:dff3  Cy:23454868
0743:  F0 44     LDH  A,(#44h)       A:ff B:fc C:03 D:00 E:d8 F:00 H:0b L:8f LY:72 SP:dff3  Cy:23454880
0745:  FE 90     CP   #90h           A:ff B:fc C:03 D:00 E:d8 F:00 H:0b L:8f LY:73 SP:dff3  Cy:23454892
0747:  20 F5     JR   NZ,#FFFFFFF5h  A:ff B:fc C:03 D:00 E:d8 F:40 H:0b L:8f LY:73 SP:dff3  Cy:23454900
073E:  03        INC  BC             A:ff B:fc C:03 D:00 E:d8 F:40 H:0b L:8f LY:73 SP:dff3  Cy:23454912
073F:  78        LD   A,B            A:ff B:fc C:04 D:00 E:d8 F:40 H:0b L:8f LY:74 SP:dff3  Cy:23454920
0740:  B1        OR   C              A:fc B:fc C:04 D:00 E:d8 F:40 H:0b L:8f LY:74 SP:dff3  Cy:23454924
0741:  28 06     JR   Z,#06h         A:fc B:fc C:04 D:00 E:d8 F:00 H:0b L:8f LY:74 SP:dff3  Cy:23454928
0743:  F0 44     LDH  A,(#44h)       A:fc B:fc C:04 D:00 E:d8 F:00 H:0b L:8f LY:75 SP:dff3  Cy:23454940
0745:  FE 90     CP   #90h           A:fc B:fc C:04 D:00 E:d8 F:00 H:0b L:8f LY:75 SP:dff3  Cy:23454952
0747:  20 F5     JR   NZ,#FFFFFFF5h  A:fc B:fc C:04 D:00 E:d8 F:40 H:0b L:8f LY:75 SP:dff3  Cy:23454960
073E:  03        INC  BC             A:fc B:fc C:04 D:00 E:d8 F:40 H:0b L:8f LY:76 SP:dff3  Cy:23454972
073F:  78        LD   A,B            A:fc B:fc C:05 D:00 E:d8 F:40 H:0b L:8f LY:76 SP:dff3  Cy:23454980
0740:  B1        OR   C              A:fc B:fc C:05 D:00 E:d8 F:40 H:0b L:8f LY:76 SP:dff3  Cy:23454984
0741:  28 06     JR   Z,#06h         A:fd B:fc C:05 D:00 E:d8 F:00 H:0b L:8f LY:77 SP:dff3  Cy:23454988
0743:  F0 44     LDH  A,(#44h)       A:fd B:fc C:05 D:00 E:d8 F:00 H:0b L:8f LY:77 SP:dff3  Cy:23455000
0745:  FE 90     CP   #90h           A:fd B:fc C:05 D:00 E:d8 F:00 H:0b L:8f LY:77 SP:dff3  Cy:23455012
0747:  20 F5     JR   NZ,#FFFFFFF5h  A:fd B:fc C:05 D:00 E:d8 F:40 H:0b L:8f LY:78 SP:dff3  Cy:23455020
073E:  03        INC  BC             A:fd B:fc C:05 D:00 E:d8 F:40 H:0b L:8f LY:78 SP:dff3  Cy:23455032
073F:  78        LD   A,B            A:fd B:fc C:06 D:00 E:d8 F:40 H:0b L:8f LY:78 SP:dff3  Cy:23455040
0740:  B1        OR   C              A:fc B:fc C:06 D:00 E:d8 F:40 H:0b L:8f LY:79 SP:dff3  Cy:23455044
0741:  28 06     JR   Z,#06h         A:fe B:fc C:06 D:00 E:d8 F:00 H:0b L:8f LY:79 SP:dff3  Cy:23455048
0743:  F0 44     LDH  A,(#44h)       A:fe B:fc C:06 D:00 E:d8 F:00 H:0b L:8f LY:79 SP:dff3  Cy:23455060
0745:  FE 90     CP   #90h           A:fe B:fc C:06 D:00 E:d8 F:00 H:0b L:8f LY:7a SP:dff3  Cy:23455072
0747:  20 F5     JR   NZ,#FFFFFFF5h  A:fe B:fc C:06 D:00 E:d8 F:40 H:0b L:8f LY:7a SP:dff3  Cy:23455080
073E:  03        INC  BC             A:fe B:fc C:06 D:00 E:d8 F:40 H:0b L:8f LY:7a SP:dff3  Cy:23455092
073F:  78        LD   A,B            A:fe B:fc C:07 D:00 E:d8 F:40 H:0b L:8f LY:7b SP:dff3  Cy:23455100
0740:  B1        OR   C              A:fc B:fc C:07 D:00 E:d8 F:40 H:0b L:8f LY:7b SP:dff3  Cy:23455104
0741:  28 06     JR   Z,#06h         A:ff B:fc C:07 D:00 E:d8 F:00 H:0b L:8f LY:7b SP:dff3  Cy:23455108
0743:  F0 44     LDH  A,(#44h)       A:ff B:fc C:07 D:00 E:d8 F:00 H:0b L:8f LY:7c SP:dff3  Cy:23455120
0745:  FE 90     CP   #90h           A:ff B:fc C:07 D:00 E:d8 F:00 H:0b L:8f LY:7c SP:dff3  Cy:23455132
0747:  20 F5     JR   NZ,#FFFFFFF5h  A:ff B:fc C:07 D:00 E:d8 F:40 H:0b L:8f LY:7c SP:dff3  Cy:23455140
073E:  03        INC  BC             A:ff B:fc C:07 D:00 E:d8 F:40 H:0b L:8f LY:7d SP:dff3  Cy:23455152
073F:  78        LD   A,B            A:ff B:fc C:08 D:00 E:d8 F:40 H:0b L:8f LY:7d SP:dff3  Cy:23455160
0740:  B1        OR   C              A:fc B:fc C:08 D:00 E:d8 F:40 H:0b L:8f LY:7d SP:dff3  Cy:23455164
0741:  28 06     JR   Z,#06h         A:fc B:fc C:08 D:00 E:d8 F:00 H:0b L:8f LY:7e SP:dff3  Cy:23455168
0743:  F0 44     LDH  A,(#44h)       A:fc B:fc C:08 D:00 E:d8 F:00 H:0b L:8f LY:7e SP:dff3  Cy:23455180
0745:  FE 90     CP   #90h           A:fc B:fc C:08 D:00 E:d8 F:00 H:0b L:8f LY:7e SP:dff3  Cy:23455192
0747:  20 F5     JR   NZ,#FFFFFFF5h  A:fc B:fc C:08 D:00 E:d8 F:40 H:0b L:8f LY:7f SP:dff3  Cy:23455200
073E:  03        INC  BC             A:fc B:fc C:08 D:00 E:d8 F:40 H:0b L:8f LY:7f SP:dff3  Cy:23455212
073F:  78        LD   A,B            A:fc B:fc C:09 D:00 E:d8 F:40 H:0b L:8f LY:7f SP:dff3  Cy:23455220
0740:  B1        OR   C              A:fc B:fc C:09 D:00 E:d8 F:40 H:0b L:8f LY:80 SP:dff3  Cy:23455224
0741:  28 06     JR   Z,#06h         A:fd B:fc C:09 D:00 E:d8 F:00 H:0b L:8f LY:80 SP:dff3  Cy:23455228
0743:  F0 44     LDH  A,(#44h)       A:fd B:fc C:09 D:00 E:d8 F:00 H:0b L:8f LY:80 SP:dff3  Cy:23455240
0745:  FE 90     CP   #90h           A:fd B:fc C:09 D:00 E:d8 F:00 H:0b L:8f LY:81 SP:dff3  Cy:23455252
0747:  20 F5     JR   NZ,#FFFFFFF5h  A:fd B:fc C:09 D:00 E:d8 F:40 H:0b L:8f LY:81 SP:dff3  Cy:23455260
073E:  03        INC  BC             A:fd B:fc C:09 D:00 E:d8 F:40 H:0b L:8f LY:81 SP:dff3  Cy:23455272
073F:  78        LD   A,B            A:fd B:fc C:0a D:00 E:d8 F:40 H:0b L:8f LY:82 SP:dff3  Cy:23455280
0740:  B1        OR   C              A:fc B:fc C:0a D:00 E:d8 F:40 H:0b L:8f LY:82 SP:dff3  Cy:23455284
0741:  28 06     JR   Z,#06h         A:fe B:fc C:0a D:00 E:d8 F:00 H:0b L:8f LY:82 SP:dff3  Cy:23455288
0743:  F0 44     LDH  A,(#44h)       A:fe B:fc C:0a D:00 E:d8 F:00 H:0b L:8f LY:83 SP:dff3  Cy:23455300
0745:  FE 90     CP   #90h           A:fe B:fc C:0a D:00 E:d8 F:00 H:0b L:8f LY:83 SP:dff3  Cy:23455312
0747:  20 F5     JR   NZ,#FFFFFFF5h  A:fe B:fc C:0a D:00 E:d8 F:40 H:0b L:8f LY:83 SP:dff3  Cy:23455320
073E:  03        INC  BC             A:fe B:fc C:0a D:00 E:d8 F:40 H:0b L:8f LY:84 SP:dff3  Cy:23455332
073F:  78        LD   A,B            A:fe B:fc C:0b D:00 E:d8 F:40 H:0b L:8f LY:84 SP:dff3  Cy:23455340
0740:  B1        OR   C              A:fc B:fc C:0b D:00 E:d8 F:40 H:0b L:8f LY:84 SP:dff3  Cy:23455344
0741:  28 06     JR   Z,#06h         A:ff B:fc C:0b D:00 E:d8 F:00 H:0b L:8f LY:85 SP:dff3  Cy:23455348
0743:  F0 44     LDH  A,(#44h)       A:ff B:fc C:0b D:00 E:d8 F:00 H:0b L:8f LY:85 SP:dff3  Cy:23455360
0745:  FE 90     CP   #90h           A:ff B:fc C:0b D:00 E:d8 F:00 H:0b L:8f LY:85 SP:dff3  Cy:23455372
0747:  20 F5     JR   NZ,#FFFFFFF5h  A:ff B:fc C:0b D:00 E:d8 F:40 H:0b L:8f LY:86 SP:dff3  Cy:23455380
073E:  03        INC  BC             A:ff B:fc C:0b D:00 E:d8 F:40 H:0b L:8f LY:86 SP:dff3  Cy:23455392
073F:  78        LD   A,B            A:ff B:fc C:0c D:00 E:d8 F:40 H:0b L:8f LY:86 SP:dff3  Cy:23455400
0740:  B1        OR   C              A:fc B:fc C:0c D:00 E:d8 F:40 H:0b L:8f LY:87 SP:dff3  Cy:23455404
0741:  28 06     JR   Z,#06h         A:fc B:fc C:0c D:00 E:d8 F:00 H:0b L:8f LY:87 SP:dff3  Cy:23455408
0743:  F0 44     LDH  A,(#44h)       A:fc B:fc C:0c D:00 E:d8 F:00 H:0b L:8f LY:87 SP:dff3  Cy:23455420
0745:  FE 90     CP   #90h           A:fc B:fc C:0c D:00 E:d8 F:00 H:0b L:8f LY:88 SP:dff3  Cy:23455432
0747:  20 F5     JR   NZ,#FFFFFFF5h  A:fc B:fc C:0c D:00 E:d8 F:40 H:0b L:8f LY:88 SP:dff3  Cy:23455440
073E:  03        INC  BC             A:fc B:fc C:0c D:00 E:d8 F:40 H:0b L:8f LY:88 SP:dff3  Cy:23455452
073F:  78        LD   A,B            A:fc B:fc C:0d D:00 E:d8 F:40 H:0b L:8f LY:89 SP:dff3  Cy:23455460
0740:  B1        OR   C              A:fc B:fc C:0d D:00 E:d8 F:40 H:0b L:8f LY:89 SP:dff3  Cy:23455464
0741:  28 06     JR   Z,#06h         A:fd B:fc C:0d D:00 E:d8 F:00 H:0b L:8f LY:89 SP:dff3  Cy:23455468
0743:  F0 44     LDH  A,(#44h)       A:fd B:fc C:0d D:00 E:d8 F:00 H:0b L:8f LY:8a SP:dff3  Cy:23455480
0745:  FE 90     CP   #90h           A:fd B:fc C:0d D:00 E:d8 F:00 H:0b L:8f LY:8a SP:dff3  Cy:23455492
0747:  20 F5     JR   NZ,#FFFFFFF5h  A:fd B:fc C:0d D:00 E:d8 F:40 H:0b L:8f LY:8a SP:dff3  Cy:23455500
073E:  03        INC  BC             A:fd B:fc C:0d D:00 E:d8 F:40 H:0b L:8f LY:8b SP:dff3  Cy:23455512
073F:  78        LD   A,B            A:fd B:fc C:0e D:00 E:d8 F:40 H:0b L:8f LY:8b SP:dff3  Cy:23455520
0740:  B1        OR   C              A:fc B:fc C:0e D:00 E:d8 F:40 H:0b L:8f LY:8b SP:dff3  Cy:23455524
0741:  28 06     JR   Z,#06h         A:fe B:fc C:0e D:00 E:d8 F:00 H:0b L:8f LY:8c SP:dff3  Cy:23455528
0743:  F0 44     LDH  A,(#44h)       A:fe B:fc C:0e D:00 E:d8 F:00 H:0b L:8f LY:8c SP:dff3  Cy:23455540
0745:  FE 90     CP   #90h           A:fe B:fc C:0e D:00 E:d8 F:00 H:0b L:8f LY:8c SP:dff3  Cy:23455552
0747:  20 F5     JR   NZ,#FFFFFFF5h  A:fe B:fc C:0e D:00 E:d8 F:40 H:0b L:8f LY:8d SP:dff3  Cy:23455560
073E:  03        INC  BC             A:fe B:fc C:0e D:00 E:d8 F:40 H:0b L:8f LY:8d SP:dff3  Cy:23455572
073F:  78        LD   A,B            A:fe B:fc C:0f D:00 E:d8 F:40 H:0b L:8f LY:8d SP:dff3  Cy:23455580
0740:  B1        OR   C              A:fc B:fc C:0f D:00 E:d8 F:40 H:0b L:8f LY:8e SP:dff3  Cy:23455584
0741:  28 06     JR   Z,#06h         A:ff B:fc C:0f D:00 E:d8 F:00 H:0b L:8f LY:8e SP:dff3  Cy:23455588
0743:  F0 44     LDH  A,(#44h)       A:ff B:fc C:0f D:00 E:d8 F:00 H:0b L:8f LY:8e SP:dff3  Cy:23455600
0745:  FE 90     CP   #90h           A:ff B:fc C:0f D:00 E:d8 F:00 H:0b L:8f LY:8e SP:dff3  Cy:23455612
0747:  20 F5     JR   NZ,#FFFFFFF5h  A:ff B:fc C:0f D:00 E:d8 F:40 H:0b L:8f LY:90 SP:dff3  Cy:23455620
073E:  03        INC  BC             A:ff B:fc C:0f D:00 E:d8 F:40 H:0b L:8f LY:91 SP:dff3  Cy:23455632
073F:  78        LD   A,B            A:ff B:fc C:10 D:00 E:d8 F:40 H:0b L:8f LY:92 SP:dff3  Cy:23455640
0740:  B1        OR   C              A:fc B:fc C:10 D:00 E:d8 F:40 H:0b L:8f LY:93 SP:dff3  Cy:23455644
0741:  28 06     JR   Z,#06h         A:fc B:fc C:10 D:00 E:d8 F:00 H:0b L:8f LY:94 SP:dff3  Cy:23455648
0743:  F0 44     LDH  A,(#44h)       A:fc B:fc C:10 D:00 E:d8 F:00 H:0b L:8f LY:95 SP:dff3  Cy:23455660
0745:  FE 90     CP   #90h           A:fc B:fc C:10 D:00 E:d8 F:00 H:0b L:8f LY:96 SP:dff3  Cy:23455672
0747:  20 F5     JR   NZ,#FFFFFFF5h  A:fc B:fc C:10 D:00 E:d8 F:40 H:0b L:8f LY:97 SP:dff3  Cy:23455680
073E:  03        INC  BC             A:fc B:fc C:10 D:00 E:d8 F:40 H:0b L:8f LY:98 SP:dff3  Cy:23455692
073F:  78        LD   A,B            A:fc B:fc C:11 D:00 E:d8 F:40 H:0b L:8f LY:99 SP:dff3  Cy:23455700
0740:  B1        OR   C              A:fc B:fc C:11 D:00 E:d8 F:40 H:0b L:8f LY:00 SP:dff3  Cy:23455704
0741:  28 06     JR   Z,#06h         A:fd B:fc C:11 D:00 E:d8 F:00 H:0b L:8f LY:00 SP:dff3  Cy:23455708
0743:  F0 44     LDH  A,(#44h)       A:fd B:fc C:11 D:00 E:d8 F:00 H:0b L:8f LY:00 SP:dff3  Cy:23455720
0745:  FE 90     CP   #90h           A:fd B:fc C:11 D:00 E:d8 F:00 H:0b L:8f LY:01 SP:dff3  Cy:23455732
0747:  20 F5     JR   NZ,#FFFFFFF5h  A:fd B:fc C:11 D:00 E:d8 F:40 H:0b L:8f LY:01 SP:dff3  Cy:23455740
073E:  03        INC  BC             A:fd B:fc C:11 D:00 E:d8 F:40 H:0b L:8f LY:01 SP:dff3  Cy:23455752
073F:  78        LD   A,B            A:fd B:fc C:12 D:00 E:d8 F:40 H:0b L:8f LY:02 SP:dff3  Cy:23455760
0740:  B1        OR   C              A:fc B:fc C:12 D:00 E:d8 F:40 H:0b L:8f LY:02 SP:dff3  Cy:23455764
0741:  28 06     JR   Z,#06h         A:fe B:fc C:12 D:00 E:d8 F:00 H:0b L:8f LY:02 SP:dff3  Cy:23455768
0743:  F0 44     LDH  A,(#44h)       A:fe B:fc C:12 D:00 E:d8 F:00 H:0b L:8f LY:03 SP:dff3  Cy:23455780
0745:  FE 90     CP   #90h           A:fe B:fc C:12 D:00 E:d8 F:00 H:0b L:8f LY:03 SP:dff3  Cy:23455792
0747:  20 F5     JR   NZ,#FFFFFFF5h  A:fe B:fc C:12 D:00 E:d8 F:40 H:0b L:8f LY:03 SP:dff3  Cy:23455800
073E:  03        INC  BC             A:fe B:fc C:12 D:00 E:d8 F:40 H:0b L:8f LY:04 SP:dff3  Cy:23455812
073F:  78        LD   A,B            A:fe B:fc C:13 D:00 E:d8 F:40 H:0b L:8f LY:04 SP:dff3  Cy:23455820
0740:  B1        OR   C              A:fc B:fc C:13 D:00 E:d8 F:40 H:0b L:8f LY:04 SP:dff3  Cy:23455824
0741:  28 06     JR   Z,#06h         A:ff B:fc C:13 D:00 E:d8 F:00 H:0b L:8f LY:05 SP:dff3  Cy:23455828
0743:  F0 44     LDH  A,(#44h)       A:ff B:fc C:13 D:00 E:d8 F:00 H:0b L:8f LY:05 SP:dff3  Cy:23455840
0745:  FE 90     CP   #90h           A:ff B:fc C:13 D:00 E:d8 F:00 H:0b L:8f LY:05 SP:dff3  Cy:23455852
0747:  20 F5     JR   NZ,#FFFFFFF5h  A:ff B:fc C:13 D:00 E:d8 F:40 H:0b L:8f LY:06 SP:dff3  Cy:23455860
073E:  03        INC  BC             A:ff B:fc C:13 D:00 E:d8 F:40 H:0b L:8f LY:06 SP:dff3  Cy:23455872
073F:  78        LD   A,B            A:ff B:fc C:14 D:00 E:d8 F:40 H:0b L:8f LY:06 SP:dff3  Cy:23455880
0740:  B1        OR   C              A:fc B:fc C:14 D:00 E:d8 F:40 H:0b L:8f LY:07 SP:dff3  Cy:23455884
0741:  28 06     JR   Z,#06h         A:fc B:fc C:14 D:00 E:d8 F:00 H:0b L:8f LY:07 SP:dff3  Cy:23455888
0743:  F0 44     LDH  A,(#44h)       A:fc B:fc C:14 D:00 E:d8 F:00 H:0b L:8f LY:07 SP:dff3  Cy:23455900
0745:  FE 90     CP   #90h           A:fc B:fc C:14 D:00 E:d8 F:00 H:0b L:8f LY:08 SP:dff3  Cy:23455912
0747:  20 F5     JR   NZ,#FFFFFFF5h  A:fc B:fc C:14 D:00 E:d8 F:40 H:0b L:8f LY:08 SP:dff3  Cy:23455920
073E:  03        INC  BC             A:fc B:fc C:14 D:00 E:d8 F:40 H:0b L:8f LY:08 SP:dff3  Cy:23455932
073F:  78        LD   A,B            A:fc B:fc C:15 D:00 E:d8 F:40 H:0b L:8f LY:09 SP:dff3  Cy:23455940
0740:  B1        OR   C              A:fc B:fc C:15 D:00 E:d8 F:40 H:0b L:8f LY:09 SP:dff3  Cy:23455944
0741:  28 06     JR   Z,#06h         A:fd B:fc C:15 D:00 E:d8 F:00 H:0b L:8f LY:09 SP:dff3  Cy:23455948
0743:  F0 44     LDH  A,(#44h)       A:fd B:fc C:15 D:00 E:d8 F:00 H:0b L:8f LY:0a SP:dff3  Cy:23455960
0745:  FE 90     CP   #90h           A:fd B:fc C:15 D:00 E:d8 F:00 H:0b L:8f LY:0a SP:dff3  Cy:23455972
0747:  20 F5     JR   NZ,#FFFFFFF5h  A:fd B:fc C:15 D:00 E:d8 F:40 H:0b L:8f LY:0a SP:dff3  Cy:23455980
073E:  03        INC  BC             A:fd B:fc C:15 D:00 E:d8 F:40 H:0b L:8f LY:0b SP:dff3  Cy:23455992
073F:  78        LD   A,B            A:fd B:fc C:16 D:00 E:d8 F:40 H:0b L:8f LY:0b SP:dff3  Cy:23456000
0740:  B1        OR   C              A:fc B:fc C:16 D:00 E:d8 F:40 H:0b L:8f LY:0b SP:dff3  Cy:23456004
0741:  28 06     JR   Z,#06h         A:fe B:fc C:16 D:00 E:d8 F:00 H:0b L:8f LY:0c SP:dff3  Cy:23456008
0743:  F0 44     LDH  A,(#44h)       A:fe B:fc C:16 D:00 E:d8 F:00 H:0b L:8f LY:0c SP:dff3  Cy:23456020
0745:  FE 90     CP   #90h           A:fe B:fc C:16 D:00 E:d8 F:00 H:0b L:8f LY:0c SP:dff3  Cy:23456032
0747:  20 F5     JR   NZ,#FFFFFFF5h  A:fe B:fc C:16 D:00 E:d8 F:40 H:0b L:8f LY:0d SP:dff3  Cy:23456040
073E:  03        INC  BC             A:fe B:fc C:16 D:00 E:d8 F:40 H:0b L:8f LY:0d SP:dff3  Cy:23456052
073F:  78        LD   A,B            A:fe B:fc C:17 D:00 E:d8 F:40 H:0b L:8f LY:0d SP:dff3  Cy:23456060
0740:  B1        OR   C              A:fc B:fc C:17 D:00 E:d8 F:40 H:0b L:8f LY:0e SP:dff3  Cy:23456064
0741:  28 06     JR   Z,#06h         A:ff B:fc C:17 D:00 E:d8 F:00 H:0b L:8f LY:0e SP:dff3  Cy:23456068
0743:  F0 44     LDH  A,(#44h)       A:ff B:fc C:17 D:00 E:d8 F:00 H:0b L:8f LY:0e SP:dff3  Cy:23456080
0745:  FE 90     CP   #90h           A:ff B:fc C:17 D:00 E:d8 F:00 H:0b L:8f LY:0f SP:dff3  Cy:23456092
0747:  20 F5     JR   NZ,#FFFFFFF5h  A:ff B:fc C:17 D:00 E:d8 F:40 H:0b L:8f LY:0f SP:dff3  Cy:23456100
073E:  03        INC  BC             A:ff B:fc C:17 D:00 E:d8 F:40 H:0b L:8f LY:0f SP:dff3  Cy:23456112
073F:  78        LD   A,B            A:ff B:fc C:18 D:00 E:d8 F:40 H:0b L:8f LY:10 SP:dff3  Cy:23456120
0740:  B1        OR   C              A:fc B:fc C:18 D:00 E:d8 F:40 H:0b L:8f LY:10 SP:dff3  Cy:23456124
0741:  28 06     JR   Z,#06h         A:fc B:fc C:18 D:00 E:d8 F:00 H:0b L:8f LY:10 SP:dff3  Cy:23456128
0743:  F0 44     LDH  A,(#44h)       A:fc B:fc C:18 D:00 E:d8 F:00 H:0b L:8f LY:11 SP:dff3  Cy:23456140
0745:  FE 90     CP   #90h           A:fc B:fc C:18 D:00 E:d8 F:00 H:0b L:8f LY:11 SP:dff3  Cy:23456152
0747:  20 F5     JR   NZ,#FFFFFFF5h  A:fc B:fc C:18 D:00 E:d8 F:40 H:0b L:8f LY:11 SP:dff3  Cy:23456160
073E:  03        INC  BC             A:fc B:fc C:18 D:00 E:d8 F:40 H:0b L:8f LY:12 SP:dff3  Cy:23456172
073F:  78        LD   A,B            A:fc B:fc C:19 D:00 E:d8 F:40 H:0b L:8f LY:12 SP:dff3  Cy:23456180
0740:  B1        OR   C              A:fc B:fc C:19 D:00 E:d8 F:40 H:0b L:8f LY:12 SP:dff3  Cy:23456184
0741:  28 06     JR   Z,#06h         A:fd B:fc C:19 D:00 E:d8 F:00 H:0b L:8f LY:13 SP:dff3  Cy:23456188
0743:  F0 44     LDH  A,(#44h)       A:fd B:fc C:19 D:00 E:d8 F:00 H:0b L:8f LY:13 SP:dff3  Cy:23456200
0745:  FE 90     CP   #90h           A:fd B:fc C:19 D:00 E:d8 F:00 H:0b L:8f LY:13 SP:dff3  Cy:23456212
0747:  20 F5     JR   NZ,#FFFFFFF5h  A:fd B:fc C:19 D:00 E:d8 F:40 H:0b L:8f LY:14 SP:dff3  Cy:23456220
073E:  03        INC  BC             A:fd B:fc C:19 D:00 E:d8 F:40 H:0b L:8f LY:14 SP:dff3  Cy:23456232
073F:  78        LD   A,B            A:fd B:fc C:1a D:00 E:d8 F:40 H:0b L:8f LY:14 SP:dff3  Cy:23456240
0740:  B1        OR   C              A:fc B:fc C:1a D:00 E:d8 F:40 H:0b L:8f LY:15 SP:dff3  Cy:23456244
0741:  28 06     JR   Z,#06h         A:fe B:fc C:1a D:00 E:d8 F:00 H:0b L:8f LY:15 SP:dff3  Cy:23456248
0743:  F0 44     LDH  A,(#44h)       A:fe B:fc C:1a D:00 E:d8 F:00 H:0b L:8f LY:15 SP:dff3  Cy:23456260
0745:  FE 90     CP   #90h           A:fe B:fc C:1a D:00 E:d8 F:00 H:0b L:8f LY:16 SP:dff3  Cy:23456272
0747:  20 F5     JR   NZ,#FFFFFFF5h  A:fe B:fc C:1a D:00 E:d8 F:40 H:0b L:8f LY:16 SP:dff3  Cy:23456280
073E:  03        INC  BC             A:fe B:fc C:1a D:00 E:d8 F:40 H:0b L:8f LY:16 SP:dff3  Cy:23456292
073F:  78        LD   A,B            A:fe B:fc C:1b D:00 E:d8 F:40 H:0b L:8f LY:17 SP:dff3  Cy:23456300
0740:  B1        OR   C              A:fc B:fc C:1b D:00 E:d8 F:40 H:0b L:8f LY:17 SP:dff3  Cy:23456304
0741:  28 06     JR   Z,#06h         A:ff B:fc C:1b D:00 E:d8 F:00 H:0b L:8f LY:17 SP:dff3  Cy:23456308
0743:  F0 44     LDH  A,(#44h)       A:ff B:fc C:1b D:00 E:d8 F:00 H:0b L:8f LY:18 SP:dff3  Cy:23456320
0745:  FE 90     CP   #90h           A:ff B:fc C:1b D:00 E:d8 F:00 H:0b L:8f LY:18 SP:dff3  Cy:23456332
0747:  20 F5     JR   NZ,#FFFFFFF5h  A:ff B:fc C:1b D:00 E:d8 F:40 H:0b L:8f LY:18 SP:dff3  Cy:23456340
073E:  03        INC  BC             A:ff B:fc C:1b D:00 E:d8 F:40 H:0b L:8f LY:19 SP:dff3  Cy:23456352
073F:  78        LD   A,B            A:ff B:fc C:1c D:00 E:d8 F:40 H:0b L:8f LY:19 SP:dff3  Cy:23456360
0740:  B1        OR   C              A:fc B:fc C:1c D:00 E:d8 F:40 H:0b L:8f LY:19 SP:dff3  Cy:23456364
0741:  28 06     JR   Z,#06h         A:fc B:fc C:1c D:00 E:d8 F:00 H:0b L:8f LY:1a SP:dff3  Cy:23456368
0743:  F0 44     LDH  A,(#44h)       A:fc B:fc C:1c D:00 E:d8 F:00 H:0b L:8f LY:1a SP:dff3  Cy:23456380
0745:  FE 90     CP   #90h           A:fc B:fc C:1c D:00 E:d8 F:00 H:0b L:8f LY:1a SP:dff3  Cy:23456392
0747:  20 F5     JR   NZ,#FFFFFFF5h  A:fc B:fc C:1c D:00 E:d8 F:40 H:0b L:8f LY:1b SP:dff3  Cy:23456400
073E:  03        INC  BC             A:fc B:fc C:1c D:00 E:d8 F:40 H:0b L:8f LY:1b SP:dff3  Cy:23456412
073F:  78        LD   A,B            A:fc B:fc C:1d D:00 E:d8 F:40 H:0b L:8f LY:1b SP:dff3  Cy:23456420
0740:  B1        OR   C              A:fc B:fc C:1d D:00 E:d8 F:40 H:0b L:8f LY:1c SP:dff3  Cy:23456424
0741:  28 06     JR   Z,#06h         A:fd B:fc C:1d D:00 E:d8 F:00 H:0b L:8f LY:1c SP:dff3  Cy:23456428
0743:  F0 44     LDH  A,(#44h)       A:fd B:fc C:1d D:00 E:d8 F:00 H:0b L:8f LY:1c SP:dff3  Cy:23456440
0745:  FE 90     CP   #90h           A:fd B:fc C:1d D:00 E:d8 F:00 H:0b L:8f LY:1d SP:dff3  Cy:23456452
0747:  20 F5     JR   NZ,#FFFFFFF5h  A:fd B:fc C:1d D:00 E:d8 F:40 H:0b L:8f LY:1d SP:dff3  Cy:23456460
073E:  03        INC  BC             A:fd B:fc C:1d D:00 E:d8 F:40 H:0b L:8f LY:1d SP:dff3  Cy:23456472
073F:  78        LD   A,B            A:fd B:fc C:1e D:00 E:d8 F:40 H:0b L:8f LY:1e SP:dff3  Cy:23456480
0740:  B1        OR   C              A:fc B:fc C:1e D:00 E:d8 F:40 H:0b L:8f LY:1e SP:dff3  Cy:23456484
0741:  28 06     JR   Z,#06h         A:fe B:fc C:1e D:00 E:d8 F:00 H:0b L:8f LY:1e SP:dff3  Cy:23456488
0743:  F0 44     LDH  A,(#44h)       A:fe B:fc C:1e D:00 E:d8 F:00 H:0b L:8f LY:1f SP:dff3  Cy:23456500
0745:  FE 90     CP   #90h           A:fe B:fc C:1e D:00 E:d8 F:00 H:0b L:8f LY:1f SP:dff3  Cy:23456512
0747:  20 F5     JR   NZ,#FFFFFFF5h  A:fe B:fc C:1e D:00 E:d8 F:40 H:0b L:8f LY:1f SP:dff3  Cy:23456520
073E:  03        INC  BC             A:fe B:fc C:1e D:00 E:d8 F:40 H:0b L:8f LY:20 SP:dff3  Cy:23456532
073F:  78        LD   A,B            A:fe B:fc C:1f D:00 E:d8 F:40 H:0b L:8f LY:20 SP:dff3  Cy:23456540
0740:  B1        OR   C              A:fc B:fc C:1f D:00 E:d8 F:40 H:0b L:8f LY:20 SP:dff3  Cy:23456544
0741:  28 06     JR   Z,#06h         A:ff B:fc C:1f D:00 E:d8 F:00 H:0b L:8f LY:21 SP:dff3  Cy:23456548
0743:  F0 44     LDH  A,(#44h)       A:ff B:fc C:1f D:00 E:d8 F:00 H:0b L:8f LY:21 SP:dff3  Cy:23456560
0745:  FE 90     CP   #90h           A:ff B:fc C:1f D:00 E:d8 F:00 H:0b L:8f LY:21 SP:dff3  Cy:23456572
0747:  20 F5     JR   NZ,#FFFFFFF5h  A:ff B:fc C:1f D:00 E:d8 F:40 H:0b L:8f LY:22 SP:dff3  Cy:23456580
073E:  03        INC  BC             A:ff B:fc C:1f D:00 E:d8 F:40 H:0b L:8f LY:22 SP:dff3  Cy:23456592
073F:  78        LD   A,B            A:ff B:fc C:20 D:00 E:d8 F:40 H:0b L:8f LY:22 SP:dff3  Cy:23456600
0740:  B1        OR   C              A:fc B:fc C:20 D:00 E:d8 F:40 H:0b L:8f LY:23 SP:dff3  Cy:23456604
0741:  28 06     JR   Z,#06h         A:fc B:fc C:20 D:00 E:d8 F:00 H:0b L:8f LY:23 SP:dff3  Cy:23456608
0743:  F0 44     LDH  A,(#44h)       A:fc B:fc C:20 D:00 E:d8 F:00 H:0b L:8f LY:23 SP:dff3  Cy:23456620
0745:  FE 90     CP   #90h           A:fc B:fc C:20 D:00 E:d8 F:00 H:0b L:8f LY:24 SP:dff3  Cy:23456632
0747:  20 F5     JR   NZ,#FFFFFFF5h  A:fc B:fc C:20 D:00 E:d8 F:40 H:0b L:8f LY:24 SP:dff3  Cy:23456640
073E:  03        INC  BC             A:fc B:fc C:20 D:00 E:d8 F:40 H:0b L:8f LY:24 SP:dff3  Cy:23456652
073F:  78        LD   A,B            A:fc B:fc C:21 D:00 E:d8 F:40 H:0b L:8f LY:25 SP:dff3  Cy:23456660
0740:  B1        OR   C              A:fc B:fc C:21 D:00 E:d8 F:40 H:0b L:8f LY:25 SP:dff3  Cy:23456664
0741:  28 06     JR   Z,#06h         A:fd B:fc C:21 D:00 E:d8 F:00 H:0b L:8f LY:25 SP:dff3  Cy:23456668
0743:  F0 44     LDH  A,(#44h)       A:fd B:fc C:21 D:00 E:d8 F:00 H:0b L:8f LY:26 SP:dff3  Cy:23456680
0745:  FE 90     CP   #90h           A:fd B:fc C:21 D:00 E:d8 F:00 H:0b L:8f LY:26 SP:dff3  Cy:23456692
0747:  20 F5     JR   NZ,#FFFFFFF5h  A:fd B:fc C:21 D:00 E:d8 F:40 H:0b L:8f LY:26 SP:dff3  Cy:23456700
073E:  03        INC  BC             A:fd B:fc C:21 D:00 E:d8 F:40 H:0b L:8f LY:27 SP:dff3  Cy:23456712
073F:  78        LD   A,B            A:fd B:fc C:22 D:00 E:d8 F:40 H:0b L:8f LY:27 SP:dff3  Cy:23456720
0740:  B1        OR   C              A:fc B:fc C:22 D:00 E:d8 F:40 H:0b L:8f LY:27 SP:dff3  Cy:23456724
0741:  28 06     JR   Z,#06h         A:fe B:fc C:22 D:00 E:d8 F:00 H:0b L:8f LY:28 SP:dff3  Cy:23456728
0743:  F0 44     LDH  A,(#44h)       A:fe B:fc C:22 D:00 E:d8 F:00 H:0b L:8f LY:28 SP:dff3  Cy:23456740
0745:  FE 90     CP   #90h           A:fe B:fc C:22 D:00 E:d8 F:00 H:0b L:8f LY:28 SP:dff3  Cy:23456752
0747:  20 F5     JR   NZ,#FFFFFFF5h  A:fe B:fc C:22 D:00 E:d8 F:40 H:0b L:8f LY:29 SP:dff3  Cy:23456760
073E:  03        INC  BC             A:fe B:fc C:22 D:00 E:d8 F:40 H:0b L:8f LY:29 SP:dff3  Cy:23456772
073F:  78        LD   A,B            A:fe B:fc C:23 D:00 E:d8 F:40 H:0b L:8f LY:29 SP:dff3  Cy:23456780
0740:  B1        OR   C              A:fc B:fc C:23 D:00 E:d8 F:40 H:0b L:8f LY:2a SP:dff3  Cy:23456784
0741:  28 06     JR   Z,#06h         A:ff B:fc C:23 D:00 E:d8 F:00 H:0b L:8f LY:2a SP:dff3  Cy:23456788
0743:  F0 44     LDH  A,(#44h)       A:ff B:fc C:23 D:00 E:d8 F:00 H:0b L:8f LY:2a SP:dff3  Cy:23456800
0745:  FE 90     CP   #90h           A:ff B:fc C:23 D:00 E:d8 F:00 H:0b L:8f LY:2b SP:dff3  Cy:23456812
0747:  20 F5     JR   NZ,#FFFFFFF5h  A:ff B:fc C:23 D:00 E:d8 F:40 H:0b L:8f LY:2b SP:dff3  Cy:23456820
073E:  03        INC  BC             A:ff B:fc C:23 D:00 E:d8 F:40 H:0b L:8f LY:2b SP:dff3  Cy:23456832
073F:  78        LD   A,B            A:ff B:fc C:24 D:00 E:d8 F:40 H:0b L:8f LY:2c SP:dff3  Cy:23456840
0740:  B1        OR   C              A:fc B:fc C:24 D:00 E:d8 F:40 H:0b L:8f LY:2c SP:dff3  Cy:23456844
0741:  28 06     JR   Z,#06h         A:fc B:fc C:24 D:00 E:d8 F:00 H:0b L:8f LY:2c SP:dff3  Cy:23456848
0743:  F0 44     LDH  A,(#44h)       A:fc B:fc C:24 D:00 E:d8 F:00 H:0b L:8f LY:2d SP:dff3  Cy:23456860
0745:  FE 90     CP   #90h           A:fc B:fc C:24 D:00 E:d8 F:00 H:0b L:8f LY:2d SP:dff3  Cy:23456872
0747:  20 F5     JR   NZ,#FFFFFFF5h  A:fc B:fc C:24 D:00 E:d8 F:40 H:0b L:8f LY:2d SP:dff3  Cy:23456880
073E:  03        INC  BC             A:fc B:fc C:24 D:00 E:d8 F:40 H:0b L:8f LY:2e SP:dff3  Cy:23456892
073F:  78        LD   A,B            A:fc B:fc C:25 D:00 E:d8 F:40 H:0b L:8f LY:2e SP:dff3  Cy:23456900
0740:  B1        OR   C              A:fc B:fc C:25 D:00 E:d8 F:40 H:0b L:8f LY:2e SP:dff3  Cy:23456904
0741:  28 06     JR   Z,#06h         A:fd B:fc C:25 D:00 E:d8 F:00 H:0b L:8f LY:2f SP:dff3  Cy:23456908
0743:  F0 44     LDH  A,(#44h)       A:fd B:fc C:25 D:00 E:d8 F:00 H:0b L:8f LY:2f SP:dff3  Cy:23456920
0745:  FE 90     CP   #90h           A:fd B:fc C:25 D:00 E:d8 F:00 H:0b L:8f LY:2f SP:dff3  Cy:23456932
0747:  20 F5     JR   NZ,#FFFFFFF5h  A:fd B:fc C:25 D:00 E:d8 F:40 H:0b L:8f LY:30 SP:dff3  Cy:23456940
073E:  03        INC  BC             A:fd B:fc C:25 D:00 E:d8 F:40 H:0b L:8f LY:30 SP:dff3  Cy:23456952
073F:  78        LD   A,B            A:fd B:fc C:26 D:00 E:d8 F:40 H:0b L:8f LY:30 SP:dff3  Cy:23456960
0740:  B1        OR   C              A:fc B:fc C:26 D:00 E:d8 F:40 H:0b L:8f LY:31 SP:dff3  Cy:23456964
0741:  28 06     JR   Z,#06h         A:fe B:fc C:26 D:00 E:d8 F:00 H:0b L:8f LY:31 SP:dff3  Cy:23456968
0743:  F0 44     LDH  A,(#44h)       A:fe B:fc C:26 D:00 E:d8 F:00 H:0b L:8f LY:31 SP:dff3  Cy:23456980
0745:  FE 90     CP   #90h           A:fe B:fc C:26 D:00 E:d8 F:00 H:0b L:8f LY:32 SP:dff3  Cy:23456992
0747:  20 F5     JR   NZ,#FFFFFFF5h  A:fe B:fc C:26 D:00 E:d8 F:40 H:0b L:8f LY:32 SP:dff3  Cy:23457000
073E:  03        INC  BC             A:fe B:fc C:26 D:00 E:d8 F:40 H:0b L:8f LY:32 SP:dff3  Cy:23457012
073F:  78        LD   A,B            A:fe B:fc C:27 D:00 E:d8 F:40 H:0b L:8f LY:33 SP:dff3  Cy:23457020
0740:  B1        OR   C              A:fc B:fc C:27 D:00 E:d8 F:40 H:0b L:8f LY:33 SP:dff3  Cy:23457024
0741:  28 06     JR   Z,#06h         A:ff B:fc C:27 D:00 E:d8 F:00 H:0b L:8f LY:33 SP:dff3  Cy:23457028
0743:  F0 44     LDH  A,(#44h)       A:ff B:fc C:27 D:00 E:d8 F:00 H:0b L:8f LY:34 SP:dff3  Cy:23457040
0745:  FE 90     CP   #90h           A:ff B:fc C:27 D:00 E:d8 F:00 H:0b L:8f LY:34 SP:dff3  Cy:23457052
0747:  20 F5     JR   NZ,#FFFFFFF5h  A:ff B:fc C:27 D:00 E:d8 F:40 H:0b L:8f LY:34 SP:dff3  Cy:23457060
073E:  03        INC  BC             A:ff B:fc C:27 D:00 E:d8 F:40 H:0b L:8f LY:35 SP:dff3  Cy:23457072
073F:  78        LD   A,B            A:ff B:fc C:28 D:00 E:d8 F:40 H:0b L:8f LY:35 SP:dff3  Cy:23457080
0740:  B1        OR   C              A:fc B:fc C:28 D:00 E:d8 F:40 H:0b L:8f LY:35 SP:dff3  Cy:23457084
0741:  28 06     JR   Z,#06h         A:fc B:fc C:28 D:00 E:d8 F:00 H:0b L:8f LY:36 SP:dff3  Cy:23457088
0743:  F0 44     LDH  A,(#44h)       A:fc B:fc C:28 D:00 E:d8 F:00 H:0b L:8f LY:36 SP:dff3  Cy:23457100
0745:  FE 90     CP   #90h           A:fc B:fc C:28 D:00 E:d8 F:00 H:0b L:8f LY:36 SP:dff3  Cy:23457112
0747:  20 F5     JR   NZ,#FFFFFFF5h  A:fc B:fc C:28 D:00 E:d8 F:40 H:0b L:8f LY:37 SP:dff3  Cy:23457120
073E:  03        INC  BC             A:fc B:fc C:28 D:00 E:d8 F:40 H:0b L:8f LY:37 SP:dff3  Cy:23457132
073F:  78        LD   A,B            A:fc B:fc C:29 D:00 E:d8 F:40 H:0b L:8f LY:37 SP:dff3  Cy:23457140
0740:  B1        OR   C              A:fc B:fc C:29 D:00 E:d8 F:40 H:0b L:8f LY:38 SP:dff3  Cy:23457144
0741:  28 06     JR   Z,#06h         A:fd B:fc C:29 D:00 E:d8 F:00 H:0b L:8f LY:38 SP:dff3  Cy:23457148
0743:  F0 44     LDH  A,(#44h)       A:fd B:fc C:29 D:00 E:d8 F:00 H:0b L:8f LY:38 SP:dff3  Cy:23457160
0745:  FE 90     CP   #90h           A:fd B:fc C:29 D:00 E:d8 F:00 H:0b L:8f LY:39 SP:dff3  Cy:23457172
0747:  20 F5     JR   NZ,#FFFFFFF5h  A:fd B:fc C:29 D:00 E:d8 F:40 H:0b L:8f LY:39 SP:dff3  Cy:23457180
073E:  03        INC  BC             A:fd B:fc C:29 D:00 E:d8 F:40 H:0b L:8f LY:39 SP:dff3  Cy:23457192
073F:  78        LD   A,B            A:fd B:fc C:2a D:00 E:d8 F:40 H:0b L:8f LY:3a SP:dff3  Cy:23457200
0740:  B1        OR   C              A:fc B:fc C:2a D:00 E:d8 F:40 H:0b L:8f LY:3a SP:dff3  Cy:23457204
0741:  28 06     JR   Z,#06h         A:fe B:fc C:2a D:00 E:d8 F:00 H:0b L:8f LY:3a SP:dff3  Cy:23457208
0743:  F0 44     LDH  A,(#44h)       A:fe B:fc C:2a D:00 E:d8 F:00 H:0b L:8f LY:3b SP:dff3  Cy:23457220
0745:  FE 90     CP   #90h           A:fe B:fc C:2a D:00 E:d8 F:00 H:0b L:8f LY:3b SP:dff3  Cy:23457232
0747:  20 F5     JR   NZ,#FFFFFFF5h  A:fe B:fc C:2a D:00 E:d8 F:40 H:0b L:8f LY:3b SP:dff3  Cy:23457240
073E:  03        INC  BC             A:fe B:fc C:2a D:00 E:d8 F:40 H:0b L:8f LY:3c SP:dff3  Cy:23457252
073F:  78        LD   A,B            A:fe B:fc C:2b D:00 E:d8 F:40 H:0b L:8f LY:3c SP:dff3  Cy:23457260
0740:  B1        OR   C              A:fc B:fc C:2b D:00 E:d8 F:40 H:0b L:8f LY:3c SP:dff3  Cy:23457264
0741:  28 06     JR   Z,#06h         A:ff B:fc C:2b D:00 E:d8 F:00 H:0b L:8f LY:3d SP:dff3  Cy:23457268
0743:  F0 44     LDH  A,(#44h)       A:ff B:fc C:2b D:00 E:d8 F:00 H:0b L:8f LY:3d SP:dff3  Cy:23457280
0745:  FE 90     CP   #90h           A:ff B:fc C:2b D:00 E:d8 F:00 H:0b L:8f LY:3d SP:dff3  Cy:23457292
0747:  20 F5     JR   NZ,#FFFFFFF5h  A:ff B:fc C:2b D:00 E:d8 F:40 H:0b L:8f LY:3e SP:dff3  Cy:23457300
073E:  03        INC  BC             A:ff B:fc C:2b D:00 E:d8 F:40 H:0b L:8f LY:3e SP:dff3  Cy:23457312
073F:  78        LD   A,B            A:ff B:fc C:2c D:00 E:d8 F:40 H:0b L:8f LY:3e SP:dff3  Cy:23457320
0740:  B1        OR   C              A:fc B:fc C:2c D:00 E:d8 F:40 H:0b L:8f LY:3f SP:dff3  Cy:23457324
0741:  28 06     JR   Z,#06h         A:fc B:fc C:2c D:00 E:d8 F:00 H:0b L:8f LY:3f SP:dff3  Cy:23457328
0743:  F0 44     LDH  A,(#44h)       A:fc B:fc C:2c D:00 E:d8 F:00 H:0b L:8f LY:3f SP:dff3  Cy:23457340
0745:  FE 90     CP   #90h           A:fc B:fc C:2c D:00 E:d8 F:00 H:0b L:8f LY:40 SP:dff3  Cy:23457352
0747:  20 F5     JR   NZ,#FFFFFFF5h  A:fc B:fc C:2c D:00 E:d8 F:40 H:0b L:8f LY:40 SP:dff3  Cy:23457360
073E:  03        INC  BC             A:fc B:fc C:2c D:00 E:d8 F:40 H:0b L:8f LY:40 SP:dff3  Cy:23457372
073F:  78        LD   A,B            A:fc B:fc C:2d D:00 E:d8 F:40 H:0b L:8f LY:41 SP:dff3  Cy:23457380
0740:  B1        OR   C              A:fc B:fc C:2d D:00 E:d8 F:40 H:0b L:8f LY:41 SP:dff3  Cy:23457384
0741:  28 06     JR   Z,#06h         A:fd B:fc C:2d D:00 E:d8 F:00 H:0b L:8f LY:41 SP:dff3  Cy:23457388
0743:  F0 44     LDH  A,(#44h)       A:fd B:fc C:2d D:00 E:d8 F:00 H:0b L:8f LY:42 SP:dff3  Cy:23457400
0745:  FE 90     CP   #90h           A:fd B:fc C:2d D:00 E:d8 F:00 H:0b L:8f LY:42 SP:dff3  Cy:23457412
0747:  20 F5     JR   NZ,#FFFFFFF5h  A:fd B:fc C:2d D:00 E:d8 F:40 H:0b L:8f LY:42 SP:dff3  Cy:23457420
073E:  03        INC  BC             A:fd B:fc C:2d D:00 E:d8 F:40 H:0b L:8f LY:43 SP:dff3  Cy:23457432
073F:  78        LD   A,B            A:fd B:fc C:2e D:00 E:d8 F:40 H:0b L:8f LY:43 SP:dff3  Cy:23457440
0740:  B1        OR   C              A:fc B:fc C:2e D:00 E:d8 F:40 H:0b L:8f LY:43 SP:dff3  Cy:23457444
0741:  28 06     JR   Z,#06h         A:fe B:fc C:2e D:00 E:d8 F:00 H:0b L:8f LY:44 SP:dff3  Cy:23457448
0743:  F0 44     LDH  A,(#44h)       A:fe B:fc C:2e D:00 E:d8 F:00 H:0b L:8f LY:44 SP:dff3  Cy:23457460
0745:  FE 90     CP   #90h           A:fe B:fc C:2e D:00 E:d8 F:00 H:0b L:8f LY:44 SP:dff3  Cy:23457472
0747:  20 F5     JR   NZ,#FFFFFFF5h  A:fe B:fc C:2e D:00 E:d8 F:40 H:0b L:8f LY:45 SP:dff3  Cy:23457480
073E:  03        INC  BC             A:fe B:fc C:2e D:00 E:d8 F:40 H:0b L:8f LY:45 SP:dff3  Cy:23457492
073F:  78        LD   A,B            A:fe B:fc C:2f D:00 E:d8 F:40 H:0b L:8f LY:45 SP:dff3  Cy:23457500
0740:  B1        OR   C              A:fc B:fc C:2f D:00 E:d8 F:40 H:0b L:8f LY:46 SP:dff3  Cy:23457504
0741:  28 06     JR   Z,#06h         A:ff B:fc C:2f D:00 E:d8 F:00 H:0b L:8f LY:46 SP:dff3  Cy:23457508
0743:  F0 44     LDH  A,(#44h)       A:ff B:fc C:2f D:00 E:d8 F:00 H:0b L:8f LY:46 SP:dff3  Cy:23457520
0745:  FE 90     CP   #90h           A:ff B:fc C:2f D:00 E:d8 F:00 H:0b L:8f LY:47 SP:dff3  Cy:23457532
0747:  20 F5     JR   NZ,#FFFFFFF5h  A:ff B:fc C:2f D:00 E:d8 F:40 H:0b L:8f LY:47 SP:dff3  Cy:23457540
073E:  03        INC  BC             A:ff B:fc C:2f D:00 E:d8 F:40 H:0b L:8f LY:47 SP:dff3  Cy:23457552
073F:  78        LD   A,B            A:ff B:fc C:30 D:00 E:d8 F:40 H:0b L:8f LY:48 SP:dff3  Cy:23457560
0740:  B1        OR   C              A:fc B:fc C:30 D:00 E:d8 F:40 H:0b L:8f LY:48 SP:dff3  Cy:23457564
0741:  28 06     JR   Z,#06h         A:fc B:fc C:30 D:00 E:d8 F:00 H:0b L:8f LY:48 SP:dff3  Cy:23457568
0743:  F0 44     LDH  A,(#44h)       A:fc B:fc C:30 D:00 E:d8 F:00 H:0b L:8f LY:49 SP:dff3  Cy:23457580
0745:  FE 90     CP   #90h           A:fc B:fc C:30 D:00 E:d8 F:00 H:0b L:8f LY:49 SP:dff3  Cy:23457592
0747:  20 F5     JR   NZ,#FFFFFFF5h  A:fc B:fc C:30 D:00 E:d8 F:40 H:0b L:8f LY:49 SP:dff3  Cy:23457600
073E:  03        INC  BC             A:fc B:fc C:30 D:00 E:d8 F:40 H:0b L:8f LY:4a SP:dff3  Cy:23457612
073F:  78        LD   A,B            A:fc B:fc C:31 D:00 E:d8 F:40 H:0b L:8f LY:4a SP:dff3  Cy:23457620
0740:  B1        OR   C              A:fc B:fc C:31 D:00 E:d8 F:40 H:0b L:8f LY:4a SP:dff3  Cy:23457624
0741:  28 06     JR   Z,#06h         A:fd B:fc C:31 D:00 E:d8 F:00 H:0b L:8f LY:4b SP:dff3  Cy:23457628
0743:  F0 44     LDH  A,(#44h)       A:fd B:fc C:31 D:00 E:d8 F:00 H:0b L:8f LY:4b SP:dff3  Cy:23457640
0745:  FE 90     CP   #90h           A:fd B:fc C:31 D:00 E:d8 F:00 H:0b L:8f LY:4b SP:dff3  Cy:23457652
0747:  20 F5     JR   NZ,#FFFFFFF5h  A:fd B:fc C:31 D:00 E:d8 F:40 H:0b L:8f LY:4c SP:dff3  Cy:23457660
073E:  03        INC  BC             A:fd B:fc C:31 D:00 E:d8 F:40 H:0b L:8f LY:4c SP:dff3  Cy:23457672
073F:  78        LD   A,B            A:fd B:fc C:32 D:00 E:d8 F:40 H:0b L:8f LY:4c SP:dff3  Cy:23457680
0740:  B1        OR   C              A:fc B:fc C:32 D:00 E:d8 F:40 H:0b L:8f LY:4d SP:dff3  Cy:23457684
0741:  28 06     JR   Z,#06h         A:fe B:fc C:32 D:00 E:d8 F:00 H:0b L:8f LY:4d SP:dff3  Cy:23457688
0743:  F0 44     LDH  A,(#44h)       A:fe B:fc C:32 D:00 E:d8 F:00 H:0b L:8f LY:4d SP:dff3  Cy:23457700
0745:  FE 90     CP   #90h           A:fe B:fc C:32 D:00 E:d8 F:00 H:0b L:8f LY:4e SP:dff3  Cy:23457712
0747:  20 F5     JR   NZ,#FFFFFFF5h  A:fe B:fc C:32 D:00 E:d8 F:40 H:0b L:8f LY:4e SP:dff3  Cy:23457720
073E:  03        INC  BC             A:fe B:fc C:32 D:00 E:d8 F:40 H:0b L:8f LY:4e SP:dff3  Cy:23457732
073F:  78        LD   A,B            A:fe B:fc C:33 D:00 E:d8 F:40 H:0b L:8f LY:4f SP:dff3  Cy:23457740
0740:  B1        OR   C              A:fc B:fc C:33 D:00 E:d8 F:40 H:0b L:8f LY:4f SP:dff3  Cy:23457744
0741:  28 06     JR   Z,#06h         A:ff B:fc C:33 D:00 E:d8 F:00 H:0b L:8f LY:4f SP:dff3  Cy:23457748
0743:  F0 44     LDH  A,(#44h)       A:ff B:fc C:33 D:00 E:d8 F:00 H:0b L:8f LY:50 SP:dff3  Cy:23457760
0745:  FE 90     CP   #90h           A:ff B:fc C:33 D:00 E:d8 F:00 H:0b L:8f LY:50 SP:dff3  Cy:23457772
0747:  20 F5     JR   NZ,#FFFFFFF5h  A:ff B:fc C:33 D:00 E:d8 F:40 H:0b L:8f LY:50 SP:dff3  Cy:23457780
073E:  03        INC  BC             A:ff B:fc C:33 D:00 E:d8 F:40 H:0b L:8f LY:51 SP:dff3  Cy:23457792
073F:  78        LD   A,B            A:ff B:fc C:34 D:00 E:d8 F:40 H:0b L:8f LY:51 SP:dff3  Cy:23457800
0740:  B1        OR   C              A:fc B:fc C:34 D:00 E:d8 F:40 H:0b L:8f LY:51 SP:dff3  Cy:23457804
0741:  28 06     JR   Z,#06h         A:fc B:fc C:34 D:00 E:d8 F:00 H:0b L:8f LY:52 SP:dff3  Cy:23457808
0743:  F0 44     LDH  A,(#44h)       A:fc B:fc C:34 D:00 E:d8 F:00 H:0b L:8f LY:52 SP:dff3  Cy:23457820
0745:  FE 90     CP   #90h           A:fc B:fc C:34 D:00 E:d8 F:00 H:0b L:8f LY:52 SP:dff3  Cy:23457832
0747:  20 F5     JR   NZ,#FFFFFFF5h  A:fc B:fc C:34 D:00 E:d8 F:40 H:0b L:8f LY:53 SP:dff3  Cy:23457840
073E:  03        INC  BC             A:fc B:fc C:34 D:00 E:d8 F:40 H:0b L:8f LY:53 SP:dff3  Cy:23457852
073F:  78        LD   A,B            A:fc B:fc C:35 D:00 E:d8 F:40 H:0b L:8f LY:53 SP:dff3  Cy:23457860
0740:  B1        OR   C              A:fc B:fc C:35 D:00 E:d8 F:40 H:0b L:8f LY:54 SP:dff3  Cy:23457864
0741:  28 06     JR   Z,#06h         A:fd B:fc C:35 D:00 E:d8 F:00 H:0b L:8f LY:54 SP:dff3  Cy:23457868
0743:  F0 44     LDH  A,(#44h)       A:fd B:fc C:35 D:00 E:d8 F:00 H:0b L:8f LY:54 SP:dff3  Cy:23457880
0745:  FE 90     CP   #90h           A:fd B:fc C:35 D:00 E:d8 F:00 H:0b L:8f LY:55 SP:dff3  Cy:23457892
0747:  20 F5     JR   NZ,#FFFFFFF5h  A:fd B:fc C:35 D:00 E:d8 F:40 H:0b L:8f LY:55 SP:dff3  Cy:23457900
073E:  03        INC  BC             A:fd B:fc C:35 D:00 E:d8 F:40 H:0b L:8f LY:55 SP:dff3  Cy:23457912
073F:  78        LD   A,B            A:fd B:fc C:36 D:00 E:d8 F:40 H:0b L:8f LY:56 SP:dff3  Cy:23457920
0740:  B1        OR   C              A:fc B:fc C:36 D:00 E:d8 F:40 H:0b L:8f LY:56 SP:dff3  Cy:23457924
0741:  28 06     JR   Z,#06h         A:fe B:fc C:36 D:00 E:d8 F:00 H:0b L:8f LY:56 SP:dff3  Cy:23457928
0743:  F0 44     LDH  A,(#44h)       A:fe B:fc C:36 D:00 E:d8 F:00 H:0b L:8f LY:57 SP:dff3  Cy:23457940
0745:  FE 90     CP   #90h           A:fe B:fc C:36 D:00 E:d8 F:00 H:0b L:8f LY:57 SP:dff3  Cy:23457952
0747:  20 F5     JR   NZ,#FFFFFFF5h  A:fe B:fc C:36 D:00 E:d8 F:40 H:0b L:8f LY:57 SP:dff3  Cy:23457960
073E:  03        INC  BC             A:fe B:fc C:36 D:00 E:d8 F:40 H:0b L:8f LY:58 SP:dff3  Cy:23457972
073F:  78        LD   A,B            A:fe B:fc C:37 D:00 E:d8 F:40 H:0b L:8f LY:58 SP:dff3  Cy:23457980
0740:  B1        OR   C              A:fc B:fc C:37 D:00 E:d8 F:40 H:0b L:8f LY:58 SP:dff3  Cy:23457984
0741:  28 06     JR   Z,#06h         A:ff B:fc C:37 D:00 E:d8 F:00 H:0b L:8f LY:59 SP:dff3  Cy:23457988
0743:  F0 44     LDH  A,(#44h)       A:ff B:fc C:37 D:00 E:d8 F:00 H:0b L:8f LY:59 SP:dff3  Cy:23458000
0745:  FE 90     CP   #90h           A:ff B:fc C:37 D:00 E:d8 F:00 H:0b L:8f LY:59 SP:dff3  Cy:23458012
0747:  20 F5     JR   NZ,#FFFFFFF5h  A:ff B:fc C:37 D:00 E:d8 F:40 H:0b L:8f LY:5a SP:dff3  Cy:23458020
073E:  03        INC  BC             A:ff B:fc C:37 D:00 E:d8 F:40 H:0b L:8f LY:5a SP:dff3  Cy:23458032
073F:  78        LD   A,B            A:ff B:fc C:38 D:00 E:d8 F:40 H:0b L:8f LY:5a SP:dff3  Cy:23458040
0740:  B1        OR   C              A:fc B:fc C:38 D:00 E:d8 F:40 H:0b L:8f LY:5b SP:dff3  Cy:23458044
0741:  28 06     JR   Z,#06h         A:fc B:fc C:38 D:00 E:d8 F:00 H:0b L:8f LY:5b SP:dff3  Cy:23458048
0743:  F0 44     LDH  A,(#44h)       A:fc B:fc C:38 D:00 E:d8 F:00 H:0b L:8f LY:5b SP:dff3  Cy:23458060
0745:  FE 90     CP   #90h           A:fc B:fc C:38 D:00 E:d8 F:00 H:0b L:8f LY:5c SP:dff3  Cy:23458072
0747:  20 F5     JR   NZ,#FFFFFFF5h  A:fc B:fc C:38 D:00 E:d8 F:40 H:0b L:8f LY:5c SP:dff3  Cy:23458080
073E:  03        INC  BC             A:fc B:fc C:38 D:00 E:d8 F:40 H:0b L:8f LY:5c SP:dff3  Cy:23458092
073F:  78        LD   A,B            A:fc B:fc C:39 D:00 E:d8 F:40 H:0b L:8f LY:5d SP:dff3  Cy:23458100
0740:  B1        OR   C              A:fc B:fc C:39 D:00 E:d8 F:40 H:0b L:8f LY:5d SP:dff3  Cy:23458104
0741:  28 06     JR   Z,#06h         A:fd B:fc C:39 D:00 E:d8 F:00 H:0b L:8f LY:5d SP:dff3  Cy:23458108
0743:  F0 44     LDH  A,(#44h)       A:fd B:fc C:39 D:00 E:d8 F:00 H:0b L:8f LY:5e SP:dff3  Cy:23458120
0745:  FE 90     CP   #90h           A:fd B:fc C:39 D:00 E:d8 F:00 H:0b L:8f LY:5e SP:dff3  Cy:23458132
0747:  20 F5     JR   NZ,#FFFFFFF5h  A:fd B:fc C:39 D:00 E:d8 F:40 H:0b L:8f LY:5e SP:dff3  Cy:23458140
073E:  03        INC  BC             A:fd B:fc C:39 D:00 E:d8 F:40 H:0b L:8f LY:5f SP:dff3  Cy:23458152
073F:  78        LD   A,B            A:fd B:fc C:3a D:00 E:d8 F:40 H:0b L:8f LY:5f SP:dff3  Cy:23458160
0740:  B1        OR   C              A:fc B:fc C:3a D:00 E:d8 F:40 H:0b L:8f LY:5f SP:dff3  Cy:23458164
0741:  28 06     JR   Z,#06h         A:fe B:fc C:3a D:00 E:d8 F:00 H:0b L:8f LY:60 SP:dff3  Cy:23458168
0743:  F0 44     LDH  A,(#44h)       A:fe B:fc C:3a D:00 E:d8 F:00 H:0b L:8f LY:60 SP:dff3  Cy:23458180
0745:  FE 90     CP   #90h           A:fe B:fc C:3a D:00 E:d8 F:00 H:0b L:8f LY:60 SP:dff3  Cy:23458192
0747:  20 F5     JR   NZ,#FFFFFFF5h  A:fe B:fc C:3a D:00 E:d8 F:40 H:0b L:8f LY:61 SP:dff3  Cy:23458200
073E:  03        INC  BC             A:fe B:fc C:3a D:00 E:d8 F:40 H:0b L:8f LY:61 SP:dff3  Cy:23458212
073F:  78        LD   A,B            A:fe B:fc C:3b D:00 E:d8 F:40 H:0b L:8f LY:61 SP:dff3  Cy:23458220
0740:  B1        OR   C              A:fc B:fc C:3b D:00 E:d8 F:40 H:0b L:8f LY:62 SP:dff3  Cy:23458224
0741:  28 06     JR   Z,#06h         A:ff B:fc C:3b D:00 E:d8 F:00 H:0b L:8f LY:62 SP:dff3  Cy:23458228
0743:  F0 44     LDH  A,(#44h)       A:ff B:fc C:3b D:00 E:d8 F:00 H:0b L:8f LY:62 SP:dff3  Cy:23458240
0745:  FE 90     CP   #90h           A:ff B:fc C:3b D:00 E:d8 F:00 H:0b L:8f LY:63 SP:dff3  Cy:23458252
0747:  20 F5     JR   NZ,#FFFFFFF5h  A:ff B:fc C:3b D:00 E:d8 F:40 H:0b L:8f LY:63 SP:dff3  Cy:23458260
073E:  03        INC  BC             A:ff B:fc C:3b D:00 E:d8 F:40 H:0b L:8f LY:63 SP:dff3  Cy:23458272
073F:  78        LD   A,B            A:ff B:fc C:3c D:00 E:d8 F:40 H:0b L:8f LY:64 SP:dff3  Cy:23458280
0740:  B1        OR   C              A:fc B:fc C:3c D:00 E:d8 F:40 H:0b L:8f LY:64 SP:dff3  Cy:23458284
0741:  28 06     JR   Z,#06h         A:fc B:fc C:3c D:00 E:d8 F:00 H:0b L:8f LY:64 SP:dff3  Cy:23458288
0743:  F0 44     LDH  A,(#44h)       A:fc B:fc C:3c D:00 E:d8 F:00 H:0b L:8f LY:65 SP:dff3  Cy:23458300
0745:  FE 90     CP   #90h           A:fc B:fc C:3c D:00 E:d8 F:00 H:0b L:8f LY:65 SP:dff3  Cy:23458312
0747:  20 F5     JR   NZ,#FFFFFFF5h  A:fc B:fc C:3c D:00 E:d8 F:40 H:0b L:8f LY:65 SP:dff3  Cy:23458320
073E:  03        INC  BC             A:fc B:fc C:3c D:00 E:d8 F:40 H:0b L:8f LY:66 SP:dff3  Cy:23458332
073F:  78        LD   A,B            A:fc B:fc C:3d D:00 E:d8 F:40 H:0b L:8f LY:66 SP:dff3  Cy:23458340
0740:  B1        OR   C              A:fc B:fc C:3d D:00 E:d8 F:40 H:0b L:8f LY:66 SP:dff3  Cy:23458344
0741:  28 06     JR   Z,#06h         A:fd B:fc C:3d D:00 E:d8 F:00 H:0b L:8f LY:67 SP:dff3  Cy:23458348
0743:  F0 44     LDH  A,(#44h)       A:fd B:fc C:3d D:00 E:d8 F:00 H:0b L:8f LY:67 SP:dff3  Cy:23458360
0745:  FE 90     CP   #90h           A:fd B:fc C:3d D:00 E:d8 F:00 H:0b L:8f LY:67 SP:dff3  Cy:23458372
0747:  20 F5     JR   NZ,#FFFFFFF5h  A:fd B:fc C:3d D:00 E:d8 F:40 H:0b L:8f LY:68 SP:dff3  Cy:23458380
073E:  03        INC  BC             A:fd B:fc C:3d D:00 E:d8 F:40 H:0b L:8f LY:68 SP:dff3  Cy:23458392
073F:  78        LD   A,B            A:fd B:fc C:3e D:00 E:d8 F:40 H:0b L:8f LY:68 SP:dff3  Cy:23458400
0740:  B1        OR   C              A:fc B:fc C:3e D:00 E:d8 F:40 H:0b L:8f LY:69 SP:dff3  Cy:23458404
0741:  28 06     JR   Z,#06h         A:fe B:fc C:3e D:00 E:d8 F:00 H:0b L:8f LY:69 SP:dff3  Cy:23458408
0743:  F0 44     LDH  A,(#44h)       A:fe B:fc C:3e D:00 E:d8 F:00 H:0b L:8f LY:69 SP:dff3  Cy:23458420
0745:  FE 90     CP   #90h           A:fe B:fc C:3e D:00 E:d8 F:00 H:0b L:8f LY:6a SP:dff3  Cy:23458432
0747:  20 F5     JR   NZ,#FFFFFFF5h  A:fe B:fc C:3e D:00 E:d8 F:40 H:0b L:8f LY:6a SP:dff3  Cy:23458440
073E:  03        INC  BC             A:fe B:fc C:3e D:00 E:d8 F:40 H:0b L:8f LY:6a SP:dff3  Cy:23458452
073F:  78        LD   A,B            A:fe B:fc C:3f D:00 E:d8 F:40 H:0b L:8f LY:6b SP:dff3  Cy:23458460
0740:  B1        OR   C              A:fc B:fc C:3f D:00 E:d8 F:40 H:0b L:8f LY:6b SP:dff3  Cy:23458464
0741:  28 06     JR   Z,#06h         A:ff B:fc C:3f D:00 E:d8 F:00 H:0b L:8f LY:6b SP:dff3  Cy:23458468
0743:  F0 44     LDH  A,(#44h)       A:ff B:fc C:3f D:00 E:d8 F:00 H:0b L:8f LY:6c SP:dff3  Cy:23458480
0745:  FE 90     CP   #90h           A:ff B:fc C:3f D:00 E:d8 F:00 H:0b L:8f LY:6c SP:dff3  Cy:23458492
0747:  20 F5     JR   NZ,#FFFFFFF5h  A:ff B:fc C:3f D:00 E:d8 F:40 H:0b L:8f LY:6c SP:dff3  Cy:23458500
073E:  03        INC  BC             A:ff B:fc C:3f D:00 E:d8 F:40 H:0b L:8f LY:6d SP:dff3  Cy:23458512
073F:  78        LD   A,B            A:ff B:fc C:40 D:00 E:d8 F:40 H:0b L:8f LY:6d SP:dff3  Cy:23458520
0740:  B1        OR   C              A:fc B:fc C:40 D:00 E:d8 F:40 H:0b L:8f LY:6d SP:dff3  Cy:23458524
0741:  28 06     JR   Z,#06h         A:fc B:fc C:40 D:00 E:d8 F:00 H:0b L:8f LY:6e SP:dff3  Cy:23458528
0743:  F0 44     LDH  A,(#44h)       A:fc B:fc C:40 D:00 E:d8 F:00 H:0b L:8f LY:6e SP:dff3  Cy:23458540
0745:  FE 90     CP   #90h           A:fc B:fc C:40 D:00 E:d8 F:00 H:0b L:8f LY:6e SP:dff3  Cy:23458552
0747:  20 F5     JR   NZ,#FFFFFFF5h  A:fc B:fc C:40 D:00 E:d8 F:40 H:0b L:8f LY:6f SP:dff3  Cy:23458560
073E:  03        INC  BC             A:fc B:fc C:40 D:00 E:d8 F:40 H:0b L:8f LY:6f SP:dff3  Cy:23458572
073F:  78        LD   A,B            A:fc B:fc C:41 D:00 E:d8 F:40 H:0b L:8f LY:6f SP:dff3  Cy:23458580
0740:  B1        OR   C              A:fc B:fc C:41 D:00 E:d8 F:40 H:0b L:8f LY:70 SP:dff3  Cy:23458584
0741:  28 06     JR   Z,#06h         A:fd B:fc C:41 D:00 E:d8 F:00 H:0b L:8f LY:70 SP:dff3  Cy:23458588
0743:  F0 44     LDH  A,(#44h)       A:fd B:fc C:41 D:00 E:d8 F:00 H:0b L:8f LY:70 SP:dff3  Cy:23458600
0745:  FE 90     CP   #90h           A:fd B:fc C:41 D:00 E:d8 F:00 H:0b L:8f LY:71 SP:dff3  Cy:23458612
0747:  20 F5     JR   NZ,#FFFFFFF5h  A:fd B:fc C:41 D:00 E:d8 F:40 H:0b L:8f LY:71 SP:dff3  Cy:23458620
073E:  03        INC  BC             A:fd B:fc C:41 D:00 E:d8 F:40 H:0b L:8f LY:71 SP:dff3  Cy:23458632
073F:  78        LD   A,B            A:fd B:fc C:42 D:00 E:d8 F:40 H:0b L:8f LY:72 SP:dff3  Cy:23458640
0740:  B1        OR   C              A:fc B:fc C:42 D:00 E:d8 F:40 H:0b L:8f LY:72 SP:dff3  Cy:23458644
0741:  28 06     JR   Z,#06h         A:fe B:fc C:42 D:00 E:d8 F:00 H:0b L:8f LY:72 SP:dff3  Cy:23458648
0743:  F0 44     LDH  A,(#44h)       A:fe B:fc C:42 D:00 E:d8 F:00 H:0b L:8f LY:73 SP:dff3  Cy:23458660
0745:  FE 90     CP   #90h           A:fe B:fc C:42 D:00 E:d8 F:00 H:0b L:8f LY:73 SP:dff3  Cy:23458672
0747:  20 F5     JR   NZ,#FFFFFFF5h  A:fe B:fc C:42 D:00 E:d8 F:40 H:0b L:8f LY:73 SP:dff3  Cy:23458680
073E:  03        INC  BC             A:fe B:fc C:42 D:00 E:d8 F:40 H:0b L:8f LY:74 SP:dff3  Cy:23458692
073F:  78        LD   A,B            A:fe B:fc C:43 D:00 E:d8 F:40 H:0b L:8f LY:74 SP:dff3  Cy:23458700
0740:  B1        OR   C              A:fc B:fc C:43 D:00 E:d8 F:40 H:0b L:8f LY:74 SP:dff3  Cy:23458704
0741:  28 06     JR   Z,#06h         A:ff B:fc C:43 D:00 E:d8 F:00 H:0b L:8f LY:75 SP:dff3  Cy:23458708
0743:  F0 44     LDH  A,(#44h)       A:ff B:fc C:43 D:00 E:d8 F:00 H:0b L:8f LY:75 SP:dff3  Cy:23458720
0745:  FE 90     CP   #90h           A:ff B:fc C:43 D:00 E:d8 F:00 H:0b L:8f LY:75 SP:dff3  Cy:23458732
0747:  20 F5     JR   NZ,#FFFFFFF5h  A:ff B:fc C:43 D:00 E:d8 F:40 H:0b L:8f LY:76 SP:dff3  Cy:23458740
073E:  03        INC  BC             A:ff B:fc C:43 D:00 E:d8 F:40 H:0b L:8f LY:76 SP:dff3  Cy:23458752
073F:  78        LD   A,B            A:ff B:fc C:44 D:00 E:d8 F:40 H:0b L:8f LY:76 SP:dff3  Cy:23458760
0740:  B1        OR   C              A:fc B:fc C:44 D:00 E:d8 F:40 H:0b L:8f LY:77 SP:dff3  Cy:23458764
0741:  28 06     JR   Z,#06h         A:fc B:fc C:44 D:00 E:d8 F:00 H:0b L:8f LY:77 SP:dff3  Cy:23458768
0743:  F0 44     LDH  A,(#44h)       A:fc B:fc C:44 D:00 E:d8 F:00 H:0b L:8f LY:77 SP:dff3  Cy:23458780
0745:  FE 90     CP   #90h           A:fc B:fc C:44 D:00 E:d8 F:00 H:0b L:8f LY:78 SP:dff3  Cy:23458792
0747:  20 F5     JR   NZ,#FFFFFFF5h  A:fc B:fc C:44 D:00 E:d8 F:40 H:0b L:8f LY:78 SP:dff3  Cy:23458800
073E:  03        INC  BC             A:fc B:fc C:44 D:00 E:d8 F:40 H:0b L:8f LY:78 SP:dff3  Cy:23458812
073F:  78        LD   A,B            A:fc B:fc C:45 D:00 E:d8 F:40 H:0b L:8f LY:79 SP:dff3  Cy:23458820
0740:  B1        OR   C              A:fc B:fc C:45 D:00 E:d8 F:40 H:0b L:8f LY:79 SP:dff3  Cy:23458824
0741:  28 06     JR   Z,#06h         A:fd B:fc C:45 D:00 E:d8 F:00 H:0b L:8f LY:79 SP:dff3  Cy:23458828
0743:  F0 44     LDH  A,(#44h)       A:fd B:fc C:45 D:00 E:d8 F:00 H:0b L:8f LY:7a SP:dff3  Cy:23458840
0745:  FE 90     CP   #90h           A:fd B:fc C:45 D:00 E:d8 F:00 H:0b L:8f LY:7a SP:dff3  Cy:23458852
0747:  20 F5     JR   NZ,#FFFFFFF5h  A:fd B:fc C:45 D:00 E:d8 F:40 H:0b L:8f LY:7a SP:dff3  Cy:23458860
073E:  03        INC  BC             A:fd B:fc C:45 D:00 E:d8 F:40 H:0b L:8f LY:7b SP:dff3  Cy:23458872
073F:  78        LD   A,B            A:fd B:fc C:46 D:00 E:d8 F:40 H:0b L:8f LY:7b SP:dff3  Cy:23458880
0740:  B1        OR   C              A:fc B:fc C:46 D:00 E:d8 F:40 H:0b L:8f LY:7b SP:dff3  Cy:23458884
0741:  28 06     JR   Z,#06h         A:fe B:fc C:46 D:00 E:d8 F:00 H:0b L:8f LY:7c SP:dff3  Cy:23458888
0743:  F0 44     LDH  A,(#44h)       A:fe B:fc C:46 D:00 E:d8 F:00 H:0b L:8f LY:7c SP:dff3  Cy:23458900
0745:  FE 90     CP   #90h           A:fe B:fc C:46 D:00 E:d8 F:00 H:0b L:8f LY:7c SP:dff3  Cy:23458912
0747:  20 F5     JR   NZ,#FFFFFFF5h  A:fe B:fc C:46 D:00 E:d8 F:40 H:0b L:8f LY:7d SP:dff3  Cy:23458920
073E:  03        INC  BC             A:fe B:fc C:46 D:00 E:d8 F:40 H:0b L:8f LY:7d SP:dff3  Cy:23458932
073F:  78        LD   A,B            A:fe B:fc C:47 D:00 E:d8 F:40 H:0b L:8f LY:7d SP:dff3  Cy:23458940
0740:  B1        OR   C              A:fc B:fc C:47 D:00 E:d8 F:40 H:0b L:8f LY:7e SP:dff3  Cy:23458944
0741:  28 06     JR   Z,#06h         A:ff B:fc C:47 D:00 E:d8 F:00 H:0b L:8f LY:7e SP:dff3  Cy:23458948
0743:  F0 44     LDH  A,(#44h)       A:ff B:fc C:47 D:00 E:d8 F:00 H:0b L:8f LY:7e SP:dff3  Cy:23458960
0745:  FE 90     CP   #90h           A:ff B:fc C:47 D:00 E:d8 F:00 H:0b L:8f LY:7f SP:dff3  Cy:23458972
0747:  20 F5     JR   NZ,#FFFFFFF5h  A:ff B:fc C:47 D:00 E:d8 F:40 H:0b L:8f LY:7f SP:dff3  Cy:23458980
073E:  03        INC  BC             A:ff B:fc C:47 D:00 E:d8 F:40 H:0b L:8f LY:7f SP:dff3  Cy:23458992
073F:  78        LD   A,B            A:ff B:fc C:48 D:00 E:d8 F:40 H:0b L:8f LY:80 SP:dff3  Cy:23459000
0740:  B1        OR   C              A:fc B:fc C:48 D:00 E:d8 F:40 H:0b L:8f LY:80 SP:dff3  Cy:23459004
0741:  28 06     JR   Z,#06h         A:fc B:fc C:48 D:00 E:d8 F:00 H:0b L:8f LY:80 SP:dff3  Cy:23459008
0743:  F0 44     LDH  A,(#44h)       A:fc B:fc C:48 D:00 E:d8 F:00 H:0b L:8f LY:81 SP:dff3  Cy:23459020
0745:  FE 90     CP   #90h           A:fc B:fc C:48 D:00 E:d8 F:00 H:0b L:8f LY:81 SP:dff3  Cy:23459032
0747:  20 F5     JR   NZ,#FFFFFFF5h  A:fc B:fc C:48 D:00 E:d8 F:40 H:0b L:8f LY:81 SP:dff3  Cy:23459040
073E:  03        INC  BC             A:fc B:fc C:48 D:00 E:d8 F:40 H:0b L:8f LY:82 SP:dff3  Cy:23459052
073F:  78        LD   A,B            A:fc B:fc C:49 D:00 E:d8 F:40 H:0b L:8f LY:82 SP:dff3  Cy:23459060
0740:  B1        OR   C              A:fc B:fc C:49 D:00 E:d8 F:40 H:0b L:8f LY:82 SP:dff3  Cy:23459064
0741:  28 06     JR   Z,#06h         A:fd B:fc C:49 D:00 E:d8 F:00 H:0b L:8f LY:83 SP:dff3  Cy:23459068
0743:  F0 44     LDH  A,(#44h)       A:fd B:fc C:49 D:00 E:d8 F:00 H:0b L:8f LY:83 SP:dff3  Cy:23459080
0745:  FE 90     CP   #90h           A:fd B:fc C:49 D:00 E:d8 F:00 H:0b L:8f LY:83 SP:dff3  Cy:23459092
0747:  20 F5     JR   NZ,#FFFFFFF5h  A:fd B:fc C:49 D:00 E:d8 F:40 H:0b L:8f LY:84 SP:dff3  Cy:23459100
073E:  03        INC  BC             A:fd B:fc C:49 D:00 E:d8 F:40 H:0b L:8f LY:84 SP:dff3  Cy:23459112
073F:  78        LD   A,B            A:fd B:fc C:4a D:00 E:d8 F:40 H:0b L:8f LY:84 SP:dff3  Cy:23459120
0740:  B1        OR   C              A:fc B:fc C:4a D:00 E:d8 F:40 H:0b L:8f LY:85 SP:dff3  Cy:23459124
0741:  28 06     JR   Z,#06h         A:fe B:fc C:4a D:00 E:d8 F:00 H:0b L:8f LY:85 SP:dff3  Cy:23459128
0743:  F0 44     LDH  A,(#44h)       A:fe B:fc C:4a D:00 E:d8 F:00 H:0b L:8f LY:85 SP:dff3  Cy:23459140
0745:  FE 90     CP   #90h           A:fe B:fc C:4a D:00 E:d8 F:00 H:0b L:8f LY:86 SP:dff3  Cy:23459152
0747:  20 F5     JR   NZ,#FFFFFFF5h  A:fe B:fc C:4a D:00 E:d8 F:40 H:0b L:8f LY:86 SP:dff3  Cy:23459160
073E:  03        INC  BC             A:fe B:fc C:4a D:00 E:d8 F:40 H:0b L:8f LY:86 SP:dff3  Cy:23459172
073F:  78        LD   A,B            A:fe B:fc C:4b D:00 E:d8 F:40 H:0b L:8f LY:87 SP:dff3  Cy:23459180
0740:  B1        OR   C              A:fc B:fc C:4b D:00 E:d8 F:40 H:0b L:8f LY:87 SP:dff3  Cy:23459184
0741:  28 06     JR   Z,#06h         A:ff B:fc C:4b D:00 E:d8 F:00 H:0b L:8f LY:87 SP:dff3  Cy:23459188
0743:  F0 44     LDH  A,(#44h)       A:ff B:fc C:4b D:00 E:d8 F:00 H:0b L:8f LY:88 SP:dff3  Cy:23459200
0745:  FE 90     CP   #90h           A:ff B:fc C:4b D:00 E:d8 F:00 H:0b L:8f LY:88 SP:dff3  Cy:23459212
0747:  20 F5     JR   NZ,#FFFFFFF5h  A:ff B:fc C:4b D:00 E:d8 F:40 H:0b L:8f LY:88 SP:dff3  Cy:23459220
073E:  03        INC  BC             A:ff B:fc C:4b D:00 E:d8 F:40 H:0b L:8f LY:89 SP:dff3  Cy:23459232
073F:  78        LD   A,B            A:ff B:fc C:4c D:00 E:d8 F:40 H:0b L:8f LY:89 SP:dff3  Cy:23459240
0740:  B1        OR   C              A:fc B:fc C:4c D:00 E:d8 F:40 H:0b L:8f LY:89 SP:dff3  Cy:23459244
0741:  28 06     JR   Z,#06h         A:fc B:fc C:4c D:00 E:d8 F:00 H:0b L:8f LY:8a SP:dff3  Cy:23459248
0743:  F0 44     LDH  A,(#44h)       A:fc B:fc C:4c D:00 E:d8 F:00 H:0b L:8f LY:8a SP:dff3  Cy:23459260
0745:  FE 90     CP   #90h           A:fc B:fc C:4c D:00 E:d8 F:00 H:0b L:8f LY:8a SP:dff3  Cy:23459272
0747:  20 F5     JR   NZ,#FFFFFFF5h  A:fc B:fc C:4c D:00 E:d8 F:40 H:0b L:8f LY:8b SP:dff3  Cy:23459280
073E:  03        INC  BC             A:fc B:fc C:4c D:00 E:d8 F:40 H:0b L:8f LY:8b SP:dff3  Cy:23459292
073F:  78        LD   A,B            A:fc B:fc C:4d D:00 E:d8 F:40 H:0b L:8f LY:8b SP:dff3  Cy:23459300
0740:  B1        OR   C              A:fc B:fc C:4d D:00 E:d8 F:40 H:0b L:8f LY:8c SP:dff3  Cy:23459304
0741:  28 06     JR   Z,#06h         A:fd B:fc C:4d D:00 E:d8 F:00 H:0b L:8f LY:8c SP:dff3  Cy:23459308
0743:  F0 44     LDH  A,(#44h)       A:fd B:fc C:4d D:00 E:d8 F:00 H:0b L:8f LY:8c SP:dff3  Cy:23459320
0745:  FE 90     CP   #90h           A:fd B:fc C:4d D:00 E:d8 F:00 H:0b L:8f LY:8d SP:dff3  Cy:23459332
0747:  20 F5     JR   NZ,#FFFFFFF5h  A:fd B:fc C:4d D:00 E:d8 F:40 H:0b L:8f LY:8d SP:dff3  Cy:23459340
073E:  03        INC  BC             A:fd B:fc C:4d D:00 E:d8 F:40 H:0b L:8f LY:8d SP:dff3  Cy:23459352
073F:  78        LD   A,B            A:fd B:fc C:4e D:00 E:d8 F:40 H:0b L:8f LY:8e SP:dff3  Cy:23459360
0740:  B1        OR   C              A:fc B:fc C:4e D:00 E:d8 F:40 H:0b L:8f LY:8e SP:dff3  Cy:23459364
0741:  28 06     JR   Z,#06h         A:fe B:fc C:4e D:00 E:d8 F:00 H:0b L:8f LY:8e SP:dff3  Cy:23459368
0743:  F0 44     LDH  A,(#44h)       A:fe B:fc C:4e D:00 E:d8 F:00 H:0b L:8f LY:8e SP:dff3  Cy:23459380
0745:  FE 90     CP   #90h           A:fe B:fc C:4e D:00 E:d8 F:00 H:0b L:8f LY:90 SP:dff3  Cy:23459392
0747:  20 F5     JR   NZ,#FFFFFFF5h  A:fe B:fc C:4e D:00 E:d8 F:40 H:0b L:8f LY:91 SP:dff3  Cy:23459400
073E:  03        INC  BC             A:fe B:fc C:4e D:00 E:d8 F:40 H:0b L:8f LY:92 SP:dff3  Cy:23459412
073F:  78        LD   A,B            A:fe B:fc C:4f D:00 E:d8 F:40 H:0b L:8f LY:93 SP:dff3  Cy:23459420
0740:  B1        OR   C              A:fc B:fc C:4f D:00 E:d8 F:40 H:0b L:8f LY:94 SP:dff3  Cy:23459424
0741:  28 06     JR   Z,#06h         A:ff B:fc C:4f D:00 E:d8 F:00 H:0b L:8f LY:95 SP:dff3  Cy:23459428
0743:  F0 44     LDH  A,(#44h)       A:ff B:fc C:4f D:00 E:d8 F:00 H:0b L:8f LY:96 SP:dff3  Cy:23459440
0745:  FE 90     CP   #90h           A:ff B:fc C:4f D:00 E:d8 F:00 H:0b L:8f LY:97 SP:dff3  Cy:23459452
0747:  20 F5     JR   NZ,#FFFFFFF5h  A:ff B:fc C:4f D:00 E:d8 F:40 H:0b L:8f LY:98 SP:dff3  Cy:23459460
073E:  03        INC  BC             A:ff B:fc C:4f D:00 E:d8 F:40 H:0b L:8f LY:99 SP:dff3  Cy:23459472
073F:  78        LD   A,B            A:ff B:fc C:50 D:00 E:d8 F:40 H:0b L:8f LY:00 SP:dff3  Cy:23459480
0740:  B1        OR   C              A:fc B:fc C:50 D:00 E:d8 F:40 H:0b L:8f LY:00 SP:dff3  Cy:23459484
0741:  28 06     JR   Z,#06h         A:fc B:fc C:50 D:00 E:d8 F:00 H:0b L:8f LY:00 SP:dff3  Cy:23459488
0743:  F0 44     LDH  A,(#44h)       A:fc B:fc C:50 D:00 E:d8 F:00 H:0b L:8f LY:01 SP:dff3  Cy:23459500
0745:  FE 90     CP   #90h           A:fc B:fc C:50 D:00 E:d8 F:00 H:0b L:8f LY:01 SP:dff3  Cy:23459512
0747:  20 F5     JR   NZ,#FFFFFFF5h  A:fc B:fc C:50 D:00 E:d8 F:40 H:0b L:8f LY:01 SP:dff3  Cy:23459520
073E:  03        INC  BC             A:fc B:fc C:50 D:00 E:d8 F:40 H:0b L:8f LY:02 SP:dff3  Cy:23459532
073F:  78        LD   A,B            A:fc B:fc C:51 D:00 E:d8 F:40 H:0b L:8f LY:02 SP:dff3  Cy:23459540
0740:  B1        OR   C              A:fc B:fc C:51 D:00 E:d8 F:40 H:0b L:8f LY:02 SP:dff3  Cy:23459544
0741:  28 06     JR   Z,#06h         A:fd B:fc C:51 D:00 E:d8 F:00 H:0b L:8f LY:03 SP:dff3  Cy:23459548
0743:  F0 44     LDH  A,(#44h)       A:fd B:fc C:51 D:00 E:d8 F:00 H:0b L:8f LY:03 SP:dff3  Cy:23459560
0745:  FE 90     CP   #90h           A:fd B:fc C:51 D:00 E:d8 F:00 H:0b L:8f LY:03 SP:dff3  Cy:23459572
0747:  20 F5     JR   NZ,#FFFFFFF5h  A:fd B:fc C:51 D:00 E:d8 F:40 H:0b L:8f LY:04 SP:dff3  Cy:23459580
073E:  03        INC  BC             A:fd B:fc C:51 D:00 E:d8 F:40 H:0b L:8f LY:04 SP:dff3  Cy:23459592
073F:  78        LD   A,B            A:fd B:fc C:52 D:00 E:d8 F:40 H:0b L:8f LY:04 SP:dff3  Cy:23459600
0740:  B1        OR   C              A:fc B:fc C:52 D:00 E:d8 F:40 H:0b L:8f LY:05 SP:dff3  Cy:23459604
0741:  28 06     JR   Z,#06h         A:fe B:fc C:52 D:00 E:d8 F:00 H:0b L:8f LY:05 SP:dff3  Cy:23459608
0743:  F0 44     LDH  A,(#44h)       A:fe B:fc C:52 D:00 E:d8 F:00 H:0b L:8f LY:05 SP:dff3  Cy:23459620
0745:  FE 90     CP   #90h           A:fe B:fc C:52 D:00 E:d8 F:00 H:0b L:8f LY:06 SP:dff3  Cy:23459632
0747:  20 F5     JR   NZ,#FFFFFFF5h  A:fe B:fc C:52 D:00 E:d8 F:40 H:0b L:8f LY:06 SP:dff3  Cy:23459640
073E:  03        INC  BC             A:fe B:fc C:52 D:00 E:d8 F:40 H:0b L:8f LY:06 SP:dff3  Cy:23459652
073F:  78        LD   A,B            A:fe B:fc C:53 D:00 E:d8 F:40 H:0b L:8f LY:07 SP:dff3  Cy:23459660
0740:  B1        OR   C              A:fc B:fc C:53 D:00 E:d8 F:40 H:0b L:8f LY:07 SP:dff3  Cy:23459664
0741:  28 06     JR   Z,#06h         A:ff B:fc C:53 D:00 E:d8 F:00 H:0b L:8f LY:07 SP:dff3  Cy:23459668
0743:  F0 44     LDH  A,(#44h)       A:ff B:fc C:53 D:00 E:d8 F:00 H:0b L:8f LY:08 SP:dff3  Cy:23459680
0745:  FE 90     CP   #90h           A:ff B:fc C:53 D:00 E:d8 F:00 H:0b L:8f LY:08 SP:dff3  Cy:23459692
0747:  20 F5     JR   NZ,#FFFFFFF5h  A:ff B:fc C:53 D:00 E:d8 F:40 H:0b L:8f LY:08 SP:dff3  Cy:23459700
073E:  03        INC  BC             A:ff B:fc C:53 D:00 E:d8 F:40 H:0b L:8f LY:09 SP:dff3  Cy:23459712
073F:  78        LD   A,B            A:ff B:fc C:54 D:00 E:d8 F:40 H:0b L:8f LY:09 SP:dff3  Cy:23459720
0740:  B1        OR   C              A:fc B:fc C:54 D:00 E:d8 F:40 H:0b L:8f LY:09 SP:dff3  Cy:23459724
0741:  28 06     JR   Z,#06h         A:fc B:fc C:54 D:00 E:d8 F:00 H:0b L:8f LY:0a SP:dff3  Cy:23459728
0743:  F0 44     LDH  A,(#44h)       A:fc B:fc C:54 D:00 E:d8 F:00 H:0b L:8f LY:0a SP:dff3  Cy:23459740
0745:  FE 90     CP   #90h           A:fc B:fc C:54 D:00 E:d8 F:00 H:0b L:8f LY:0a SP:dff3  Cy:23459752
0747:  20 F5     JR   NZ,#FFFFFFF5h  A:fc B:fc C:54 D:00 E:d8 F:40 H:0b L:8f LY:0b SP:dff3  Cy:23459760
073E:  03        INC  BC             A:fc B:fc C:54 D:00 E:d8 F:40 H:0b L:8f LY:0b SP:dff3  Cy:23459772
073F:  78        LD   A,B            A:fc B:fc C:55 D:00 E:d8 F:40 H:0b L:8f LY:0b SP:dff3  Cy:23459780
0740:  B1        OR   C              A:fc B:fc C:55 D:00 E:d8 F:40 H:0b L:8f LY:0c SP:dff3  Cy:23459784
0741:  28 06     JR   Z,#06h         A:fd B:fc C:55 D:00 E:d8 F:00 H:0b L:8f LY:0c SP:dff3  Cy:23459788
0743:  F0 44     LDH  A,(#44h)       A:fd B:fc C:55 D:00 E:d8 F:00 H:0b L:8f LY:0c SP:dff3  Cy:23459800
0745:  FE 90     CP   #90h           A:fd B:fc C:55 D:00 E:d8 F:00 H:0b L:8f LY:0d SP:dff3  Cy:23459812
0747:  20 F5     JR   NZ,#FFFFFFF5h  A:fd B:fc C:55 D:00 E:d8 F:40 H:0b L:8f LY:0d SP:dff3  Cy:23459820
073E:  03        INC  BC             A:fd B:fc C:55 D:00 E:d8 F:40 H:0b L:8f LY:0d SP:dff3  Cy:23459832
073F:  78        LD   A,B            A:fd B:fc C:56 D:00 E:d8 F:40 H:0b L:8f LY:0e SP:dff3  Cy:23459840
0740:  B1        OR   C              A:fc B:fc C:56 D:00 E:d8 F:40 H:0b L:8f LY:0e SP:dff3  Cy:23459844
0741:  28 06     JR   Z,#06h         A:fe B:fc C:56 D:00 E:d8 F:00 H:0b L:8f LY:0e SP:dff3  Cy:23459848
0743:  F0 44     LDH  A,(#44h)       A:fe B:fc C:56 D:00 E:d8 F:00 H:0b L:8f LY:0f SP:dff3  Cy:23459860
0745:  FE 90     CP   #90h           A:fe B:fc C:56 D:00 E:d8 F:00 H:0b L:8f LY:0f SP:dff3  Cy:23459872
0747:  20 F5     JR   NZ,#FFFFFFF5h  A:fe B:fc C:56 D:00 E:d8 F:40 H:0b L:8f LY:0f SP:dff3  Cy:23459880
073E:  03        INC  BC             A:fe B:fc C:56 D:00 E:d8 F:40 H:0b L:8f LY:10 SP:dff3  Cy:23459892
073F:  78        LD   A,B            A:fe B:fc C:57 D:00 E:d8 F:40 H:0b L:8f LY:10 SP:dff3  Cy:23459900
0740:  B1        OR   C              A:fc B:fc C:57 D:00 E:d8 F:40 H:0b L:8f LY:10 SP:dff3  Cy:23459904
0741:  28 06     JR   Z,#06h         A:ff B:fc C:57 D:00 E:d8 F:00 H:0b L:8f LY:11 SP:dff3  Cy:23459908
0743:  F0 44     LDH  A,(#44h)       A:ff B:fc C:57 D:00 E:d8 F:00 H:0b L:8f LY:11 SP:dff3  Cy:23459920
0745:  FE 90     CP   #90h           A:ff B:fc C:57 D:00 E:d8 F:00 H:0b L:8f LY:11 SP:dff3  Cy:23459932
0747:  20 F5     JR   NZ,#FFFFFFF5h  A:ff B:fc C:57 D:00 E:d8 F:40 H:0b L:8f LY:12 SP:dff3  Cy:23459940
073E:  03        INC  BC             A:ff B:fc C:57 D:00 E:d8 F:40 H:0b L:8f LY:12 SP:dff3  Cy:23459952
073F:  78        LD   A,B            A:ff B:fc C:58 D:00 E:d8 F:40 H:0b L:8f LY:12 SP:dff3  Cy:23459960
0740:  B1        OR   C              A:fc B:fc C:58 D:00 E:d8 F:40 H:0b L:8f LY:13 SP:dff3  Cy:23459964
0741:  28 06     JR   Z,#06h         A:fc B:fc C:58 D:00 E:d8 F:00 H:0b L:8f LY:13 SP:dff3  Cy:23459968
0743:  F0 44     LDH  A,(#44h)       A:fc B:fc C:58 D:00 E:d8 F:00 H:0b L:8f LY:13 SP:dff3  Cy:23459980
0745:  FE 90     CP   #90h           A:fc B:fc C:58 D:00 E:d8 F:00 H:0b L:8f LY:14 SP:dff3  Cy:23459992
0747:  20 F5     JR   NZ,#FFFFFFF5h  A:fc B:fc C:58 D:00 E:d8 F:40 H:0b L:8f LY:14 SP:dff3  Cy:23460000
073E:  03        INC  BC             A:fc B:fc C:58 D:00 E:d8 F:40 H:0b L:8f LY:14 SP:dff3  Cy:23460012
073F:  78        LD   A,B            A:fc B:fc C:59 D:00 E:d8 F:40 H:0b L:8f LY:15 SP:dff3  Cy:23460020
0740:  B1        OR   C              A:fc B:fc C:59 D:00 E:d8 F:40 H:0b L:8f LY:15 SP:dff3  Cy:23460024
0741:  28 06     JR   Z,#06h         A:fd B:fc C:59 D:00 E:d8 F:00 H:0b L:8f LY:15 SP:dff3  Cy:23460028
0743:  F0 44     LDH  A,(#44h)       A:fd B:fc C:59 D:00 E:d8 F:00 H:0b L:8f LY:16 SP:dff3  Cy:23460040
0745:  FE 90     CP   #90h           A:fd B:fc C:59 D:00 E:d8 F:00 H:0b L:8f LY:16 SP:dff3  Cy:23460052
0747:  20 F5     JR   NZ,#FFFFFFF5h  A:fd B:fc C:59 D:00 E:d8 F:40 H:0b L:8f LY:16 SP:dff3  Cy:23460060
073E:  03        INC  BC             A:fd B:fc C:59 D:00 E:d8 F:40 H:0b L:8f LY:17 SP:dff3  Cy:23460072
073F:  78        LD   A,B            A:fd B:fc C:5a D:00 E:d8 F:40 H:0b L:8f LY:17 SP:dff3  Cy:23460080
0740:  B1        OR   C              A:fc B:fc C:5a D:00 E:d8 F:40 H:0b L:8f LY:17 SP:dff3  Cy:23460084
0741:  28 06     JR   Z,#06h         A:fe B:fc C:5a D:00 E:d8 F:00 H:0b L:8f LY:18 SP:dff3  Cy:23460088
0743:  F0 44     LDH  A,(#44h)       A:fe B:fc C:5a D:00 E:d8 F:00 H:0b L:8f LY:18 SP:dff3  Cy:23460100
0745:  FE 90     CP   #90h           A:fe B:fc C:5a D:00 E:d8 F:00 H:0b L:8f LY:18 SP:dff3  Cy:23460112
0747:  20 F5     JR   NZ,#FFFFFFF5h  A:fe B:fc C:5a D:00 E:d8 F:40 H:0b L:8f LY:19 SP:dff3  Cy:23460120
073E:  03        INC  BC             A:fe B:fc C:5a D:00 E:d8 F:40 H:0b L:8f LY:19 SP:dff3  Cy:23460132
073F:  78        LD   A,B            A:fe B:fc C:5b D:00 E:d8 F:40 H:0b L:8f LY:19 SP:dff3  Cy:23460140
0740:  B1        OR   C              A:fc B:fc C:5b D:00 E:d8 F:40 H:0b L:8f LY:1a SP:dff3  Cy:23460144
0741:  28 06     JR   Z,#06h         A:ff B:fc C:5b D:00 E:d8 F:00 H:0b L:8f LY:1a SP:dff3  Cy:23460148
0743:  F0 44     LDH  A,(#44h)       A:ff B:fc C:5b D:00 E:d8 F:00 H:0b L:8f LY:1a SP:dff3  Cy:23460160
0745:  FE 90     CP   #90h           A:ff B:fc C:5b D:00 E:d8 F:00 H:0b L:8f LY:1b SP:dff3  Cy:23460172
0747:  20 F5     JR   NZ,#FFFFFFF5h  A:ff B:fc C:5b D:00 E:d8 F:40 H:0b L:8f LY:1b SP:dff3  Cy:23460180
073E:  03        INC  BC             A:ff B:fc C:5b D:00 E:d8 F:40 H:0b L:8f LY:1b SP:dff3  Cy:23460192
073F:  78        LD   A,B            A:ff B:fc C:5c D:00 E:d8 F:40 H:0b L:8f LY:1c SP:dff3  Cy:23460200
0740:  B1        OR   C              A:fc B:fc C:5c D:00 E:d8 F:40 H:0b L:8f LY:1c SP:dff3  Cy:23460204
0741:  28 06     JR   Z,#06h         A:fc B:fc C:5c D:00 E:d8 F:00 H:0b L:8f LY:1c SP:dff3  Cy:23460208
0743:  F0 44     LDH  A,(#44h)       A:fc B:fc C:5c D:00 E:d8 F:00 H:0b L:8f LY:1d SP:dff3  Cy:23460220
0745:  FE 90     CP   #90h           A:fc B:fc C:5c D:00 E:d8 F:00 H:0b L:8f LY:1d SP:dff3  Cy:23460232
0747:  20 F5     JR   NZ,#FFFFFFF5h  A:fc B:fc C:5c D:00 E:d8 F:40 H:0b L:8f LY:1d SP:dff3  Cy:23460240
073E:  03        INC  BC             A:fc B:fc C:5c D:00 E:d8 F:40 H:0b L:8f LY:1e SP:dff3  Cy:23460252
073F:  78        LD   A,B            A:fc B:fc C:5d D:00 E:d8 F:40 H:0b L:8f LY:1e SP:dff3  Cy:23460260
0740:  B1        OR   C              A:fc B:fc C:5d D:00 E:d8 F:40 H:0b L:8f LY:1e SP:dff3  Cy:23460264
0741:  28 06     JR   Z,#06h         A:fd B:fc C:5d D:00 E:d8 F:00 H:0b L:8f LY:1f SP:dff3  Cy:23460268
0743:  F0 44     LDH  A,(#44h)       A:fd B:fc C:5d D:00 E:d8 F:00 H:0b L:8f LY:1f SP:dff3  Cy:23460280
0745:  FE 90     CP   #90h           A:fd B:fc C:5d D:00 E:d8 F:00 H:0b L:8f LY:1f SP:dff3  Cy:23460292
0747:  20 F5     JR   NZ,#FFFFFFF5h  A:fd B:fc C:5d D:00 E:d8 F:40 H:0b L:8f LY:20 SP:dff3  Cy:23460300
073E:  03        INC  BC             A:fd B:fc C:5d D:00 E:d8 F:40 H:0b L:8f LY:20 SP:dff3  Cy:23460312
073F:  78        LD   A,B            A:fd B:fc C:5e D:00 E:d8 F:40 H:0b L:8f LY:20 SP:dff3  Cy:23460320
0740:  B1        OR   C              A:fc B:fc C:5e D:00 E:d8 F:40 H:0b L:8f LY:21 SP:dff3  Cy:23460324
0741:  28 06     JR   Z,#06h         A:fe B:fc C:5e D:00 E:d8 F:00 H:0b L:8f LY:21 SP:dff3  Cy:23460328
0743:  F0 44     LDH  A,(#44h)       A:fe B:fc C:5e D:00 E:d8 F:00 H:0b L:8f LY:21 SP:dff3  Cy:23460340
0745:  FE 90     CP   #90h           A:fe B:fc C:5e D:00 E:d8 F:00 H:0b L:8f LY:22 SP:dff3  Cy:23460352
0747:  20 F5     JR   NZ,#FFFFFFF5h  A:fe B:fc C:5e D:00 E:d8 F:40 H:0b L:8f LY:22 SP:dff3  Cy:23460360
073E:  03        INC  BC             A:fe B:fc C:5e D:00 E:d8 F:40 H:0b L:8f LY:22 SP:dff3  Cy:23460372
073F:  78        LD   A,B            A:fe B:fc C:5f D:00 E:d8 F:40 H:0b L:8f LY:23 SP:dff3  Cy:23460380
0740:  B1        OR   C              A:fc B:fc C:5f D:00 E:d8 F:40 H:0b L:8f LY:23 SP:dff3  Cy:23460384
0741:  28 06     JR   Z,#06h         A:ff B:fc C:5f D:00 E:d8 F:00 H:0b L:8f LY:23 SP:dff3  Cy:23460388
0743:  F0 44     LDH  A,(#44h)       A:ff B:fc C:5f D:00 E:d8 F:00 H:0b L:8f LY:24 SP:dff3  Cy:23460400
0745:  FE 90     CP   #90h           A:ff B:fc C:5f D:00 E:d8 F:00 H:0b L:8f LY:24 SP:dff3  Cy:23460412
0747:  20 F5     JR   NZ,#FFFFFFF5h  A:ff B:fc C:5f D:00 E:d8 F:40 H:0b L:8f LY:24 SP:dff3  Cy:23460420
073E:  03        INC  BC             A:ff B:fc C:5f D:00 E:d8 F:40 H:0b L:8f LY:25 SP:dff3  Cy:23460432
073F:  78        LD   A,B            A:ff B:fc C:60 D:00 E:d8 F:40 H:0b L:8f LY:25 SP:dff3  Cy:23460440
0740:  B1        OR   C              A:fc B:fc C:60 D:00 E:d8 F:40 H:0b L:8f LY:25 SP:dff3  Cy:23460444
0741:  28 06     JR   Z,#06h         A:fc B:fc C:60 D:00 E:d8 F:00 H:0b L:8f LY:26 SP:dff3  Cy:23460448
0743:  F0 44     LDH  A,(#44h)       A:fc B:fc C:60 D:00 E:d8 F:00 H:0b L:8f LY:26 SP:dff3  Cy:23460460
0745:  FE 90     CP   #90h           A:fc B:fc C:60 D:00 E:d8 F:00 H:0b L:8f LY:26 SP:dff3  Cy:23460472
0747:  20 F5     JR   NZ,#FFFFFFF5h  A:fc B:fc C:60 D:00 E:d8 F:40 H:0b L:8f LY:27 SP:dff3  Cy:23460480
073E:  03        INC  BC             A:fc B:fc C:60 D:00 E:d8 F:40 H:0b L:8f LY:27 SP:dff3  Cy:23460492
073F:  78        LD   A,B            A:fc B:fc C:61 D:00 E:d8 F:40 H:0b L:8f LY:27 SP:dff3  Cy:23460500
0740:  B1        OR   C              A:fc B:fc C:61 D:00 E:d8 F:40 H:0b L:8f LY:28 SP:dff3  Cy:23460504
0741:  28 06     JR   Z,#06h         A:fd B:fc C:61 D:00 E:d8 F:00 H:0b L:8f LY:28 SP:dff3  Cy:23460508
0743:  F0 44     LDH  A,(#44h)       A:fd B:fc C:61 D:00 E:d8 F:00 H:0b L:8f LY:28 SP:dff3  Cy:23460520
0745:  FE 90     CP   #90h           A:fd B:fc C:61 D:00 E:d8 F:00 H:0b L:8f LY:29 SP:dff3  Cy:23460532
0747:  20 F5     JR   NZ,#FFFFFFF5h  A:fd B:fc C:61 D:00 E:d8 F:40 H:0b L:8f LY:29 SP:dff3  Cy:23460540
073E:  03        INC  BC             A:fd B:fc C:61 D:00 E:d8 F:40 H:0b L:8f LY:29 SP:dff3  Cy:23460552
073F:  78        LD   A,B            A:fd B:fc C:62 D:00 E:d8 F:40 H:0b L:8f LY:2a SP:dff3  Cy:23460560
0740:  B1        OR   C              A:fc B:fc C:62 D:00 E:d8 F:40 H:0b L:8f LY:2a SP:dff3  Cy:23460564
0741:  28 06     JR   Z,#06h         A:fe B:fc C:62 D:00 E:d8 F:00 H:0b L:8f LY:2a SP:dff3  Cy:23460568
0743:  F0 44     LDH  A,(#44h)       A:fe B:fc C:62 D:00 E:d8 F:00 H:0b L:8f LY:2b SP:dff3  Cy:23460580
0745:  FE 90     CP   #90h           A:fe B:fc C:62 D:00 E:d8 F:00 H:0b L:8f LY:2b SP:dff3  Cy:23460592
0747:  20 F5     JR   NZ,#FFFFFFF5h  A:fe B:fc C:62 D:00 E:d8 F:40 H:0b L:8f LY:2b SP:dff3  Cy:23460600
073E:  03        INC  BC             A:fe B:fc C:62 D:00 E:d8 F:40 H:0b L:8f LY:2c SP:dff3  Cy:23460612
073F:  78        LD   A,B            A:fe B:fc C:63 D:00 E:d8 F:40 H:0b L:8f LY:2c SP:dff3  Cy:23460620
0740:  B1        OR   C              A:fc B:fc C:63 D:00 E:d8 F:40 H:0b L:8f LY:2c SP:dff3  Cy:23460624
0741:  28 06     JR   Z,#06h         A:ff B:fc C:63 D:00 E:d8 F:00 H:0b L:8f LY:2d SP:dff3  Cy:23460628
0743:  F0 44     LDH  A,(#44h)       A:ff B:fc C:63 D:00 E:d8 F:00 H:0b L:8f LY:2d SP:dff3  Cy:23460640
0745:  FE 90     CP   #90h           A:ff B:fc C:63 D:00 E:d8 F:00 H:0b L:8f LY:2d SP:dff3  Cy:23460652
0747:  20 F5     JR   NZ,#FFFFFFF5h  A:ff B:fc C:63 D:00 E:d8 F:40 H:0b L:8f LY:2e SP:dff3  Cy:23460660
073E:  03        INC  BC             A:ff B:fc C:63 D:00 E:d8 F:40 H:0b L:8f LY:2e SP:dff3  Cy:23460672
073F:  78        LD   A,B            A:ff B:fc C:64 D:00 E:d8 F:40 H:0b L:8f LY:2e SP:dff3  Cy:23460680
0740:  B1        OR   C              A:fc B:fc C:64 D:00 E:d8 F:40 H:0b L:8f LY:2f SP:dff3  Cy:23460684
0741:  28 06     JR   Z,#06h         A:fc B:fc C:64 D:00 E:d8 F:00 H:0b L:8f LY:2f SP:dff3  Cy:23460688
